1911591016	https://www.ocregister.com/2021/02/09/orange-countys-coronavirus-metrics-further-ease-since-new-year-spike/
1431802992	https://www.ocregister.com/wp-content/plugins/dfm_zeus/assets/dist/zeus-adapter.js?m=1651614371g
836606086	https://www.ocregister.com/_static/??/wp-content/plugins/dfm_zeus/assets/dist/dfm-zeus-bundle.js,/wp-content/client-mu-plugins/src/SSO/assets/js/sso-tools.min.js?m=1651614371j
3237597080	https://www.ocregister.com/wp-content/plugins/loader-wp/static/loader.min.js?ver=1.0.6.3
2127506293	https://www.ocregister.com/_static/??-eJyt0EsKAjEMBuAL2ZZBHZmFuPUatYaa0qZDk6LHN7MQEQQXziqPn3yLuPtsQiUBEjfnHpHYFYrGd7npDoMXrORYtIYviS0eyV46XTPYxBv3r6fHBA9Zk1xayVC08ppux7NfsPYDZRQwH0MNDSKyQHvx6Z3Yoh9NfCrHYdwPh3Gatrv0BEBsod4=
3003233447	https://www.ocregister.com/wp-content/plugins/dfm-ad-mods/static/js/hhsl-check.min.js?m=1651614371g
1131263811	https://c.amazon-adsystem.com/aax2/apstag.js
1215062457	https://cdn.auth0.com/js/auth0-spa-js/1.13/auth0-spa-js.production.js?ver=5.9.3
1014273001	https://cmp.osano.com/16A1AnRt2Fn8i1unj/1edc45d9-1a78-48b2-9035-037b31df744a/osano.js
4010483547	https://ajax.googleapis.com/ajax/libs/jquery/3.5.1/jquery.min.js?ver=3.5.1
1036382527	https://cdn.p-n.io/pushly-sdk.min.js?domain_key=2CsUkhlESGpQT9Lisdtl69NTdJ5p7WIBUvJq&ver=5.9.3
2615332151	eval2709450609235018674
411249852	https://u066.ocregister.com/script.js
3942405875	https://www.ocregister.com/_static/??-eJyVj0tuwzAMRC9UmXDz6aroUQrFYhK6FCmQUgL79IkDeNE2i3Y7nDecgWsJg0pFqVC4nUgc0jF/ztgcojtWB7cBxoccFjlkTd5lkm70F3jCl7NWlSMxwwUlqUGhoTbDRfofyHGenGb89o9k4JbQH6XI62o2PKGgxaoWrEmljH/B7qeiPP0s98t+Vv16uju3sC5YsqI58hQ23SscGnEC1pjQ7tRHfu/3u37fbzdv/XgDRQeNbw==
3636479376	https://cdn.parsely.com/keys/ocregister.com/p.js?ver=3.2.1
3059274823	https://www.ocregister.com/_static/??-eJydzk0KwjAQQOELmQ71p9KFeJY0SdvUzExwpoq3N6ALBRHr9sEHD67ZOCYNpKBjwCBgRYIKiFqNDiYBx4hMlRtnOlUYqZpkBT+4zOnWx5RkCeo4ece2hPSFlYJWmF5g4oFNxMFY1fMnmtM8RBLwPRrrDbKXN17a42Y5ljVdog/8h8ys5foJj3iom129b9p2s53uHoqYbA==
3500924666	https://cdn.viafoura.net/vf-v2.js?ver=2.0
569384369	https://www.ocregister.com/_static/??/wp-content/plugins/dfm-viafoura-prototype/static/js/dfm-viafoura.bundle.js,/wp-content/mu-plugins/jetpack-10.9/_inc/build/sharedaddy/sharing.min.js?m=1651769934j
4153282251	https://www.ocregister.com/wp-includes/js/wp-emoji-release.min.js?ver=5.9.3
3377039810	https://mng-ocregister.zeustechnology.com/main.js
2157457439	https://stats.wp.com/e-202218.js
464115206	https://az416426.vo.msecnd.net/scripts/a/ai.0.js
794442526	https://www.googletagmanager.com/gtm.js?id=GTM-TLFP4R
278923959	eval13286000862076240230
977455315	eval17713160484567498138
273734245	noname7422271112445433903
2062948375	noname11634856918168667518
3248092891	https://static.criteo.net/js/ld/publishertag.js
1075163998	eval16708930773276848142
2708056745	https://ads.pubmatic.com/AdServer/js/userSync.js
3823043270	https://securepubads.g.doubleclick.net/tag/js/gpt.js
375853057	https://secure.quantserve.com/quant.js
2329104070	https://b-code.liadm.com/a-05gh.min.js
1082198745	https://confiant-integrations.global.ssl.fastly.net/3IyQ81Wnn-d6bieQLuWeDuN4PWM/gpt_and_prebid/config.js
2604398727	https://ats.rlcdn.com/ats.js
3359595496	https://u066.ocregister.com/plugin/plugin/9ccc82fbb6f1e3cff0dda9f71229caaa
719062087	https://securepubads.g.doubleclick.net/gpt/pubads_impl_2022050201.js
3953045983	https://g2insights-cdn.azureedge.net/prod/dfm/g2i.min.js?
1432452981	https://cdn.ayc0zsm69431gfebd.xyz/prod/dfm/t8y9347t.min.js?
553658503	https://fp-cdn.azureedge.net/prod/dfm/fp.min.js?
3587858173	https://u066.ocregister.com/plugin/library/855e0136cac435f602a83e8ef44f7e90
3329800204	https://www.google-analytics.com/analytics.js
4112017871	https://www.google-analytics.com/gtm/optimize.js?id=GTM-MHF7NT7
3692641076	https://www.ocregister.com/wp-content/themes/assets/static/js/common.chunk.min.js
3495180914	https://www.ocregister.com/wp-content/themes/assets/static/js/common-async.chunk.min.js
1111666174	https://www.ocregister.com/wp-content/themes/assets/static/js/boldcoastal-async.chunk.min.js
2800143248	https://confiant-integrations.global.ssl.fastly.net/gptprebidnative/202205031234/wrap.js
818117162	https://b-code.liadm.com/sync-container.js
3418168765	eval4770444234082033402
2187631862	noname8612563598895791836
3067501928	noname4175749054192345716
1682665626	eval4375611787626982792
2466975815	eval12310889644411231460
1528776080	eval3393139236105703759
2918358121	eval1085554478341632635
3428797547	eval2791228129935912270
3618894459	eval3807678787697936942
3889459418	eval8157664564867667263
3692702320	eval18364963554266753537
1858000537	eval9604314890724706659
2820894935	https://www.googletagmanager.com/gtm.js?id=GTM-NFD2QGD&l=MG2DL
829754501	https://api.circularhub.com/22834/195/circularhub_module.js
185219145	https://www.google-analytics.com/plugins/ua/linkid.js
2675609832	https://assets.bounceexchange.com/assets/bounce/iframebuster.js
3857237271	https://www.googletagservices.com/activeview/js/current/rx_lidar.js?cache=r20110914
2802381213	noname14029649527631831323
1685650872	eval16139236803193631549
434863499	noname8988906920300900816
3694351765	https://cdn.ayc0zsm69431gfebd.xyz/prod/dfm/vendors~Auth0UniversalLoginAuthSystem.js
3408573892	https://cdn.ayc0zsm69431gfebd.xyz/prod/dfm/Auth0UniversalLoginAuthSystem.js
3118580068	https://tag.bounceexchange.com/3995/i.js
3338471994	https://cdn.viafoura.net/chunks/languages/en-us-base-json.f2d22cc6faacdf63ec0e.js
3568369952	https://cdn.viafoura.net/chunks/vendors~languages/intl-messageformat.1f99ec37395df9d69d10.js
3474701361	https://cdn.viafoura.net/chunks/languages/intl-messageformat.e1a2ee216f919d11a6ae.js
694794427	https://assets.bounceexchange.com/assets/smart-tag/versioned/br-ijs_all_modules_cjs_min_78fa01f79ccac624a0a6251a69352b99.js
4089282047	https://cdn.viafoura.net/chunks/vf-css.3762820f5c7177156155.js
1772305502	eval4586369364585978903
2881469139	eval6178475810816171840
4291997021	eval4772601150734697891
1474342696	eval7910874177250784581
4035561934	eval13326599851063772955
869909664	eval14401701354916801893
717439302	eval8613341694689881884
1179171684	eval6947368614333724777
2795660831	eval13216495376987332014
1989673577	https://cdn.viafoura.net/chunks/languages/en-us-trending_articles-json.c46eeaab0f754fa69bd5.js
3367330165	https://cdn.viafoura.net/chunks/languages/en-us-conversations-json.660111fbb06eb9cd6f08.js
2191573101	https://cdn.viafoura.net/chunks/da.07a65bceaf50632d976b.js
955372644	https://cdn.viafoura.net/chunks/tray-trigger.c29c53e7c9cf42c87dd5.js
2733280549	eval801503688201280523
617111200	eval11214504392348201225
2822054295	eval6743715748248529323
3266517671	eval1304504993720715405
2015279352	eval10647637862866173510
2545221198	eval7475762434628925449
962316932	https://cdn.viafoura.net/chunks/vuex_store/content-module-js.a1987da0167e425e43ee.js
20345479	https://tpc.googlesyndication.com/sodar/sodar2.js
3471812114	https://rdc.m32.media/madops.min.js
1907312438	https://js-sec.indexww.com/ht/p/185707-19209563922117.js
2187870125	https://ib.3lift.com/sync.js
3664942726	https://connect.facebook.net/en_US/fbevents.js
1868294773	https://d1wa9546y9kg0n.cloudfront.net/index.js
2771225051	https://widgets.outbrain.com/outbrain.js
2439216687	https://s.ntv.io/serve/load.js
2626239074	eval1229399043822001353
1715456614	eval2648539241848587756
2787391888	https://ads.pubmatic.com/AdServer/js/pwt/156512/6397/pwt.js
2736086055	eval9266777309889331944
973000616	eval13602788656819287431
2271518633	eval628321402938131601
3238468333	eval7030144948959255464
666454693	eval11345289201073154012
3309904688	eval9826719196447758024
2000707963	eval10407654970703062158
3849356738	eval486543097381486389
3071926291	eval8973821302635508878
720294721	eval10899101585849560871
534599974	eval3667347598406132329
1074346371	eval16734494586741211481
4280177642	eval6941398238291771547
3310903467	eval10177348945620315988
2168509817	eval16970271089876970223
4157076357	eval5666046308564203672
2131520103	eval16198772606394805280
1138281635	eval3051955430104907687
3859182120	eval4061556232480649606
29332580	eval16860572839897911427
166186481	eval17466331513748423941
3510306541	eval8814935569905530850
1662414721	eval8205780104668326563
165236580	eval12754655671928142833
2629862994	eval11004868834250672005
705300013	eval16922459274449562032
4177047081	eval3135508987706031728
1224785250	eval8353361374913138660
293549942	eval13172896010684001825
4154981674	eval15007130220644756582
1986198892	eval13366772980723437130
857505669	eval8056930024911238123
3906707758	eval5053808215041888011
3344863887	eval5603687136757076373
2851752229	eval9332308899091350747
2615406106	eval11438366053299781370
558347201	eval13283108447665801103
504066184	eval17934502673481556678
1739464365	eval6909860733447912843
1308486239	eval11297592781497382054
876250374	eval17071499846480395743
1491441792	eval991745039715499840
1602594070	eval14308037871213597164
1635240756	eval11229879740689350822
1676403118	https://api.bounceexchange.com/bounce/reloadCampaigns.js?wklzs=1194&wklz=C4ewVgigvAZgrgOwMbAJYgQMhQZygRgDYBWfAdgA4AGKigTgGZzNgAvEKAFgCYrMB3AKYAjHKmCCA+qgAmUBnTrFMAJ0E4QAGzhoMUCpQAeFTsrUxBKtSqjYAhps2oEAc0lwVmqAAtgwAA44AKQMAIJB3ABiEZH8cQB0IEhqLqg4EirxSCAAtjG83PgxVNzFdDEgKnauggC02YjAAJ449ZUYdgBuqCpwrTmCwCqoSK3wKsDelrWCdjh1Ysh1CIL8tU2zKrU4-qgA1oIxmN1iwJLZIHuoglBBZABCEdya-k8h4dzcvgHB3MRhEWIUUBUTi-ESyUEqXSliyuRBkQKRT+URKCKo5RRkUq1RcdQaCGarWyKg63V6-UGw1GtXGk2ms3m22cSGWq3Wm22uwOCLe3AAwk8VG8AZ83mQACLYECXa63B5PGQuSI9dIAGRAdhkItCQzghwFT28dhUMgAkhKdU9uBRNHR8NwAMpgABa3gAosIAI78ADioQAGpoANJNbGoACaAYQVD5gs+GhgwAtVs+Ns0FH4aoAsvyABL3M3B4SROCsM0RuB2CMAJQAcqEAFKRWNiw2fJVWhWfNIABTU3RAfX5fVAA2FYrCMAc8wi8e4aUdcFEyVQwksOunmlnkrnTxgnWAOqIpEoNAMe8+3W1k9CJ-I1FoZCUZCBDEv3DsIB1rfnL1TXx+IEgKikC0RYmCEIpGkGRwnkWJIuipRYhiCI4jUbSNC0bSkggXQ9H0tQDEMIxjB49JbIyCwsmyawbCaXL7AaYFxk8cw-h+nT+J0x4fjepSitw-EfhOAkfMhyHzkgh7HiQD7nmQH5iMJYSSU8LjJDqmLzvBYm-oqsgAQYhD4AwDDEHJFD4LQL42qxnyaDJt73meT53FKnQmjgADa-h2HikjNP4ggALqwDOgjHF53k5CAMgOJIJxrpooXhdukWeSoPlaolaTJaleoZdFMgwP4kgqMImhJHsYUICAZxqFqTTSrKUigCAkiaCaeJpfMmDCP4UB8IMg3eQARCaaBIClY0ADRjUgdgSC4lRNHNY3eLkghjSFmD+MAeDSjk-hONUrKSDAXUuLYnTGrY3GyAQqiaEFNw5UllWCLNJVlRVVVIHsz14QMUCZagdifZgxqmtIcjpvaTquh63p+oGIZhiAkbRnwiZnI96aZjm+aFsWpblpW1b1k2LZAA
2574531413	https://connect.facebook.net/signals/config/2172602973018658?v=2.9.58&r=stable
2581024840	https://api.bounceexchange.com/bounce/reloadCampaigns.js?wklzs=1246&wklz=C4ewVgigvAZgrgOwMbAJYgQMhQZygRgDYBWfAdgA4AGKgTnwGY7NgAvEKAFgCYrMB3AKYAjHKmCCA+qgAmUBrVrFMAJ0E4QAGzhoMUCpQAeFTsrUxBKtSqjYAhps2oEAc0lwVmqAAtgwAA44AKQMAIJB3ABiEZH8cQB0IEhqLqg4EirxSCAAtjG83PgxVNzFtDEgKnauggC02YjAAJ449ZUYdgBuqCpwrTmCwCqoSK3wKsDelrWCdjh1Ysh1CIL8tU2zKrU4-qgA1oIxmN1iwJLZIHuoglBBZABCEdya-k8h4dzcvgHB3MRhEWIUUBUTi-ESyUEqXSliyuRBkQKRT+URKCLoCMq1RcdQaCGarWyKg63V6-UGw1GtXGk2ms3m22cSGWq3Wm22uwOCLe3AAwk8VG8AZ83mQACLYECXa63B5PGQuSI9dIAGRAdhkQtCQzghz5T28dhUMgAkmKtU9uBRNPRuABlMAALW8AFFhABHfgAcVCAA1NABpJqRECoACavoQVB5-M+GhgwDNFs+Vs0FH4KoAsryABL3E0B4SROCsE1huB2MMAJQAcqEAFKRaMi-WfBUWuWfNIABTU3RAfV5fVAA0FIrCMAc8wise4aTtcFEyVQwksWsnmmn4pnTxgnWAWqIpEoNAMO8+3U149CR-I1CoBiUZCBDHP3DsIC1zdnL2TXz8gSAsKQLRCisQJEkKRpBkcJ5GBSLoqUYEYmBWI1G0jQtG0xIIF0PR9LUAxDCMYweLSWz0gsTIsmsGxGhy+x6iBMZPHMX5vp0-idIeb5XqUwrcHxb5jvxHxIUhs5IPuh4kHep5kG+YhCWEr6ttwLjJFq5RqXBonfvKsh-gYhCMAwxCyRQ+APk+VosZ8mjSdet4ng+CniscRo4AA2v4dg4pIzT+IIAC6sBToIHkqN5OQgDIDiSCcK6aCFYWbhFnSeV5GoJWkSUpTq6WZTIMD+JIKjCJoSR7KFDiVfwkrSlIoAgJImhGjiqXzJgwj+FAfCDL1XkAERGmgSDJUNAA0Q1IHYEguJUTRTUN3i5IIQ3BZg-jAHgko5P4TjVMykgwG1Li2MV-heaFxCKJwJAMPgFAMJgl3XVA-yECZnBkE9+CvSV72EDQDAUIQZBkMDANXTdiiWcQPC0GQxyGrYXGyAQqiaIFNyXWVFVVVjuEDFAGXDHYFURYaxrSHIqa2g6zpup6Pr+kGIbhpGfDxmcGOpumWa5vmhbFqW5aVrWDZNkAA
1385680844	https://cdn.viafoura.net/chunks/trending_articles_js.69d86ef05441eea58038.js
2161255540	https://cdn.viafoura.net/chunks/vuex_store/trending_articles-module-js.c035f520605481fe9347.js
3207076415	https://z.moatads.com/nativo483ETsY34/moatad.js?moatClientLevel1=26217&moatClientLevel2=150608&moatClientLevel3=491285&moatClientLevel4=5536816&moatClientSlicer1=11442&moatClientSlicer2=0&ntvDomSearch=ntv1057046-491285-19613
1693928550	https://cdn.viafoura.net/chunks/vendors~chat_js~comments_js~liveblog_js.77e8d90df0b78201eadc.js
2534864327	https://cdn.viafoura.net/chunks/vendors~comments_js~liveblog_js.ae18dbaa99cb77c35b41.js
3909353335	https://cdn.viafoura.net/chunks/default~chat_js~comments_js~liveblog_js.615fd9491b4582ddf8fb.js
775833246	https://cdn.viafoura.net/chunks/comments_js.2f73864635c14cae5f3a.js
2831870671	https://cdn.viafoura.net/chunks/vuex_store/livecomments-module-js.07b5925ffe477b4acf41.js
18986876	https://cdn.viafoura.net/chunks/vuex_store/content_container-module-js.a3ae044cf6039450455e.js
3275830195	https://cdn.viafoura.net/chunks/vuex_store/threads-module-js.7cf87e6bdad4eb34a133.js
376240293	https://cdn.viafoura.net/chunks/vuex_store/interaction-module-js.b11b149c211fd764970c.js
2997762014	https://connect.facebook.net/signals/config/1060502780777063?v=2.9.58&r=stable
4209431039	eval16424628259555643818
3523448962	https://libs.outbrain.com/vidget/vidget.js?e=1
2202229567	https://widgets.outbrain.com/nanoWidget/2000701/module/streamFeed.js?e=1
3159039606	https://widgets.outbrain.com/nanoWidget/2000701/module/userZapping.js?e=1
2445975560	https://cdn.viafoura.net/chunks/vendors~content_recirculation_js.d5f43da7c0b6926e7759.js
1705076305	https://cdn.viafoura.net/chunks/content_recirculation_js.80ed3337e96bedb60310.js
3753673607	https://widgets.outbrain.com/nanoWidget/2000701/module/clip.js?e=1
3262554503	https://widgets.outbrain.com/nanoWidget/2000701/module/reel.js?e=1
2441145061	https://widgets.outbrain.com/nanoWidget/2000701/module/singleAnimationOnFeed.js?e=1
161865935	https://ob.cheqzone.com/placement_invocation?id=87158&idx=0
23149481	eval18086153959147675503
90610028	noname5628367608666114284
2907785138	noname9631460329676796820
2484578076	noname11237444569384016063
4210561352	https://api.bounceexchange.com/bounce/reloadCampaigns.js?wklzs=1196&wklz=C4ewVgigvAZgrgOwMbAJYgQMhQZygRgDYBWfAdgA4AGKiigZioCZNgAvEKAFiaswHcApgCMcqYIID6qACZR6ATgXFMAJ0E4QAGzhoMUCpQAeFLivUxBq9aqjYAhlq2oEAc0lxVWqAAtgwAAccAFJ6AEFgpgAxSKj+eIA6ECR1V1QcCVUEpBAAW1jeJnxY5hKFWJBVezdBAFocxGAATxx6yox7ADdUVThW3MFgVVQkVvhVYB8rWsF7HDqxZDqEQX5aptnVWpwA1ABrQVjMbrFgSRyQPdRBKGCyACFIpi0Ap9CIpiY-QJCmYnDIsRooDovF+EkUoI0hkrNk8iCooVin9oqUUVEqOV0ZVqq46g0EM1WjlVB1ur1+oNhqNauNJtNZvNti4kMtVutNttdgcEW8mABhJ6qN4Az5vMgAEWwIEu11uDyeMlcUR6GQAMiB7DIRWEhnBDgKnj57KoZABJCU6p5MChaBRUEBhABqACkJWwAHKdJr84AAaQQYC0HuAcDVWiufMFn00MGAFqtnxtWgo-DVAFl+QAJe5mv3CKJwNhmgCacHsJYASh6wi6MVHFa4rQrPukAArqbogPr8vqgAbCsXhGCOeaRaNMdIAZTgohSqGEVh1I60Y8l46eME6wB1RFIlBoFEIG8+3W1Q7Ce-I1FohCY9HwXEfJ6Y9hAOqoL5eia+-iCgNFIEYnRMEIVSdJMjhfJ0SRBE0SAzEERxGo2kaFo2lJBAuh6PpagGIYRjGTx6S2RkFhZNk1g2E0uX2A0gIbT45g-F9OgCTpdxfc8mHeRVGKYQceNFHixUNT4kG3XcSGvQ9jzEpgxG494RInVwUh1YgX2goSwk-eSZFkH8mEICgFDIBRFB4MhiDMMhMSPfitEki8rwPW87ilToTRwABtAJ7DxSRmgCQQAF1YFHQRjm8nzchAGRHEkE4Fy0MKItXKKvNUXytSS9IUrSvVMpimQYACSRVGELRkj2cKEBAM51C1JppVlKRQBASQtBNPF0vmTBhACKA+EGIafIAIhNNAkFS8aABpxqQewJFcSomnm8afDyQRxtCzAAmAPBpVyAJnGqVlJBgbrXDsTpjTsdjZAINQtGCm5cuSqrBDm0rysq6qkD2F6sIGKAstQewvswY1TWkORk3tR1XXdL0fX9QNg1DcMrkwWMzie5NUwzbNc3zQtizLCtq1rDEgA
619287977	https://api.bounceexchange.com/bounce/reloadCampaigns.js?wklzs=1271&wklz=C4ewVgigvAZgrgOwMbAJYgQMhQZygRgDYBWfAdgA4AGKiisgJkM2AC8QoAWBqzAdwCmAIxypgAgPqoAJlADMATgXFMAJwE4QAGzhoMUehQAeFTivUwBq9aqjYAhlq2oEAcwlxVWqAAtgwAAccAFI5AEFghgAxSKi+eIA6ECR1V1QccVUEpBAAW1ieBnxYqgYShViQVXs3AQBaHMRgAE8cBqqMewA3VFU4NtyBYFVUJDb4VWAfKzqBexx60WR6hAE+Oua51TqcANQAawFYzB7RYAkckH3UAShgsgAhSIYtAOfQiIYGP0CQhmJwpFiNEgdF4nwkikBGkMlZsnlQVFCsV-tFSoiqBVUVEqjVXPVGggWm0cqpOj0+gMhiMxnUJlMZnMFjsXEgVmsNlsdntDoj3gwAMLPVTvQFfflCr4LVyiiLEJ7EAAi90V2BAVxud0ez2kriivQyABkQPZpLLhnAjoLnj57KppABJZXisVfChaBRUEBhABqAClFawAHJdZoC4AAaQQYC0QeAcENWmuEuemhgwCdsueDHdFD4hoAsgKABIPB0RoRROCsB0ATTg9lrACUg2E-VEqCmvrqs9qvukAArqHogfoC-qgQYil1hGCOBaRSUMdIAZTgIhSqCEVllc60C7IzqXMC6wFlRFIlBoFEIi+ePTNM4v5GotEIDDk+E4X7vX3sIFlTtrS+V4sy+H4giBMVgRibFwUhVJ0kyeF8mxZEMTKbFMURXFanaJpWnaMkEG6Xp+jqQZhlGcZPAZbYmUWVl2XWTY7W5A4rRgrsGHmQDfwYLoAi6c9+MfMpXTE-jp3Ez5MMwpckFPc8SBfa9b2AhhREk8I5H41wUllYh+NQmSgKXaQZDAr5CAoBQyAURRuDIYgzDITEb24rQlKfFSrzfFUTjtHAAG0AnsfEJBaAIBAAXVgecBEC1QQtyEBpEcCRTi3LRYvi-dEq6ILgtNTL0my3KLQKorpBgAIJFUIQtGSfY4oQEBznUU1mjVDVJFAEAJC0O18TyhZMCEAIoF4IZJuCgAiO00CQHK5oAGjmpB7HEVwqmaNa5p8PIBDmmLMACYA8DVXIAmcGo2QkGAhtcOwaoCYK4uIJROBIT8KDkTBXveqAAUIQgvzIfAKHwAHaqBwgaDkG8yDIeGYbej6lChlyGDsk5bTsISZAINQtCi25chqBstBJkjBigFwxEVIYBBQdAsFte0pFkHMPS9X0A2DUNwyjGM4wTJNUEwNNziJnm80LEsywrKsa3rRsWzbDsgA
1971340784	https://z.moatads.com/nativo483ETsY34/moatad.js?moatClientLevel1=26217&moatClientLevel2=150608&moatClientLevel3=491285&moatClientLevel4=5536815&moatClientSlicer1=11442&moatClientSlicer2=0&ntvDomSearch=ntv1057046-491285-98571
836329747	https://api.bounceexchange.com/bounce/reloadCampaigns.js?wklzs=1254&wklz=C4ewVgigvAZgrgOwMbAJYgQMhQZygRgDYBWfAdgA4AGKgTiosMM2AC8QoAWAJiswHcApgCMcqYIID6qACZQAzLVrFMAJ0E4QAGzhoMUCpQAeFTivUxBq9aqjYAhlq2oEAc0lxVWqAAtgwAAccAFJ5AEFg7gAxSKj+eIA6ECR1V1QcCVUEpBAAW1jebnxYqm4S2liQVXs3QQBaHMRgAE8cBqqMewA3VFU4NtzBYFVUJDb4VWAfKzrBexx6sWR6hEF+Oua51TqcANQAa0FYzB6xYEkckH3UQShgsgAhSO4tAOfQiO5uP0CQ7mJwpFiNEgdF4vwkilBGkMlZsnlQVFCsV-tFSoi6IiqjVXPVGggWm0cqpOj0+gMhiMxnUJlMZnMFjsXEgVmsNlsdntDoj3twAMLPVTvQFfXkCr4LVzCiLEJ7EAAi93l2BAVxud0ezxkriivQyABkQPYZNLhnAjvznj57KoZABJRWikVfChaeggMIANQAUvLWAA5LrNPnAADSCDAWn9wDg+q01zFz00MGADulz24roo-H1AFk+QAJB520PCKJwVh2gCacHsVYASv6wt6olRE19tenNV90gAFdQ9ED9Pn9UCDIVOsIwRwLSLi7jpADKcFEKVQwis0unWlnZEd85gXWA0qIpEoNEYc+ePRNk9P5GoDEI3Hk+E4b6vX3sIGlbctX1edMvh+IIgRFYEYlROJEmSVJ0kyeF8ig5EMTKKDMSg7FanaJpWnaEkEG6Xp+jqQZhlGcZPDpbYGUWZlWXWTYbU5A4LQg9tuHmX9P24LoAi6E8eNvMpnWEniJxEz40LQ+ckCPE8SAfC9CB4sQxPCTgeNcFJpWIHikMkv95xkWQgK+QgKFoMhaEUHgyGIMwyDoS9RX-F55LvRTzyfJUThtHAAG0AnsXFJBaAJBAAXVgGdBD81RAtyEAZEcSRTnXLQopinc4q6fyAuNNL0gyrKzVy-KZBgAJJFUYQtGSfZoscer+BVNUpFAEBJC0G1cWyhZMGEAIoD4IZhoCgAiG00CQTKJoAGgmpB7AkVwqmaBaJp8PJBAmyLMACYA8BVXIAmcGoWUkGAetcOxKoCALouIJROBIV8KHkTB7seqAASYN8yHwCh8C+qqfsIGh5EYMgyAh0GHqepRgYc7grJOa07H42QCDULRwtue6arqhrccIwYoDykZ7DquLrVtaQ5EzN0qA9H0-UDYMwwjKMYzja5MGTc5saZ7M80LYtS3LSsazrRtm1bIA
3285536623	https://player.aniview.com/script/6.1/aniview.js
1330072628	https://securepubads.g.doubleclick.net/gpt/pubads_impl_2022050301.js?cb=31067436
2858282970	noname12202894733319414349
251865163	noname18081590381264838047
3817980540	https://z.moatads.com/nativo483ETsY34/moatad.js?moatClientLevel1=26217&moatClientLevel2=150608&moatClientLevel3=491285&moatClientLevel4=5536813&moatClientSlicer1=11442&moatClientSlicer2=0&ntvDomSearch=ntv1057046-491285-65926
2331203651	https://api.bounceexchange.com/bounce/reloadCampaigns.js?wklzs=1195&wklz=C4ewVgigvAZgrgOwMbAJYgQMhQZygRgDYBWfAdgA4AGKgTgsNqs2AC8QoAWAJmYHcApgCMcqYAID6qACZQAzLVrFMAJwE4QAGzhoMUCpQAeFTsrUwBKtSqjYAhps2oEAcwlwVmqAAtgwAA44AKRyAIJB3ABiEZF8cQB0IEhqLqg44irxSCAAtjG83PgxVNzFtDEgKnauAgC02YjAAJ449ZUYdgBuqCpwrTkCwCqoSK3wKsDelrUCdjh1osh1CAJ8tU2zKrU4-qgA1gIxmN2iwBLZIHuoAlBBZABCEdya-k8h4dzcvgHB3MRhEWIUUBUTifESyQEqXSliyuRBkQKRT+URKCLoCMq1RcdQaCGarWyKg63V6-UGw1GtXGk2ms3m22cSGWq3Wm22uwOCLe3AAwk8VG8AZ8efzPvMXELwsRHsQACJ3OXYECXa63B5PaQuSI9dIAGRAdmkUqGcEOfKe3jsKmkAEkFSLhZ8KJpaPgAJoAWRg0jkACVpHBQjB8AApADqhltCDswD4OGIADlRU8NDBgPapU9uC6KHw9Z7eQAJe62gDSQkicFYtvdcDs7r9idCociVBTny1WY1nzSAAU1N0QH1eX1QANBY7gw55hExdw0gBlOAiZKoISWKUwGeHMgO+cwTrAKVEUiUGi0UoWz7dY1T0-kah0XgUfBUIhzp52EBS9vX56vFOlp+IEgLCkC0QorECRJCkaQZHCeRQUi6JXhBGJQViNRtI0LRtMSMakn0tQDEMIxjB4tJbPSCxMiyawbNaHL7OaEEdtwcy-p+N7+J0J7cdwd6lE6QkCZOwkfFeV7zkgR4niQj4XtJqYyFKymfC4yT8f+SESX+87SKpQGfPgnBkEQnByIwTBUIwr5yKZ7GaHJ94Keez6Ksc1o4AA2v4dg4hIzT+AIAC6sA7l5Ki+TkIDSA4EgnOumhhRFmjzFFvlGolaTJalpoCJlPnSDA-gSCoQiaEkezhQgIBnGoRpNMqqqSKAIASJo1o4mlGVCP4UDMIMA0+QARNaaBIClo0ADSjUgsZQpUTSzaN3i5AIo2hZg-jAHgyo5P4TjVMyEgwF1Li2J0Vq2LxMgEKomjBTc2VJZVAgzSVZUVVVSB7I9MYDFAnTWqgdjvZgVo2lIsg5q6Hrer6AZBiGEZRjGcYJommBpmc91w3mBbFqWFZVjWdYNk2LZtkAA
1230470636	https://api.bounceexchange.com/bounce/reloadCampaigns.js?wklzs=1256&wklz=C4ewVgigvAZgrgOwMbAJYgQMhQZygRgDYBWfAdgA4AGfG4qszYALxCgBYAmKzAdwFMARjlTB+AfVQATKAGYAnPOKYATvxwgANnDQYoFSgA8K7ZWpj8ValVGwBDTZtQIA5uLgrNUABbBgABxwAUlkAQSDOADEIyN44gDoQJDUXVBwxFXikEABbGO5OfBiqTmL5GJAVO1d+AFpsxGAATxx6yow7ADdUFThWnP5gFVQkVvgVYG9LWv47HDqRZDqEfl5aptmVWpx-VABrfhjMbpFgcWyQPdR+KCCyACEIzk1-J5Dwzk5fAODOYjCIsQooConFeIlkvxUulLFlciDIgUin8oiUEVRyijIpVqi46g0EM1WtkVB1ur1+oNhqNauNJtNZvNts4kMtVutNttdgcEW9OABhJ4qN4Az58wWfeYuEXhYiPYgAETuCuwIEu11uDyeUhckR66QAMiA7FIZUM4IcBU9vHYVFIAJJKsWiz4UTTyfAATQAsjApLIAEpSOChGD4ABSAHVDPaEHZgLwcMQAHLip4aGDAR0yp6cN0UXgG738gAS93tAGlBJE4Mx7Z64HZPQHk6Fw5EqGnPjqc1rPmkAApqbogPr8vqgAbC52hhzzCISzhpADKcGEyVQgksMpgc8OZCdi5gnWAMqIpEoVAxpStn26ppn5-I1GvVAotCIC6edhAMs7t+eV4Z2tPxAkBUUgWiLEwQhFI0gyOE8ixJF0RvSCMQRHEajaRoWjaUk43JPpagGIYRjGDx6S2RkFhZNk1g2W0uX2S1IK7Tg5j-L8738Toz24zgH1KF0hIE6dhI+G8b0XJATzPEhnyveRpPTaQZVkASXGSfiAKQiT-0XKQ1OAz58HYMgiHYWRCEUK8bPfWQzPYzQ5MfBTL2vZVjltHAAG1-DsPFxGafx+AAXVgPdvJUPychAKQHHEE5N00cLIs0eZor8k0krSFK0vNfgst8qQYH8cQVEETQkj2CKEBAM41BNJpVXVCRQBAcRNFtPF0sywR-CgHhBkG3yACJbTQJBUrGgAaMakHjKFKiaOaxu8XJ+DGsLMH8YA8FVHJ-CcapWXEGBupcWxSv8XyIuIRR2BIRyKFkTAbruqB-kIQgzIs993rKz7CCvWQKEIMgyBBwHbvuxR32ILh5EYTobVsXjpAIVRNBCm4cmqRtNGxuMBigZxRAVQZ+BQdAsBtO1JBkPN3S9X1-SDEMwyjGM4wTJNk0wDMzkx5mCyLUtyyrGs6wbJsWzbDsgA
2266452414	https://api.bounceexchange.com/bounce/reloadCampaigns.js?wklzs=1248&wklz=C4ewVgigvAZgrgOwMbAJYgQMhQZygRgDYBWfAdgA4AGfGgTn302AC8QoAWAJiswHcApgCMcqYAID6qACZQAzHTrFMAJwE4QAGzhoMUCpQAeFDsrUwBKtSqjYAhps2oEAcwlwVmqAAtgwAA44AKRyAIJBXABiEZF8cQB0IEhqLqg44irxSCAAtjE8XPgxVFzFdDEgKnauAgC02YjAAJ449ZUYdgBuqCpwrTkCwCqoSK3wKsDelrUCdjh1osh1CAJ8tU2zKrU4-qgA1gIxmN2iwBLZIHuoAlBBZABCEVya-k8h4VxcvgHBXMRhEWIUUBUTifESyQEqXSliyuRBkQKRT+URKCKo5RRkUq1RcdQaCGarWyKg63V6-UGw1GtXGk2ms3m22cSGWq3Wm22uwOCLeXAAwk8VG8AZ8+YLPvMXCLwsRHsQACJ3BXYECXa63B5PaQuSI9dIAGRAdmkMqGcEOAqe3jsKmkAEklWLRZ8KJoGABNACyMGkcgAStI4KEYPgAFIAdUM9oQdmAfBwxAAcuKnhoYMBHTKnlw3RQ+AavfyABL3e0AaSEkTgLHtHrgdg9-qToTDkSoqc+OuzWs+aQACmpuiA+vy+qABsLnSGHPMIhKuGkAMpwETJVBCSwymCzw5kJ0LmCdYAyoikShUDGlK2fbqm6dn8jUK9UCi0Ijzp52EAyjs356vNO1p+IEgKikC0RYmCEIpGkGRwnkWJIui14QRiCI4jUbSNC0bSkrG5J9LUAxDCMYwePSWyMgsLJsmsGy2ly+yWhBnZcHMv6fre-idKeXFcPepQuoJ-FTkJHzXteC5IMep4kE+l50FJaYyDKHD8S4yR8f+iHiX+C7SKpQGfPgHBkEQHByIQiiXtZb5yKZbGaLJD7yReV7Kscto4AA2v4dh4hIzT+AIAC6sC7l5Ki+TkIDSA4EgnBumhhRFmjzFFvkmolaTJal5oCJlPnSDA-gSCoQiaEkezhQ4VV8Kq6qSKAIASJotp4mlGVCP4UC8IMvU+QARLaaBIClQ0ADRDUgcZQpUTRTUN3i5AIQ2hZg-jAHgqo5P4TjVKyEgwO1Li2CV-g+eFxCKBwJAORQciYBdV1QP8hCEKZ5lvs9pWvYQl5yBQhBkGQAO-Zd12KG+xDcHQZDHDafWbXeBCqJowU3Bd5WVdV6OxgMUCdLaqB2JVhU2naUiyLm7r4N6voBkGIbhlGMZxgmyaYOmZwyFAtP5oWJZlpW1a1vWjbNq27ZAA
3981347104	https://static.vidazoo.com/basev/vpts.js
3934875690	chrome-extension://cpdjmnangjggjnhmnghhlfogfiaheill/include.preload.js
3952342735	noname7454973368178177308
3977370654	noname17019164030342202848
1516026159	noname3395621793724096647
1237492131	noname12434811911437521439
3429051000	eval15556644752676108128
3097284764	noname8109875881901506386
3072945642	noname6250638391616287939
2849420997	noname10655649261503548033
3801074538	noname12176031922148629406
4064232630	noname10607330087878759954
1005662644	eval7920752276047808547
3942394425	noname6120998337772898460
1865357269	noname17794378874770003685
2551544714	noname4834105493245734856
3699659330	noname16287346844494217802
2653431325	eval14618874155408647544
