218273777	https://bloximages.chicago2.vip.townnews.com/capjournal.com/shared-content/art/tncms/templates/libraries/flex/components/plugins/resources/scripts/common.08a61544f369cc43bf02e71b2d10d49f.js
727362776	https://bloximages.chicago2.vip.townnews.com/capjournal.com/shared-content/art/tncms/templates/libraries/flex/components/template/resources/scripts/tnt.f3739bd4d04bcee9e077d20b4f31f29c.js
2316624387	https://tags.crwdcntrl.net/c/11884/cc.js?ns=_cc11884
2904253452	https://bloximages.chicago2.vip.townnews.com/capjournal.com/shared-content/art/tncms/templates/libraries/flex/components/jquery/resources/scripts/jquery.min.d6d18fcf88750a16d256e72626e676a6.js
597594780	https://bloximages.chicago2.vip.townnews.com/capjournal.com/shared-content/art/tncms/templates/libraries/flex/components/bootstrap/resources/scripts/bootstrap.min.d457560d3dfbf1d56a225eb99d7b0702.js
2630390547	https://bloximages.chicago2.vip.townnews.com/capjournal.com/shared-content/art/tncms/templates/libraries/flex/components/template/resources/scripts/application.cb897187c4718280fd69d2e6d6c3909d.js
117623906	https://bloximages.chicago2.vip.townnews.com/capjournal.com/shared-content/art/tncms/templates/libraries/flex/components/plugins/resources/scripts/bootstrap-datepicker.2b28bee684315ebcadec4a6b63cc146d.js
682072301	https://bloximages.chicago2.vip.townnews.com/capjournal.com/shared-content/art/tncms/templates/libraries/flex/components/ads/resources/scripts/tnt.ads.adverts.66a3812a7b5c12fde8cd998fd691ad7d.js
4031828962	https://bloximages.chicago2.vip.townnews.com/capjournal.com/shared-content/art/tncms/templates/libraries/flex/components/comments/resources/scripts/tnt.emoticons.2048520c3a5ad423f37d8d4ac8c790a9.js
4016301622	https://bloximages.chicago2.vip.townnews.com/capjournal.com/shared-content/art/tncms/templates/libraries/flex/components/comments/resources/scripts/tnt.comment.ab5fb87419367af823185ae92fe15663.js
518777632	https://tagan.adlightning.com/townnews/op.js
287797812	https://core.spreedly.com/iframe/iframe-v1.min.js
3425561989	https://www.capjournal.com/shared-content/art/tncms/user/user.js
3331698647	https://www.capjournal.com/shared-content/art/tncms/tracking.js
4104316318	https://www.capjournal.com/shared-content/art/stats/common/tracker.js
1759396100	https://www.capjournal.com/shared-content/art/tncms/api/access.js
1044781715	https://bloximages.chicago2.vip.townnews.com/capjournal.com/shared-content/art/tncms/templates/libraries/flex/components/subscription/resources/scripts/tnt.google.survey.f62819b485e5f0a32cee78210d157aca.js
3294920068	https://bloximages.chicago2.vip.townnews.com/capjournal.com/shared-content/art/tncms/templates/libraries/flex/components/subscription/resources/scripts/tnt.access.3.1.f98080aea53841a1aed37f0ee0c16322.js
530173456	https://bloximages.chicago2.vip.townnews.com/capjournal.com/shared-content/art/tncms/templates/libraries/flex/components/subscription/resources/scripts/tnt.access.granted.3.1.f1d4316608d71880756ca7cad8752a2a.js
1610254064	https://bloximages.chicago2.vip.townnews.com/capjournal.com/shared-content/art/tncms/templates/libraries/flex/components/subscription/resources/scripts/tnt.access.user.modal.wall.3733a292afe5d277ceb3f7c22b5c0958.js
656113156	https://bloximages.chicago2.vip.townnews.com/capjournal.com/shared-content/art/tncms/templates/libraries/flex/components/plugins/resources/scripts/jquery.validate.f4d73313b7ce7a32500a94c38e2d2ca2.js
1884972467	https://bloximages.chicago2.vip.townnews.com/capjournal.com/shared-content/art/tncms/templates/libraries/flex/components/subscription/resources/scripts/tnt.access.status.828de94349981272665c0fb0107f3e49.js
3212781416	https://bloximages.chicago2.vip.townnews.com/capjournal.com/shared-content/art/tncms/templates/libraries/flex/components/template/resources/scripts/asset-edit.60e8e67e04be1194326dcfbe7f00b8c3.js
3064778495	https://bloximages.chicago2.vip.townnews.com/capjournal.com/shared-content/art/tncms/templates/libraries/flex/components/ads/resources/scripts/tnt.ads.core.fa820af8c4b7651b60faff4dca7ed722.js
2572127186	https://bloximages.chicago2.vip.townnews.com/capjournal.com/shared-content/art/tncms/templates/libraries/flex/components/plugins/resources/scripts/owl.carousel.50dc41fa734414148ce4b489fd904c5f.js
192761825	https://bloximages.chicago2.vip.townnews.com/capjournal.com/shared-content/art/tncms/templates/libraries/flex/components/plugins/resources/scripts/sticky-kit.136ae7f2f818eb47f6ccd0348c560674.js
1202747143	https://bloximages.chicago2.vip.townnews.com/capjournal.com/shared-content/art/tncms/templates/libraries/flex/components/template/resources/scripts/tnt.regions.54d9f15b0d238de6bb20ec82ed8307ac.js
1836571004	https://widget.fotomoto.com/stores/script/a9be4baee320160361fb1cab544cf3c9c72e9068.js?api=true
3040001157	https://www.capjournal.com/sports/locals-compete-in-queen-city-classic/article_5f98d7c4-b1c6-11ec-b7f6-437921e33988.html
3258572937	https://bloximages.chicago2.vip.townnews.com/capjournal.com/shared-content/art/tncms/templates/libraries/flex/components/block/resources/scripts/user-controls.578df3df79d812af55ab13bae47f9857.js
446512191	https://bloximages.chicago2.vip.townnews.com/capjournal.com/shared-content/art/tncms/templates/libraries/flex/components/plugins/resources/scripts/sms-link.8eefede3265fd6c6de07bc0cb5f3f779.js
1355496655	https://bloximages.chicago2.vip.townnews.com/capjournal.com/shared-content/art/tncms/templates/libraries/flex/components/search/resources/scripts/tnt.followed.notifications.6600e99595fd219e961e9882c796e61c.js
2579862667	https://cdn.districtm.ca/merge/all.townNews.js
4034630159	https://bloximages.chicago2.vip.townnews.com/capjournal.com/shared-content/art/tncms/templates/libraries/flex/components/template/resources/scripts/tnt.notify.panel.d7dc4795339f38cc067ead9f2f5ef1fb.js
3323089649	https://bloximages.chicago2.vip.townnews.com/capjournal.com/shared-content/art/tncms/templates/libraries/flex/components/template/resources/scripts/tnt.notify.a814fe612f2dcba9061edc229aeaf90b.js
3823043270	https://securepubads.g.doubleclick.net/tag/js/gpt.js
1396651022	https://bloximages.chicago2.vip.townnews.com/capjournal.com/shared-content/art/tncms/templates/libraries/flex/components/plugins/resources/scripts/fontawesome.46a248d75dc687aa8d928092f6b77fc7.js
3360960004	https://tagan.adlightning.com/townnews/bl-7467d3d-1d9684c5.js
1200150883	https://tagan.adlightning.com/townnews/b-92ee7c4-398b9c4d.js
1302785675	https://www.gstatic.com/recaptcha/releases/nEGwmCAyCoKVn9PSwAGnQWhY/recaptcha__en.js
695543174	https://www.googletagmanager.com/gtm.js?id=GTM-PDQV3N
3868422754	https://www.capjournal.com/shared-content/art/tncms/api/messaging.js
26873598	https://www.googletagmanager.com/gtm.js?id=GTM-PMH64SP
2746486945	https://cdn.districtm.ca/merge/merge.124797.js
1131263811	https://c.amazon-adsystem.com/aax2/apstag.js
186717480	https://www.gstatic.com/firebasejs/6.6.2/firebase-app.js
1086855461	https://www.gstatic.com/firebasejs/6.6.2/firebase-messaging.js
719062087	https://securepubads.g.doubleclick.net/gpt/pubads_impl_2022050201.js
284502437	https://www.googletagmanager.com/gtm.js?id=GTM-TQ8JHD4
2736617010	https://static-fotomoto-com.s3.amazonaws.com/assets/fotomoto-min.js?1651726148
62989864	eval1942544138105487704
2615332151	eval2709450609235018674
3329800204	https://www.google-analytics.com/analytics.js
635362477	https://www.googletagmanager.com/gtm.js?id=GTM-5MTD44X&l=dataLayer
2983936203	https://www.googletagmanager.com/gtag/js?id=G-7M93V44ZPS&l=dataLayer&cx=c
2349525529	https://www.googletagmanager.com/gtag/js?id=G-NFTGWT90ER&l=dataLayer&cx=c
2813080765	eval357832725428794699
221290445	noname10742412797918200578
783934288	https://www.google-analytics.com/plugins/ua/ec.js
3067501928	noname4175749054192345716
2151026724	noname7240538809860017704
4261785562	noname7905608938035783073
4053463229	noname2445850302025893289
785293124	noname9541260695327542462
3857237271	https://www.googletagservices.com/activeview/js/current/rx_lidar.js?cache=r20110914
3004151023	https://tpc.googlesyndication.com/pagead/js/r20220504/r20110914/abg_lite_fy2019.js
1529008723	https://bloximages.chicago2.vip.townnews.com/capjournal.com/shared-content/art/tncms/templates/libraries/flex/components/ads/resources/scripts/templates/reveal.e5d561a6b71aa2730a07fa90f5f4f6d6.js
1909898915	https://s0.2mdn.net/879366/html_inpage_rendering_lib_200_276.js
85566859	https://tpc.googlesyndication.com/sodar/UFYwWwmt.js
20345479	https://tpc.googlesyndication.com/sodar/sodar2.js
3478013374	https://www.capjournal.com/news/indigenous-tell-pope-of-abuses-at-canada-residential-schools/article_fcf47324-b046-11ec-9842-d7b0e527e20d.html
1148691828	https://tpc.googlesyndication.com/pagead/js/r20220503/r20110914/abg_lite_fy2019.js
2527239418	https://www.capjournal.com/community/sc-student-council-steps-up-for-missouri-shores/article_cdb0bc96-b13e-11ec-ba8b-6becb278f38d.html
4007341987	https://securepubads.g.doubleclick.net/gpt/pubads_impl_2022050401.js?cb=31067437
4101172438	https://www.capjournal.com/news/hayes-readies-its-69th-year-of-community-theater/article_0a82bbe6-ac6d-11ec-b9a5-279bd1f4e4cc.html
365964418	noname17998261956380048987
1915016188	https://bloximages.chicago2.vip.townnews.com/capjournal.com/shared-content/art/tncms/templates/libraries/flex/components/subscription/resources/scripts/tnt.access.user.modal.74696fd3bd1a983d88459a7e6df0312d.js
2772200277	https://bloximages.chicago2.vip.townnews.com/capjournal.com/shared-content/art/tncms/templates/libraries/flex/components/subscription/resources/scripts/tnt.access.denied.4.0.offers.c9185946402bd860f0e8bed555834541.js
3083318250	noname10769430470483376752
573809797	noname4512383632815442116
1763092164	noname14484962065066000487
1767858829	https://www.capjournal.com/community/down-by-the-old-missouri/article_c9a75254-ac57-11ec-90cf-4f518d6a0eb6.html
1645159704	https://www.capjournal.com/news/south-dakota-lawmakers-fail-to-override-noems-3-vetoes/article_c3286b6e-aecf-11ec-ad52-77d8540f8a03.html
