2177594472	https://www.dailynews.com/wp-content/plugins/dfm_zeus/assets/dist/zeus-adapter.js?m=1651614371g
589704455	https://www.dailynews.com/_static/??/wp-content/plugins/dfm_zeus/assets/dist/dfm-zeus-bundle.js,/wp-content/client-mu-plugins/src/SSO/assets/js/sso-tools.min.js?m=1651614371j
1893440428	https://www.dailynews.com/wp-content/plugins/loader-wp/static/loader.min.js?ver=1.0.6.3
1090022995	https://www.dailynews.com/_static/??-eJytzD0OgCAMBeALCQ3xLw7G1WsgEq2BaqREjy9OLm46vZfX9INjE2YltsSwuTghBfA0CR15ThsazbgSBE5pXi7SayQ5RBqdlUvI4KuXnsme/Cd5V3bWpwx/uhF7fWP7g3a+VVWp6qpp8mK5AGJphVM=
879715689	https://www.dailynews.com/wp-content/plugins/dfm-ad-mods/static/js/hhsl-check.min.js?m=1651614371g
1131263811	https://c.amazon-adsystem.com/aax2/apstag.js
1215062457	https://cdn.auth0.com/js/auth0-spa-js/1.13/auth0-spa-js.production.js?ver=5.9.3
1349198652	https://cdn.p-n.io/pushly-sdk.min.js?domain_key=Q2OR1qr7QSNDD6PaiokFyyyYsSqdhZWpNCyp&ver=5.9.3
2138826443	https://j300.dailynews.com/script.js
1014273001	https://cmp.osano.com/16A1AnRt2Fn8i1unj/1edc45d9-1a78-48b2-9035-037b31df744a/osano.js
4010483547	https://ajax.googleapis.com/ajax/libs/jquery/3.5.1/jquery.min.js?ver=3.5.1
3367142716	https://www.dailynews.com/2022/03/25/caleb-love-north-carolina-shoot-down-ucla-in-ncaa-tournament/
340755955	https://accounts.google.com/gsi/client?ver=5.9.3
2615332151	eval2709450609235018674
614235603	https://www.dailynews.com/_static/??-eJyVj0tuwzAMRC9UmXDz6aroUQrFYhK6FCmQUgL79IkDeNE2i3Y7nDecgWsJg0pFqVC4nUgc0jF/ztgcojtWB7cBxoccFjlkTd5lkm70F3jCl7NWlSMxwwUlqUGhoTbDRfofyHGenGb89o9k4JbQH6XI62o2PKGgxaoWrEmljH/B7qeiPP0s98t+Vv16uju3sC5YsqI58hQ23SscGnEC1pjQ7tRHfu/3u37fbzdv/XgDRQeNbw==
1701053728	https://cdn.parsely.com/keys/dailynews.com/p.js?ver=3.2.1
464115206	https://az416426.vo.msecnd.net/scripts/a/ai.0.js
3500924666	https://cdn.viafoura.net/vf-v2.js?ver=2.0
2157457439	https://stats.wp.com/e-202218.js
4107340800	https://platform.twitter.com/widgets.js
4027504494	https://www.dailynews.com/_static/??-eJydzssKwjAQheEXMh3qpdKF+CwhSdvUzEzoTJW+vQFdKIhYtwc+zg+3bByTBlLQIWAQsCJBBUStRgejgGNEpsoNM10qjFSNsoEfXOa0dDElWYOQfZgo2EmH5YsrC1phepGJezYRe2NVp080p7mPJOA7NNab8iRvvGyPnPVYtnSNPvAfMrOW6ic846luDvWxadvdfrwD5RaY9g==
2956400649	https://www.dailynews.com/_static/??/wp-content/plugins/dfm-viafoura-prototype/static/js/dfm-viafoura.bundle.js,/wp-content/mu-plugins/jetpack-10.9/_inc/build/sharedaddy/sharing.min.js?m=1651769934j
1359726570	https://www.dailynews.com/wp-includes/js/wp-emoji-release.min.js?ver=5.9.3
387419712	https://mng-dailynews.zeustechnology.com/main.js
794442526	https://www.googletagmanager.com/gtm.js?id=GTM-TLFP4R
3248092891	https://static.criteo.net/js/ld/publishertag.js
2708056745	https://ads.pubmatic.com/AdServer/js/userSync.js
1075163998	eval16708930773276848142
3823043270	https://securepubads.g.doubleclick.net/tag/js/gpt.js
278923959	eval13286000862076240230
977455315	eval17713160484567498138
2290341500	noname3548117485161438717
2062948375	noname11634856918168667518
1580166160	https://j300.dailynews.com/plugin/plugin/9ccc82fbb6f1e3cff0dda9f71229caaa
2604398727	https://ats.rlcdn.com/ats.js
2174267704	https://b-code.liadm.com/a-05gi.min.js
1082198745	https://confiant-integrations.global.ssl.fastly.net/3IyQ81Wnn-d6bieQLuWeDuN4PWM/gpt_and_prebid/config.js
375853057	https://secure.quantserve.com/quant.js
3953045983	https://g2insights-cdn.azureedge.net/prod/dfm/g2i.min.js?
1432452981	https://cdn.ayc0zsm69431gfebd.xyz/prod/dfm/t8y9347t.min.js?
719062087	https://securepubads.g.doubleclick.net/gpt/pubads_impl_2022050201.js
553658503	https://fp-cdn.azureedge.net/prod/dfm/fp.min.js?
2286277798	https://j300.dailynews.com/plugin/library/855e0136cac435f602a83e8ef44f7e90
3329800204	https://www.google-analytics.com/analytics.js
860480797	https://s.btstatic.com/tag.js
3083318250	noname10769430470483376752
818117162	https://b-code.liadm.com/sync-container.js
1881370079	https://s.thebrighttag.com/tag?site=1PR3l09&referrer=https%3A%2F%2Fwww.dailynews.com%2F2022%2F03%2F25%2Fcaleb-love-north-carolina-shoot-down-ucla-in-ncaa-tournament%2F&H=-z21t9q
2800143248	https://confiant-integrations.global.ssl.fastly.net/gptprebidnative/202205031234/wrap.js
2675609832	https://assets.bounceexchange.com/assets/bounce/iframebuster.js
3857237271	https://www.googletagservices.com/activeview/js/current/rx_lidar.js?cache=r20110914
829754501	https://api.circularhub.com/22834/195/circularhub_module.js
2802381213	noname14029649527631831323
2820894935	https://www.googletagmanager.com/gtm.js?id=GTM-NFD2QGD&l=MG2DL
751977660	https://www.dailynews.com/wp-content/themes/assets/static/js/modernearthy-async.chunk.min.js
231337125	https://tag.bounceexchange.com/4000/i.js
1501712494	https://www.dailynews.com/wp-content/themes/assets/static/js/common.chunk.min.js
3168395959	https://www.dailynews.com/wp-content/themes/assets/static/js/common-async.chunk.min.js
3694351765	https://cdn.ayc0zsm69431gfebd.xyz/prod/dfm/vendors~Auth0UniversalLoginAuthSystem.js
3408573892	https://cdn.ayc0zsm69431gfebd.xyz/prod/dfm/Auth0UniversalLoginAuthSystem.js
1685650872	eval16139236803193631549
296050041	noname1120396030396086891
185219145	https://www.google-analytics.com/plugins/ua/linkid.js
2466975815	eval12310889644411231460
1528776080	eval3393139236105703759
3618894459	eval3807678787697936942
3889459418	eval8157664564867667263
3692702320	eval18364963554266753537
1858000537	eval9604314890724706659
1682665626	eval4375611787626982792
3428797547	eval2791228129935912270
2918358121	eval1085554478341632635
694794427	https://assets.bounceexchange.com/assets/smart-tag/versioned/br-ijs_all_modules_cjs_min_78fa01f79ccac624a0a6251a69352b99.js
1772305502	eval4586369364585978903
2881469139	eval6178475810816171840
4291997021	eval4772601150734697891
1474342696	eval7910874177250784581
4035561934	eval13326599851063772955
869909664	eval14401701354916801893
717439302	eval8613341694689881884
1179171684	eval6947368614333724777
2795660831	eval13216495376987332014
3497369104	https://platform.twitter.com/js/horizon_tweet.c9df2d9b929da727d1e2e137e0482378.js
3568369952	https://cdn.viafoura.net/chunks/vendors~languages/intl-messageformat.1f99ec37395df9d69d10.js
3474701361	https://cdn.viafoura.net/chunks/languages/intl-messageformat.e1a2ee216f919d11a6ae.js
3338471994	https://cdn.viafoura.net/chunks/languages/en-us-base-json.f2d22cc6faacdf63ec0e.js
2733280549	eval801503688201280523
4089282047	https://cdn.viafoura.net/chunks/vf-css.3762820f5c7177156155.js
1989673577	https://cdn.viafoura.net/chunks/languages/en-us-trending_articles-json.c46eeaab0f754fa69bd5.js
3367330165	https://cdn.viafoura.net/chunks/languages/en-us-conversations-json.660111fbb06eb9cd6f08.js
2191573101	https://cdn.viafoura.net/chunks/da.07a65bceaf50632d976b.js
955372644	https://cdn.viafoura.net/chunks/tray-trigger.c29c53e7c9cf42c87dd5.js
962316932	https://cdn.viafoura.net/chunks/vuex_store/content-module-js.a1987da0167e425e43ee.js
3471812114	https://rdc.m32.media/madops.min.js
2787391888	https://ads.pubmatic.com/AdServer/js/pwt/156512/6397/pwt.js
1175534963	https://api.bounceexchange.com/bounce/reloadCampaigns.js?wklzs=1186&wklz=C4ewVgigvAZgrgOwMbAJYgQMhQZygRgDYBWfAdgA4AmfKgBgoBYzNgAvEKR+zAdwFMARjlTB+AfVQATLnTmYATvxwgANnDQYoFSgA8mxRfxj8FShVGwBDVatQIA5uLgLVUABbBgABxwBSAGYAQT8qADFQsN5ogDopK1RVAE8Efl4cGKQQAFtI+ioqSLoAvOJIpBshAFpVEAA3fiqEEAVgdyqKhTV7KyqcdxAQYCqpEF4EKrgkVV77Jore0BcEK2z+BGBIzDrUEWBxLJAAa1R+KD8yACFQqlVvG8CQgs8ffypiYNDicK-w6N44glkql0pkcr8wvlCu9wsUIe8IRVVNVag0mi02h0rF07Cs+gMhiMxhMpjMqnNkFZFiBlqt1psYRECqEAMI3BQPT7M7lsgo4fgOTkhYjXYgAEQuYuwgxOZwu1wKUgcYVQChwwAAMiArFIhcAFHB+Kybu5sVIAJIS5lcgoUVRiigAOTFEF4YoQADUAOoAJUdcCSVgAsgAtI4BOgATiCIHcDyovKoKhgwEtQpuVDtFF4GqDLIAEpdzQBpQRhOBsc0ATTgVirfqCACkwnR44mlemrjddgAFJQ7Gk4FlwdU5UxCmA2fnGgq7ADKcGESAUqEE4+tQUnqmnZCtiZgdQZhWCRFIlBo+EjM6oO11G9P5Go+EvxEjTGY16sICFrYTNzu6bPF4vhfFy3xMuB-yAokKRpBkWS5IyUIQnCSFlIySIovUjTNK07SdN0eL9IMwyjOMkzTLMEyUtStJrBsEJtjcVhvMeQS-omdTeHUQr4Ned5sTcAnXhyG7xtCiZIIevEkI+F5Xn+fLSEKEk3A4y5CoQHE3IhbHaYqyliQUhBUAEjDcHQZD0JeFB0IQjCRnQjBMQUqjSfesnns+V67ts2I4AA2t4VgOBIwBJN4-AALqwFO-B+WqAXZCA8SqOIOwiIIyIxVu-IJYFUgwN44gKFlIBIEcMXNPsSg6kk0rHKc4igCA4gzAooWxdu8WCN4UB0Jg-A+FAAUAETYmg0z8KNAA0o0VGIDgtEks2jQMayjVFmDeMAeDStk3h2FYyASDAMwOJYdSmpY3HSAQiiqOFkVQIVxWlbUFUPSsaxQHU2KoFYWXxaaChSJIMiZvaToum6nq+v6gahuGUYxu4mDJvsd2Q9muYFkWpblpWNZ1g2zZ0EAA
971910177	https://api.bounceexchange.com/bounce/reloadCampaigns.js?wklzs=1253&wklz=C4ewVgigvAZgrgOwMbAJYgQMhQZygRgDYBWfAdgA4AmfGgZgE59NgAvEKAFioAZMB3AKYAjHKmCCA+qgAmXHgswAnQThAAbOGgxQKlAB4VOxZYJiClKpVGwBDdetQIA5pLhL1UABbBgABxwAUjoAQUCqADFwiP5YgDoZW1R1AE8EQX4cOKQQAFto3ioqaJ46AuJopHsRAFp1EAA3QRqEECVgLxqqpQ0nWxqcLxAQYBqZEH4EGrgkdX6nFqr+0HcEW1zBBGBozAbUMWBJHJAAa1RBKECyACFwqnU-O+Cwop9-IKpiUPDiSJ-I2L8BJJVLpTLZPL-CKFYqfSKlKGfKFVdS1epNFptDpdWw9RxrAZDEZjCZTGZzGoLZC2ZYgVbrTbbOFRIrhADCdyUT2+rN5HKKOEEzm5YWIt2IABErhLsMMzhcrrcijJnBFUEocMAADIgWwyEXAJRwQTsu5eXEyACSUtZPKKFHUEooADkJRB+BKEAA1ADqACVnXAUrYALIALROdB4DBCIC8Tyo-KoahgwGtIruVAdFH4WpDbIAEtdLQBpYQROCsS0ATTgtmrAZCACkIjwE0mVRmbnd9gAFFR7Ok4NlwTV5CwimD2QWmor7ADKcFESCUqGEE9tISn6hnZBtSZgDSZxVCRFIlBo+AYs6oe31m7P5Go+CvxAYRk4ZBvthAIrbibuB4M1eXwAh+HlfhZSDAWBZI0gyLIcnyZkYShBEUIqZkUTRRpmladpOm6XoCUGYZRnGSZplmeYpmpWl6Q2LYoXbO5bA+E8Qn-JMGj8BoRXwG97w4u4hJvLlNwTWEkyQI9+JIJ9L2vACBVkEUymUqhnBXEVCC4u5kI4vTlVUiSikIKg6E4bgeDIXgrwoHhCE4BgeE4FiinUWSH3ki8X2vPddlxHAAG0-FsZwpGAFI-EEABdWBp0EQKNWC3IQESdRJD2MRhFReLt0FZKQpkGA-EkJRcpAJATni+x6n4WVTnOSRQBASQ5iUCKEp3JLhD8KA+EEfwoGCgAiXE0FmQRRoAGlGqoJGcNoUlm0ahg2UbYswPxgDwWVcj8RxbGQKQYDmZwbBKvxgvit8KHwGyiiYTArpuqAvkIQh8E4ag6DIF7Sre3SFC+OhyCoAHrtuhh33wYhuAYf6GnNGxeNkAhlHUKKYqgK7ysq6rMbWDYoAaXFUFsXKkvNJQZGkOQs0dF03Q9b1-UDYNw0jaNYy8TAU0OdHGZzPNC2LMsKyrWt60bFseCAA
1907312438	https://js-sec.indexww.com/ht/p/185707-19209563922117.js
3664942726	https://connect.facebook.net/en_US/fbevents.js
1868294773	https://d1wa9546y9kg0n.cloudfront.net/index.js
2439216687	https://s.ntv.io/serve/load.js
2771225051	https://widgets.outbrain.com/outbrain.js
2626239074	eval1229399043822001353
1715456614	eval2648539241848587756
2736086055	eval9266777309889331944
973000616	eval13602788656819287431
2271518633	eval628321402938131601
3238468333	eval7030144948959255464
666454693	eval11345289201073154012
3309904688	eval9826719196447758024
2000707963	eval10407654970703062158
3849356738	eval486543097381486389
3071926291	eval8973821302635508878
720294721	eval10899101585849560871
534599974	eval3667347598406132329
1074346371	eval16734494586741211481
4280177642	eval6941398238291771547
3310903467	eval10177348945620315988
2168509817	eval16970271089876970223
4157076357	eval5666046308564203672
2131520103	eval16198772606394805280
1138281635	eval3051955430104907687
3859182120	eval4061556232480649606
29332580	eval16860572839897911427
166186481	eval17466331513748423941
3510306541	eval8814935569905530850
1662414721	eval8205780104668326563
165236580	eval12754655671928142833
2629862994	eval11004868834250672005
705300013	eval16922459274449562032
4177047081	eval3135508987706031728
1224785250	eval8353361374913138660
293549942	eval13172896010684001825
4154981674	eval15007130220644756582
1986198892	eval13366772980723437130
857505669	eval8056930024911238123
3906707758	eval5053808215041888011
3344863887	eval5603687136757076373
2851752229	eval9332308899091350747
2615406106	eval11438366053299781370
558347201	eval13283108447665801103
504066184	eval17934502673481556678
1739464365	eval6909860733447912843
1308486239	eval11297592781497382054
876250374	eval17071499846480395743
1491441792	eval991745039715499840
1602594070	eval14308037871213597164
1635240756	eval11229879740689350822
1531872455	https://connect.facebook.net/signals/config/2185626915051245?v=2.9.58&r=stable
1385680844	https://cdn.viafoura.net/chunks/trending_articles_js.69d86ef05441eea58038.js
2161255540	https://cdn.viafoura.net/chunks/vuex_store/trending_articles-module-js.c035f520605481fe9347.js
1693928550	https://cdn.viafoura.net/chunks/vendors~chat_js~comments_js~liveblog_js.77e8d90df0b78201eadc.js
2534864327	https://cdn.viafoura.net/chunks/vendors~comments_js~liveblog_js.ae18dbaa99cb77c35b41.js
3909353335	https://cdn.viafoura.net/chunks/default~chat_js~comments_js~liveblog_js.615fd9491b4582ddf8fb.js
775833246	https://cdn.viafoura.net/chunks/comments_js.2f73864635c14cae5f3a.js
2831870671	https://cdn.viafoura.net/chunks/vuex_store/livecomments-module-js.07b5925ffe477b4acf41.js
18986876	https://cdn.viafoura.net/chunks/vuex_store/content_container-module-js.a3ae044cf6039450455e.js
3275830195	https://cdn.viafoura.net/chunks/vuex_store/threads-module-js.7cf87e6bdad4eb34a133.js
376240293	https://cdn.viafoura.net/chunks/vuex_store/interaction-module-js.b11b149c211fd764970c.js
3165404188	https://z.moatads.com/nativo483ETsY34/moatad.js?moatClientLevel1=38472&moatClientLevel2=174007&moatClientLevel3=474726&moatClientLevel4=5384631&moatClientSlicer1=8666&moatClientSlicer2=0&ntvDomSearch=ntv1039919-474726-4812
2997762014	https://connect.facebook.net/signals/config/1060502780777063?v=2.9.58&r=stable
4209431039	eval16424628259555643818
3523448962	https://libs.outbrain.com/vidget/vidget.js?e=1
2202229567	https://widgets.outbrain.com/nanoWidget/2000701/module/streamFeed.js?e=1
3159039606	https://widgets.outbrain.com/nanoWidget/2000701/module/userZapping.js?e=1
2445975560	https://cdn.viafoura.net/chunks/vendors~content_recirculation_js.d5f43da7c0b6926e7759.js
1705076305	https://cdn.viafoura.net/chunks/content_recirculation_js.80ed3337e96bedb60310.js
1403585976	https://www.dailynews.com/2022/03/25/rock-world-mourns-loss-of-taylor-hawkins-from-foo-fighters/
2723366486	https://securepubads.g.doubleclick.net/gpt/pubads_impl_2022050201.js?cb=31067406
683501801	https://s.thebrighttag.com/tag?site=1PR3l09&referrer=https%3A%2F%2Fwww.dailynews.com%2F2022%2F03%2F25%2Frock-world-mourns-loss-of-taylor-hawkins-from-foo-fighters%2F&H=ceapeqt
3067501928	noname4175749054192345716
3418168765	eval4770444234082033402
2187631862	noname8612563598895791836
3482025725	https://api.bounceexchange.com/bounce/reloadCampaigns.js?wklzs=1162&wklz=C4ewVgigvAZgrgOwMbAJYgQMhQZygRgDYBWfAdgA4AmfK0gFmM2AC8Qp6qAGTAdwFMARjlTB+AfVQATDlzmYATvxwgANnDQYoFSgA8KjRfxj8FShVGwBDVatQIA5uLgLVUABbBgABxwBSAGYAQT8qADFQsN5ogDopK1RVAE8Efl4cGKQQAFtI7ioqSK4AvOJIhRAkAGsAWl4QVyka7JAXBBwa1RAcDpAYGuArJK6FGvcrXir7DpgK7JqYEBAF1AdPU39wzAA3VBFgcSyQKf4oPzIAIVCqVW9rwJCCzx9N4mDQ4nCP8OjeOITkql0pkct8wvlCnRwsUwXQwRVqnUGqomi02h0uj0an0BkMRmMJlN2gs5gslis1mIFK8vgVQgBha4Ke7vOl0sgAEWwSxOZ0u1ykDjCqGpwAAMiArFIWUFgAo4PwGddxgopABJDky65UCiqDkUFhqgAS+G2AFl+AANJCoMgALX4AHUzRQAKosKoAZQA4lx7lRGQUVDBgBqtQUdaoKLwxWb6UaLmqANKCMJwQ0ATTgVgzACUAHJBABSYT9bMDVEFWv5BT2AAUlLtWjh6XAcKBsqYZTAbDhFQHrntPXBhEgFKhBF26cEe6o++dNQOCjBtsAZURSJQaFQSkuqLtpdOghvyNRaAEKPhiFwKGWK1YQDK79dbuGqM9fB9WZ8IlCorF4kSFI0gyLJcj-CEwRhCCyj-BFanqRpmlaBRiUxXp+kGYYGgJSZphJHIyWWGBVnWakwX9e9NkKYJnwKbZvG2dclQKQ8aMeStKKZN8uIKJBV3XEhT23XcKxENiHkhCsHDHGUAE45JYqhwPYujK2kN9CC08h6C4MhiGITgAnoQgAh1eheJuASjxPLdzwXHYrGpABtbwrAcCRgCSbx+AAXVgXt+EclyWniVRxF2ERBFUPyArnILticnBnKkGBvHEBRosqKp-IQEADiUKUkm5Y5UE8pZxFUJyPLivtMEEbwoB4fgfCgZyACInLQJAYvagAadqkCsMQHAaJJ+va9wcn4drfMwbxgDwblsm8OwrGQCQYCqhxLG2cZLEY6QCEUVQvJ8qBUvSzKumqE6ECsTsoES8crGioKVSkSQZEjfVDRNc0rRte0nRdd0vV9TBgwOI7I2jWN40TFM00zbM80LEsuCAA
3514282783	https://api.bounceexchange.com/bounce/reloadCampaigns.js?wklzs=1237&wklz=C4ewVgigvAZgrgOwMbAJYgQMhQZygRgDYBWfAdgA4AmfK4wwgTk2AC8QoAWKgBkwHcApgCMcqYIID6qACZceCzACdBOEABs4aDFAqUAHhU7FlgmIKUqlUbAEN161AgDmkuEvVQAFsGAAHHABSAGYAQUCqADEIyP44gDoZW1R1AE8EQX4ceKQQAFsY3ioqGJ5gwuIYpRAkAGsAWn4QDxl6vJB3BBx69RAcbpAYeuBbVN6leq9bflqnbphqvPqYEBBl1GcfCyCozAA3VDFgSVyQWcEoQLIAIQiqdT87kPDin38d4jCI4ijvqLj+IlkmkMlkcvk-pEiiU6FEypC6JDqnVGs11K12p1ur1+vVBsNRuNJtNZl1lotlqt1psJEoPr9ihEAMJ3JRPL6MxlkAAi2FW50uNzuMmckVQdOAABkQLYZOzQsAlHBBMy7lMlDIAJLc+V3KgUdTciisTUACXwewAsoIABpIVBkABaggA6paKABVVi1ADKAHEeE8qCzimoYMBtbrivr1BR+JLLUzTddNQBpYSROAmgCacFs2YASgA5UIAKUigc5IaoIt1QuKhwACioDh0cEy4DhQHkLPKYPYcCrg3dDj64KIkEpUMJe4ywv31IOrjrh8UYHtgPKiKRKDQqOVV1QDnK56Ft+RqLRghR8MQeBRK9XbCB5Y+7g8o1Q3gFvhyftFYViBIkhSdJMmyXICkA6FIXhaDKkA5EGiaFo2g6JQyRxAYhhGMZmmJGY5nJfJKTWGANi2OlISDJ8dhKMI32KPY-D2LdVWKE96JeGsaNZT9eOKJANy3EgLz3A9qzETjngku5nEneVGEYdiqCgrjGJrWRPwYQhyE4HgyGIYhuGCThCGCfVOAE+5hNPc9dyvZd9lsOkAG0-FsZwpGAVI-EEABdWAB0EZy3PaJJ1EkA4xGEdQAqCxcQr2FycFcmQYD8SQlFimpakChAQGOFRZVSPkzlQbzVkkdQXK8hLB0wYQ-CgPhBH8KBXIAIhctAkDizqABpOqQWwJGcZpUkGzqvHyQROv8zA-GAPA+TyPxHFsZApBgGrnBsdK-FcwLiEYG8DOKRh8EwA6jqgT4GHwThqGCMhroy27CAUHhPmCcgqDew7jqUm9jKoRhXr2KYbBY2QCGUdQfL8qA8k2vN1HhhBbB7KAnHEbk2sEFB0CwdUZGkOQYyNE1zStW17SdV13S9X0A0wMNjlhmM4wTJMU3TTMczzQsS3LHggA
1978428634	https://api.bounceexchange.com/bounce/reloadCampaigns.js?wklzs=1233&wklz=C4ewVgigvAZgrgOwMbAJYgQMhQZygRgDYBWfAdgA4AmfKigZiuM2AC8QoAWKgBkwHcApgCMcqYIID6qACZceCzACdBOEABs4aDFAqUAHhU7MVMQUpVKo2AIbr1qBAHNJcJeqgALYMAAOOAFJ6AEEAqgAxMPD+GIA6GRtUdQBPBEF+HFikEABbKN4qKiieenziKKUQJABrAFp+EHcZWpyQNwQcWvUQHE6QGFrgG2TupVrPG35qx06YSpzamBAQRdQnb3NAiMwAN1QxYElskGnBKACyACEwqnVfG6DQwu8-LeIQsOIIz4iY-njEik0hksrkfuECkUmBESuCmODKjV6o11M1Wu1Ot1erV+oNhqNxpNph1FvNFstVusJEo3t9CmEAMI3JQPD709lMwo4QROVmhYjXYgAEQuQuwy1O5yuNxkTnCqBpwAAMiAbDI+cAlHBBIybhMlDIAJIi+lswoUdRCiisQ0ACXwOwAsoIABpIVBkABaggA6o6KABVVjVADKAHEeA8qJyqGoYMBjXybnR1BR+ErHQzbZdDQBpYThOA2gCacBsxYASgA5YIAKXCkY5Mt5ptC0sK+wACio9m0cAy4DhQDlzHyYHZubqOzgQ3BREglKhhKPW+P1JOyCaYzAdsA+URSJQaFRStGbnt1a2D+RqLR6BR8MQeBRGzGbCA+a+bnck88fP5PjZL5ImhaI4gSJJUnSTJsjyUDIXBWF4PKUDETqBomhaNolBJLE+gGIYRkaQkphmUlcnJFYYDWDYaXBKM3y2IoQi-Qodl8HZ9ynKhL2Yp4eIY5lfyhKEYyQXd9xIG9j1PGMxF4x5OG4pwFz5ABONTuLgvjWJ42RhMIQzyE4HgyGIYhuHoThCEYIxBMKdQJKvKSjzvUVdhsGkAG1fBsJwpGAZJfEEABdWAJ0EDzvNaBJ1EkPYxGEdRQvC9dIp2TycC8mQYF8SQlCSqpqjCuxun4cUTlQALlkkdRPP81LuUwYRfCgPhBD8KAvIAIk8tAkGS7qABpuqQGwJCcRpkmG7rPFyQRupCzBfGAPBxRyXwHBsZApBgOqnGsHLfC8sLiDUh9TMKNT8EwI6Tqgd4jM4ah6DIW7cvuwgFB4d56HIKh3uO06NIfCyqDUt6dgmawONkAhlHUQLgqgI78sKmoEYQGwRygDLFxsJLIv1GRpDkFMrRte0nVdd0vV9f0g1DCNMDjQ44ZTNMMyzHN80LEsy0rGt6x4IA
1891742260	https://z.moatads.com/nativo483ETsY34/moatad.js?moatClientLevel1=38472&moatClientLevel2=174007&moatClientLevel3=474726&moatClientLevel4=5384632&moatClientSlicer1=8666&moatClientSlicer2=0&ntvDomSearch=ntv1039919-474726-50548
3807925104	noname8200663894773110393
3253003084	https://www.dailynews.com/2022/03/25/alexander-others-have-ncaa-magic-this-year-but-uclas-runs-out/
1920081998	https://s.thebrighttag.com/tag?site=1PR3l09&referrer=https%3A%2F%2Fwww.dailynews.com%2F2022%2F03%2F25%2Falexander-others-have-ncaa-magic-this-year-but-uclas-runs-out%2F&H=2oq5rl6
2060078803	https://securepubads.g.doubleclick.net/gpt/pubads_impl_2022050301.js?cb=31067407
871751408	noname8032849092924185389
2723258086	https://z.moatads.com/nativo483ETsY34/moatad.js?moatClientLevel1=38472&moatClientLevel2=174007&moatClientLevel3=474726&moatClientLevel4=5384633&moatClientSlicer1=8666&moatClientSlicer2=0&ntvDomSearch=ntv1039919-474726-17448
2480447304	https://api.bounceexchange.com/bounce/reloadCampaigns.js?wklzs=1196&wklz=C4ewVgigvAZgrgOwMbAJYgQMhQZygRgDYBWfAdgA4AmfAZgAZ9rNgAvEKAFivswHcApgCMcqYAID6qACZd68zACcBOEABs4aDFAqUAHhU7ElAmAMXLFUbAEM1a1AgDmEuIrVQAFsGAAHHACktACCAVQAYmHhfDEAdNI2qGoAnggCfDixSCAAtlE8VFRR9LT5xFF2Ano2CNLmALQgwJ7mOPWeNgBuAvXINjb1OTZOqEj1zahtyQI2ivVCmvVwSGo2bYqIbSCaUZidk2IS2SAA1qgCUAFkAEJhVGq+d0Ghhd5+gVTEIWHEET8RMT48USKTSGSyuX+4QKRU+ERKUM+UMq1VqDSaLUUbQ63V6SH6g2Go3Gnkm9Wms3mi2Wq3Wm0aOzhkUKYQAwndFE9viyeezCjgBE4uaFiLdiAARK7i7AgU7nS43O7SJzhVBY4AAGRANmkwuAGwEbLuHUU0gAkpKWdzChQ1OKKAB1JDSAByxAAymQNQBVfAwQjAd0AJQAKhAAGr0XzigCcTyofKoqhgwAtwruVFtFD4GoAsqyABLXM0AaSE4TgrDNAE04DZq0GXcEAFLhejxxPK9OKwqTAAKyn22xwrLgOFAOXMwpgdgFRt7OHdcBESEUqCEU6twRnajnZEtiZgnWAwqIpEoNCRCbu+11W7P5Go+E+v0InEI7evhRsIGFn8TDzpq8Pj+D83K-MyEGAsCSSpOkmTZHkTIwlCCLIeUTIojUdRzBirTtF0PR9AMQwjGMExTDMcwLMASwrGs9QbAgWyMhBHZ3Gsf7zlQnS+J0p7cXeRTWkJ3Gclu8awomSDHqeJCPpeGGJqIokhFJdxOKuwrEHGX5UEhwnBP+SoyEBhQxmQhCEGQtAxvgxDUGQMb0MQb4UOxhRqLJ97yRez7lPueyzDgADavjDJIwDJL4AgALqwLOAhBViIU5CACRqBI+yiEIahxQlu5JZ0wUhdIMC+BIii5SASAnPFCBNJVMzSMkMpypFsoSKsihOBcO4CpgQi+FAvACH4UAhQARLMaArAIk0ADSTfi4hOCAijJItk2eLk82xZgvjAHgMo5L4Dg1EgkgwKsTjWJ0HTWHxMgEEoahRTFUBlRVVVqDVJyvQgNiTlAxVrjYuVJSa0hSLImZ2o6zpup6Pp+gGwZhpG0YxpgybADDUBw9meaFsWZYVlWtb1o2LZtkAA
3753673607	https://widgets.outbrain.com/nanoWidget/2000701/module/clip.js?e=1
3779119769	https://api.bounceexchange.com/bounce/reloadCampaigns.js?wklzs=1256&wklz=C4ewVgigvAZgrgOwMbAJYgQMhQZygRgDYBWfAdgA4AmfAZgBZ8BOKzYALxCnqoAZMA7gFMARjlTAhAfVQATbr0WYATkJwgANnDQYoFSgA8K9YiqEwhy1cqjYAhho2oEAcylxlGqAAtgwAA44AKS0AIJBVABiEZECcQB0snaoGgCeCEICOPFIIAC2MXxUVDG8tIXEMQ5CBnYIspYAtCDA3pY4jd52AG5Cjch2do15di6oSI2tqB2pQnbKjSLajXBIGnYdyogdINoxmN3TElK5IADWqEJQQWQAQhFUGv4PIeHFvgHBVMRhEcRRfyicQEiWSaQyWRy+UBkSKJW+UTKMO+MOqtXqTRabWUHS6vX6SEGw1G40m3mmjVm80Wy1W60222aewR0WKEQAwg9lC9fmy+ZzijghC4eeFiPdiAARG6S7Agc6Xa53B6yFyRVA44AAGRAdlkouAWyEHIeXWUsgAktK2bzihQNJKKAB1JCyAByxAAymQtQBVfAwQjAT0AJQAKhAAGq8fySpgvKgCqjqGDAK2ih5Ue0UARagCy7IAErcLQBpESRODsC0ATTgdhrIbdoQAUpFeAmk6qM8ritMAAqqQ67HDsuA4UB5SyimAOIUmvs4T1wMRIZSoETTm2hWcaedka1JmDdYCioikSg0FGJh6HfXb8-kaj4b7-Qj0Qgdm-FOwgUVfpMngzd4-ECP5eX+VlIOBUEUnSTJslyAoWThGEkRQyoWTROoGgWLF2k6Ho+gGIYRjGCYphmOYFiWYAVjWDZGi2BAdmZSDOweDZ-wXKhun8bozx4+8SltYSeO5bcE3hJMkBPM8SCfK9MKTcQxLCcpvyoFw11FYh4005CRNCACVTkYDiiYMhCEIMhaCYfBiGoMgmF4Yh3woDjig0OSHwUy8X0qA8DnmHAAG1-FGaRgFSfwhAAXVgOchGCnFQryEAkg0KRDnEEQNHixK92S7oQtC2QYH8KRlDykAkDOBKHA0EABDlBUovlKR1mUFwrl3IVMBEfwoH4IQAigUKACJ5jQNYhAmgAaCbCUkFwQGUVIFom7x8jmuLMH8YA8DlPJ-CcOokGkGB1hcWxyv8UKEr0ih8F4MgLPwTA7oeqAfms-B6GoWgyE+irvs-RQflochWC+x6mCYZ7iB4SyDi6Wx+LkAgVA0aLYqgO6qpqursYQOwpygEr1zsPLkrNWQZHkLMHWdV0PW9P0AyDUMI2jWMmEwFNgAZqAmZzfMixLctK2rOsGybVt2yAA
3262554503	https://widgets.outbrain.com/nanoWidget/2000701/module/reel.js?e=1
2441145061	https://widgets.outbrain.com/nanoWidget/2000701/module/singleAnimationOnFeed.js?e=1
161865935	https://ob.cheqzone.com/placement_invocation?id=87158&idx=0
23149481	eval18086153959147675503
1032266142	https://www.dailynews.com/2022/03/11/photos-time-to-get-out-and-view-cherry-tree-blossoms/
1330072628	https://securepubads.g.doubleclick.net/gpt/pubads_impl_2022050301.js?cb=31067436
1842259846	https://s.thebrighttag.com/tag?site=1PR3l09&referrer=https%3A%2F%2Fwww.dailynews.com%2F2022%2F03%2F11%2Fphotos-time-to-get-out-and-view-cherry-tree-blossoms%2F&H=9cfd06n
2187870125	https://ib.3lift.com/sync.js
681960179	noname6705651463535486681
2931832240	noname8020079477257665669
1456810612	https://z.moatads.com/nativo483ETsY34/moatad.js?moatClientLevel1=26217&moatClientLevel2=150608&moatClientLevel3=377730&moatClientLevel4=4361809&moatClientSlicer1=8666&moatClientSlicer2=0&ntvDomSearch=ntv1072767-377730-71748
2874041799	https://cdn.js7k.com/rq/iv/inside.js
3448499986	https://api.bounceexchange.com/bounce/reloadCampaigns.js?wklzs=1157&wklz=C4ewVgigvAZgrgOwMbAJYgQMhQZygRgDYBWfAdgA4AmKisgBkIGZNgAvEKAFivswHcApgCMcqYIID6qACbd6CzACdBOEABs4aDFDoUAHhS7FlgmIKUqlUbAEN161AgDmkuEvVQAFsGAAHHABSJgBBQKoAMXCI-liAOhlbVHUATwRBfhw4pBAAW2jeGmj6Jmj8fGi-LxBQHABaNFzBBpA650FgOpAtOtsEGTqAN1QMuqQvCyUUhpVm4XUQHDVcoMjMYbFgSRyQAGsRqECyACFwqnU-M+Cwmh9-VeJQ8OJI58jY-gSk1PTM7Ly3hFClRASVAeVAVUaosGqgmi02h0uj0+gNhqNxpNpsBZnV5otlg9XkUqABhM5KK5PEkgslnHCCZxUsLEU7EAAiR3Z2BAewOR1ONBkzgiqCUOGAABkQLYZMycXBBOFybdbEoZABJTlFak0CjqdkAZUNziMACUuAB1dmCJAANQAGlwwFQIABRN27QiCN1XOk0NQwYBa5lnWjqCj8SUAWVJAAljhqANLCCJwNgagCacFsmbNADkQgApCL0P0qqjC0MnM6oHAABRUw26OFJcAleQszJg9gZytrOENcFESCUqGEXZ1IR76j7ZG1FZgg2AzKIpEoetpFeGcqna-I1FoVC4AE4yKQuP2aLYQMyy-7zpcp2c7gFntSXlEqJ+Pl9kmkMiyHJ8m-SJgVBUpQIiCEoKhWpYXhUBEU6bpOlRIYRn4MYJksbFcXxJY8iJL8tzOWxVhBUJ723PxBlXK9K1DIVywpJjaVImgkGXVcSAPTcGLEXdKJCDiqGcUdmReBiQOE6izhkWQ2KMWgmHwEpiC4Rh1MIE8T0g0T1G4vdeI3I8uXWNUcAAbT8Wx2kkYAUj8QQAF1YF7QQLPFKzchARJ1EkDZx3UVyoAVTzBksqyZBgPxJCUfEkF2NyEBqeLBFlFIeT5KRQBASR1DVdp3NnTzhD8KA+A6CqrIAIjVNAkBC2qABpaqQWwJGcEApla2rqiaWqXMwPxgDwHlcj8Rw+iQKQYEK5wbEGLxbBsWjZAIZR1Ec5yoBiuKEoWJKWt8-zArrYLPI8BBbCaKBIrHWx5k8lb1WkORwyNE1zStG17SdF13U9b03UwQMtg28NIxjeNExTNMM2zXMC2LUsgA
3180563275	https://api.bounceexchange.com/bounce/reloadCampaigns.js?wklzs=1214&wklz=C4ewVgigvAZgrgOwMbAJYgQMhQZygRgDYBWfAdgA4AmKis4sszYALxCgBYqAGTAdwCmAIxypgAgPqoAJp27zMAJwE4QAGzhoMUOhQAeFDsSUCYAxcsVRsAQzVrUCAOYS4itVAAWwYAAccAKQAzACCAVQAYuERfLEAdNI2qGoAnggCfDhxSCAAttE8NNHcQdH4+NG+niCgOAC0aLkCDSB1TgLAdSCadTYI0nUAbqgZdUie5oopDcrNQmogOKq5gZGYw6LAEjkgANYjUAFkAELhVGq+Z8FhNN5+q8Sh4cSRz5GxfAlJqemZ2XlvCKFKiAkqA8qAqo1RYNVBNFptDpdHp9AbDUbjSbTYCzOrzRbLB6vIpUADCZ0UVyeJJBZLOOAETipYWIp2IABEjuzsCA9gcjqcaNInBFUIocMAADIgGzSZk4uACcLk242RTSACSnKK1JoFDU7IAyoanIYAEocADq7IESAAagANDhgKgQACibt2hAEbqudJoqhgwC1zLOtDUFD4koAsqSABLHDUAaSEETgLA1AE04DZM2aAHIhABSEW4fpVVGFoZOZ1QOAACspht0cKS4BK8uZmTA7AzlbWcIa4CIkIpUEIuzqQj21H2yNqKzBBsBmURSJQ9bSK8M5VO1+RqLQqBwAJz0fAcfs0GwgZll-3nS5Ts53fzPakvKJUT8fL7JNIZFkOT5N+kTAqCpSgREEJQVCtSwvCoCIp03SdKiQwjHwYwTBY2K4viSx5ESX5bmcNirCCoT3tuviDKuV6VqGQrlhSTG0qRNBIMuq4kAem4MaIu6USEkEVk4o7Mi8DEgcJ1FnNIMhsYYtBBPgJTEBw3CEOphAniekEcec3F7rxG5Hly6xqjgADavg2O0EjACkvgCAAurAvYCJZ4rWbkICJGoEgbOOahuVACpeYMVnWdIMC+BIij4kguzuQgNQJQIsopDyfKSKAIASGoartB5s5eUIvhQLwHSVdZABEapoEgoV1QANHVSA2OITggFMbV1dUTR1a5mC+MAeA8rkvgOH0SCSDARVONYsW+NZ7nECeFBqWQNAnvgmArWtUCPIQhAXtQQRMId7nafIjyqTtB1xUdG2bfgGlUGe6yeDY1i0TIBBKGoTkuVAuR9DmahAwgNhNFAjhiDa4goOgWA-eqUiyOGRomuaVo2vaTouu6nrem6mCBlsAPhpGMbxomKZphm2a5gWxalkAA
2307367638	https://api.bounceexchange.com/bounce/reloadCampaigns.js?wklzs=1204&wklz=C4ewVgigvAZgrgOwMbAJYgQMhQZygRgDYBWfAdgA4AmKiigFlM2AC8Qp6qAGTAdwFMARjlTB+AfVQATDlzmYATvxwgANnDQYoFSgA8GxRfxj8FShVGwBDVatQIA5uLgLVUABbBgABxwBSAGYAQT8qADFQsN5ogDopK1RVAE8Efl4cGKQQAFtI7hpIrgDI-HxI73cQUBwAWjRs-jqQGod+YBqQDRqrBCkagDdUNJqkd1MFJLqlRsFVEBwVbP9wzEGRYHEskABrIag-MgAhUKpVbxPAkJpPH2XiYNDicMfw6N44hOTU9Mycl7D8lR-kV-qV-hUqvM6qgGk0Wm0Ol0en1BsNRuNJsBpjVZvNFndngUqABhE4KC4PIlAkknHD8BwUkLEY7EAAiB1Z2BAOz2B2ONCkDjCqAUOGAABkQFYpIysXB+KFSdcrAopABJdkFSk0CiqVkAZX1DgYACV6AB1Vn8JAANQAGvQwFQIABRF3bQj8F0XGk0FQwYAaxknWiqCi8cUAWWJAAlDmqANKCMJwFhqgCacCs6ZNADkggApMJcH1KqiC4NHE6oHAABSUg06OGJcDFOVMjJgNjpiurOH1cGESAUqEEHa1QS7qh7ZE1ZZg-WAjKIpEoOupZcGMonK-I1FoVHoAE4yKR6L2aFYQIyS77TucJycbr5HpSnhEqO+3h9Eik0hkslyT9wkBYFimAsIwQgiFqmhWFQHhdpOnaZEBiGXgRjGMxMWxXEFhyAkPw3E4rGWIFglvTdvH6ZcL3LYMBVLMkGOpYiaCQRdlxIPd1zokRt3IoJzzvBxh0ZJ46KAwTKJOKRpBYhhaACfAimIeguEIVTCCPI9wLY05OJ3bi1wPDlVhVHAAG1vCsVpxGAJJvH4ABdWBu34czRUs7IQHiVRxDWUdVBcqA5Q8-oLMsqQYG8cQFFxJBtlcmw5l4LkeQkUAQHEVQVVaNzpw8wRvCgHg2hKyyACIVTQJBgsqgAaSqkCsMQHBACZGsqyoGkq5zMG8YA8C5bJvDsHokAkGBcocSxou8SzXOII8KBUsgaCPfBMHmxaoHuQhCHwehqACMhtpi3bNLke5lPW86FqWnTVrUqgT1WdwrEsajpAIRRVAcpyoHmuKEu2P6ECsBooAikcrFmDyPtVSQZFDA0jVNC0rVtB0nVdd1PRdTB-Q2H7Q3DKNY3jJMUzTTNszzQtiyAA
3285536623	https://player.aniview.com/script/6.1/aniview.js
617111200	eval11214504392348201225
2822054295	eval6743715748248529323
3266517671	eval1304504993720715405
2015279352	eval10647637862866173510
2545221198	eval7475762434628925449
1809892800	https://www.dailynews.com/2022/03/14/valeri-liukin-to-coach-team-usa-while-under-investigation-for-abuse/
482932856	https://www.dailynews.com/_static/??-eJxVjUsOwjAMRC9EYiqgqAvEUVAau8UhPyUOqLenILpgN6N5egOvrGyKQlEg+zZzrIBTUE82U2rFqFySJFkyQRUjbMH9A3psET1pV3ewujha35DqB1srhZFQB47bvn2FprY7R5KNfahurwe4rQIYG3uEejeF0CAu38hx/omu4dL1p+7cD8Ph6N7AOUZ1
913781616	https://s.thebrighttag.com/tag?site=1PR3l09&referrer=https%3A%2F%2Fwww.dailynews.com%2F2022%2F03%2F14%2Fvaleri-liukin-to-coach-team-usa-while-under-investigation-for-abuse%2F&H=4piw33h
1749435023	https://www.dailynews.com/2022/03/22/another-ex-woga-gymnast-alleges-she-was-abused-by-liukin/
852948494	https://s.thebrighttag.com/tag?site=1PR3l09&referrer=https%3A%2F%2Fwww.dailynews.com%2F2022%2F03%2F22%2Fanother-ex-woga-gymnast-alleges-she-was-abused-by-liukin%2F&H=-6uo88h
3274292267	noname5679991430411922403
4254247516	https://api.bounceexchange.com/bounce/reloadCampaigns.js?wklzs=1176&wklz=C4ewVgigvAZgrgOwMbAJYgQMhQZygRgDYBWfAdgA4AmKi02zYALxCgBYqAGTAdwFMARjlTA+AfVQATdp1mYATnxwgANnDQYoFSgA8KbYgr4w+8xfKjYAhipWoEAczFx5KqAAtgwAA44ApADMAIJ+VABioWE80QB0klaoKgCeCHw8ODFIIAC2kVw0kZwBkfhskQBuNqaoALR2cADW9jWgNVlWSO4tfFbZNXA4VjU87ol8-QiSpjX25UpoDlYaCDUwIPI1VgIDfJGY5ajCwGJZIE18UH5kAEKhVCred4EhNJ4+-lTEwaHE4T-h0R4cQSyVS6UyOX+YXyVChRShpShlRU1TqqEazVa7U63V6-UGw1GKImUw2s3mqEWy1W6022xwu0+fwKVAAwnd5E9vizYWQACLYEBnVAXK63GiSBxhVDyHDAAAyICski5QWA8jgjPZrys8kkAEk+aq7rQVHyAMoALVQVAAnGwRe4EABHVlWADq3gawAo3ioloAmjonmy7soYMBDcaaKaKDx5QBZVkACWu+oA0gIwnAmPqA3ArAGAEoAOSCACkwpwQ9qqJLjTc7ocAAqKA4gAasgagbKmVUwGwM0K1w7muBCJDyVACPsFYIDlRD-nDu4wcrAVVEUiUGgUfArmgHFVzoJb8jUWj4UoUAL4YgHqhWECq6uhmgPaNUN6+H7c34RJkolieJEhSNIMiyXJAJhOFikAxFAORVF6iaFYsSVHFRDxAYhhGMYSWmck5UpJZ0BWNYNi2HYoRrO4rA+WFglfWtym8cpNwfY9GJeOtaJoTkTxDWE3yoJB103Ehz13fcROELjnmE2sHEnVU7QfKDuOYu5JCkT9iEIKg2G0O18AoQgyEINhCFtQgAltPj7nEk8zx3S8rgFSpZQAbW8KwHHEYAkm8PgAF1YEHPh9l1HAvOyEB4hUMQDmEAQUTC9VNSi7zJBgbwxHkVKQCQBowoQEBjkUZUkkFYUAqFMQVF1fzwsXSKBG8KBuD4HwoC8gAiXU0CQFE+oAGj6pAlj4Bx1iSMa+vcHI+D6kLMG8YA8EFbJvDsKxkHEGBGocSxyncKxLDYqQCAUFRAuCqA4oSpLDmnFEboQXoLk81Atjes69QkaRTQta07QdPgnVdD0vR9P1Ax0TBw2OK7Y3jJNUwzLMczzAtizLStOCAA
4104293210	noname3158346697967950122
3589136963	https://z.moatads.com/nativo483ETsY34/moatad.js?moatClientLevel1=35040&moatClientLevel2=175860&moatClientLevel3=481408&moatClientLevel4=5457858&moatClientSlicer1=8666&moatClientSlicer2=0&ntvDomSearch=ntv1072767-481408-85033
1308843697	https://z.moatads.com/nativonielsen548znrb18/moatcontent.js?moatClientLevel1=8666
3652082131	https://api.bounceexchange.com/bounce/reloadCampaigns.js?wklzs=1240&wklz=C4ewVgigvAZgrgOwMbAJYgQMhQZygRgDYBWfAdgA4AmKiwsgBgs2AC8QoAWKhzAdwCmAIxypgAgPqoAJlwbzMAJwE4QAGzhoMUCpQAeFTsSUCYAxcsVRsAQzVrUCAOYS4itVAAWwYAAccAKQAzACCAVQAYuERfLEAdNI2qGoAnggCfDhxSCAAttE8NNEMQdH4nNEAbnbmqAC0DnAA1o51oHU5NkiebQI2uXVwODZ1fJ7JAoMI0uZ1jpUqaE42Wgh1MCCKdTZCQwLRmJWoosASOSAtAlABZABC4VRqvg-BYTTefoFUxKHhxJF-SKxPgJJKpdKZbJ5QERQpUGElGHlGHVNS1BqoZqtdqdbq9fqDYajcZoqYzLbzRaoZardabba7HD7b4AopUADCD0UL1+bPhZAAItgQBdUFcbvcaNInBFUIocMAADIgGzSHkhYCKODMznvGyKaQASQF6oetDUAoAygAtVBUACcnDFngQAEd2TYAOq+JrACi+KjWgCaeheHIeqhgwGNppo5oofEVAFl2QAJW6GgDSQgicFYhqDcBsQYASgA5EIAKQiDDDuqo0tNdwexwACsojiAhuyhqBcuZ1TA7EzwvXjpa4CIkIpUEIB0VQkO1CPBaOHjBKsB1URSJQaBR8GuaEc1QuQjvyNRaPhyhQgvhiEeqDYQOra+GaE9Y1QPv4-rz-iiFkYniRJkjSDIshyfJgLhBFSmA5FgNRdFGhaNYcRVPFxAJIYRjGCYyVmSkFWpFZ0DWDYth2PYYTrB4bC+eFQnfetKl8SptyfU9mLeBt6JobkzzDeEPyoJBN23EhL33Q8xNEHjXgQ+snGndUHSfGDeNYh5pBkb9iEIKhOF0B18DoMhCE4Qh7UIIJ7QEx5JLPC892vG4hWqeUAG1fBsJxJGAFJfAEABdWBhwEQ59RwbzchARI1AkI5RCENFws1bVop86QYF8CRFDSkAkCacK7DUEA+GFUVApFCQ1H1AKIuXKKhF8KBeAEPwoG8gAifU0CQNFeoAGl6pAVgEJxNhSUbes8PIBF60LMF8YA8GFXJfAcGxkEkGAGqcaxct8bzwuIe0DwYMgaHtfBMBOs6oB+QhCFvKggjIB68qewh5AYH57xu77TvO+1Lofbh7S+ypPBsawOJkAglDUIKQqgE6CqKkqUYQfori81AdjRTA4YNKRZHNK1bQdJ0BBdd0vR9P0A2DPRMEjU4kfjRMU3TLMczzAsi1LCtqwYIA
2876028568	noname8427205737456475235
4230983502	eval12726087917614716872
908709602	https://z.moatads.com/nativo483ETsY34/moatad.js?moatClientLevel1=35040&moatClientLevel2=175860&moatClientLevel3=481409&moatClientLevel4=5457859&moatClientSlicer1=8666&moatClientSlicer2=0&ntvDomSearch=ntv1072767-481409-42551
20345479	https://tpc.googlesyndication.com/sodar/sodar2.js
609994806	https://api.bounceexchange.com/bounce/reloadCampaigns.js?wklzs=1155&wklz=C4ewVgigvAZgrgOwMbAJYgQMhQZygRgDYBWfAdgA4AmK6gZgE59NgAvEKAFioAZMB3AKYAjHKmCCA+qgAmXHgswAnQThAAbOGgxQKlAB4VOxZYJiClKpVGwBDdetQIA5pLhL1UABbBgABxwAUjoAQUCqADFwiP5YgDoZW1R1AE8EQX4cOKQQAFto3hponjoCqmjbBBBgLwsAWkF9Ov4QZ1s65xTchFscYDr7dUFnVTqcWubegeE4HEEZOuEUusc4AGsnaMwAN1QxYEkckA3BKECyACFwqnU-a+Cwmh9-IKpiUPDiSM-I2P4EpKpdKZbJ5H4RQrlN6RErgorQiKVaq1JQNJotNodLo9PoDBzDUbjQSTHDTWbzRbLVYbBDg+5UADC1yU9w+8PKZAAItgQMdUKdzlcaDJnBFUEo+gAZEC2GSskLAJRwQThJlPWxKGQASU58uutHUnIAylqkGQAOqsYTCZz8AAqACkAJq5BgpJQRBkyKgAJUeULVVDUMGAOr1NANFH4koAsgyABIXLUAaWEETgrC1TrgtidPoAciEHREePTAyK9ZdrnsAAoqXYgWYM2agXIWeUwexzVXVnBGuCiJBKVDCdtFUKd9Tdrk9mgwbbAeVEUiUGiUWdUXZy8chZfkahUSj4BhUTgMCgb2wgeWlxnXW7hqjPAKfNlfKIIv4A5JpDJZHL5AikLgrCQFQu+SI1PUjTNK07SdN0vT9IMBKkkSJJknMCxLCsqDrJsCJltcvQ3hu2x+NsS4btu5RslQNEbiyO70gG1xIAuS4kPua4XneNBiAxoSsTQzhDvKhBkBugG0SEt7lrIj7EIQFAlOQDDEHonD4AolBkJwRE0OoHE7nuq6HheXI7BqOAANp+LYIySMAKR+IIAC6sBdoIVkSjZuQgIk6iSLsYjCEMHmTnMPm2TIMB+JIShhSASBrB5VQHCosopDyfJSKAICSOoGojJ5U7ecIfhQHwgj+FANkAEQamgSBDPVAA09VILYEjOCASgpO19VeHkgj1W5mB+MAeA8rkfiOJUSBSDARXODY2xeLYNgUbIBDKOozmuVAsXxYl6jJWse09G2UDbBqqC2GF3kbZq0hyAaxqmhaVo2vazquu6nren6mDBgcO2RtGcaJimaYZlmOZ5oWxY8EAA
3172522174	https://api.bounceexchange.com/bounce/reloadCampaigns.js?wklzs=1229&wklz=C4ewVgigvAZgrgOwMbAJYgQMhQZygRgDYBWfAdgA4AmKigZjoE4zNgAvEKAFioAZMA7gFMARjlTAhAfVQATbr0WYATkJwgANnDQYoFSgA8KXYiqEwhy1cqjYAhho2oEAcylxlGqAAtgwAA44AKR0AIJBVABiEZECcQB0snaoGgCeCEICOPFIIAC2MXw0Mbx0hVQxdgggwN6WALRCBvUCIC529S6peQh2OMD1DhpCLmr1OHUtfYMicDhCsvUiqfVOcADWzjGYAG6o4sBSuSCbQlBBZABCEVQa-jch4TS+AcFUxGERxFFfUXECiWSaQyWRy+V+kSKFXeUVKEOKMMiVRqdWUjWarXanW6vX6g0cIzGEyEUxwMzmCyWKzWmwQEIeVAAwjdlA9PgiKmQACLYEAnVBnC7XGiyFyRVDKfoAGRAdlkbNCwGUcCEEWZzzsylkAEkuQqbrQNFyAMrapBkADqbBEIhcAgAKgApACaeUYqWUkUZsioACUntD1VR1DBgLr9TRDRQBFKALKMgASl21AGkRJE4Gxtc64HZnb6AHKhR2RXgMoOi-VXG77AAKqj2IDmjLmoDylgVMAc8zVNZwxrgYiQylQIg7xTCXY0Pe5vZoMB2wAVRFIlBolDnVD28onoRX5GoVEo+EYVC4jAom7sIAVZaZNzuEaoL0CX3Z32iiP+gJS6Uy2VyApEShCE4WA6EP2RWoGiaFo2g6Loej6AYhkJMliVJcl5kWZZVlQDYtkRcsbj6W9Nx2fwdmXTcdwqdkqFozdWV3BlAxuJBF2XEgD3XS97xocRGLCMp+KoFxhwVQgyE3IC6NCO8KzkJ9iEIChSnIRhiH0Lh8EUSgyC4YiaA0Tjd33Ncj0vbldk1HAAG1-DsUYpGAVJ-CEABdWBuyEGzJTsvIQCSDQpD2cQRGGLylRVPz7NkGB-CkZQIpAJB1i8oYQAEXl+WkUAQCkDRNVGbzp18kR-CgfghACKA7IAIk1NAkGGeqABp6qQOxJBcEBlFSdr6u8fIhHqjzMH8YA8F5PJ-CcKokGkGAipcWx4v8OyvOIC9dLIGhGHwTB1s2qAPkIQh8C4ag6BYY6vMIRReA+OhyCoI6EpO7aduIHhmF2bw7FsSi5AIFQNFc9yoEC4LQv2Udhja9akpStKwd6dsoB2TVUDsCLfIBrUZHkQ0TTNS1rVtB0XTdD0vR9f1MBDQ4QajGN4yTVN00zbNc3zIsS14IA
