2958475265	https://cdn.jwplayer.com/libraries/1BWlFwPe.js
746409091	https://cdn.cookielaw.org/scripttemplates/otSDKStub.js
154390122	https://cdn.cookielaw.org/opt-out/otCCPAiab.js
3780609560	https://time.com/5950888/suez-canal-boat-freed-explained/
3823043270	https://securepubads.g.doubleclick.net/tag/js/gpt.js
4107760887	https://www.googleoptimize.com/optimize.js?id=GTM-WB22H4T
3956002301	https://assets.time.com/draper/draper.min.js
2777046426	https://cdn.speedcurve.com/js/lux.js?id=4265275546
1131263811	https://c.amazon-adsystem.com/aax2/apstag.js
1871176470	https://micro.rubiconproject.com/prebid/dynamic/20996.js
1237005758	https://www.googletagmanager.com/gtag/js?id=UA-97981691-1
2439216687	https://s.ntv.io/serve/load.js
2124319658	https://ruby.fusemachines.com/js/shortcut.js
3276534203	https://www.googletagmanager.com/gtm.js?id=GTM-P59JVDP&l=dataLayer
3047314523	https://time.com/dist/authentication.js
719062087	https://securepubads.g.doubleclick.net/gpt/pubads_impl_2022050201.js
3810141549	https://cdn.cookielaw.org/scripttemplates/6.21.0/otBannerSdk.js
3504763078	https://cd.connatix.com/connatix.playspace.js
3646883078	https://s.skimresources.com/js/143429X1608040.skimlinks.js
419466339	https://ads.pubmatic.com/AdServer/js/pwt/161125/5493/pwt.js
193836990	https://time.com/dist/article.js
3268346347	noname12579318368469873358
1854560696	eval11762731304089447202
2615332151	eval2709450609235018674
3329800204	https://www.google-analytics.com/analytics.js
266717273	noname9050797587909257038
4238896531	https://secure.cdn.fastclick.net/js/pubcid/latest/pubcid.min.js
2604398727	https://ats.rlcdn.com/ats.js
1188805697	https://c.aaxads.com/aax.js?pub=AAX5DN745&hst=time.com&ver=1.2
3900611125	https://cdn.id5-sync.com/api/1.0/id5-api.js
1601627333	noname15644355828136405780
2118607719	noname15578175012076838757
518659323	noname5534994037262787792
240045306	eval2454729367770451513
1964406630	https://time.com/dist/lazy-image-client-js.c1bb62e33f341c07e767.js
1401573276	https://time.com/dist/mobile-anchor-recirc-client-js.ceb21c723104a0a12ef5.js
3915231258	https://time.com/dist/feed-client-js.4722d4e3ec92da339869.js
2114120228	https://time.com/dist/video-jw-client-js.630e1d39c18f6954603a.js
233174458	https://time.com/dist/image-new-client-js.d709d49c54359071f937.js
2959975468	https://time.com/dist/6211.ab24a369fac55e493519.js
2447398003	https://time.com/dist/popup-client-js.37feb4a01db308187ad8.js
4103344949	https://time.com/dist/2101.eaf50404f1ce7971c74f.js
242879074	https://time.com/dist/navigation-client-js.b85bf98944652d0343a7.js
4292389789	https://time.com/dist/8915.ac63ea43924962573f93.js
2575774874	https://time.com/dist/meter-wall-client-js.61ae112fdd6fb9c20c58.js
4241528106	https://time.com/dist/connect-crypto-wallet-client-js.b032374dff1e3a824fc9.js
1728312773	https://time.com/dist/crx-recirc-client-js.d8a5d7070ddc44b45492.js
1701853267	https://c.lytics.io/api/tag/da6ecc9b47fdaed8ca59cf2c13f8695d/latest.min.js
2995919571	https://cdn.parsely.com/keys/time.com/p.js
3312719539	https://tag.bounceexchange.com/1709/i.js
3975912159	https://static.ads-twitter.com/uwt.js
4139146345	https://cdn.embed.ly/player-0.1.0.min.js
4283919970	https://b-code.liadm.com/a-01be.min.js
3664942726	https://connect.facebook.net/en_US/fbevents.js
3027241853	https://s.yimg.com/wi/ytc.js
1422625310	https://ssl.p.jwpcdn.com/player/v/8.25.1/googima.js
1943044759	https://ssl.p.jwpcdn.com/player/v/8.25.1/jwpsrv.js
3664333786	https://ssl.p.jwpcdn.com/player/v/8.25.1/gapro.js
1512631134	https://ssl.p.jwpcdn.com/player/v/8.25.1/jwplayer.core.controls.js
694794427	https://assets.bounceexchange.com/assets/smart-tag/versioned/br-ijs_all_modules_cjs_min_78fa01f79ccac624a0a6251a69352b99.js
762034601	https://connect.facebook.net/signals/config/417891852373462?v=2.9.58&r=stable
818117162	https://b-code.liadm.com/sync-container.js
2124192777	https://ssl.p.jwpcdn.com/player/v/8.25.1/provider.hlsjs.js
3882122811	https://imasdk.googleapis.com/js/sdkloader/ima3.js
3295859147	https://player.ex.co/renderer/88d047ba-8954-4830-a439-6aa7b7c72fb9
3048326081	eval2118169567668744218
1379351741	eval3730102971001784043
4116615619	https://s0.2mdn.net/instream/video/client.js
242209581	https://ssl.p.jwpcdn.com/player/v/8.25.1/related.js
3553155664	https://player.ex.co/player/88d047ba-8954-4830-a439-6aa7b7c72fb9?passToSdk=true
3668059719	about:srcdoc
3092574856	https://p.channelexco.com/player/player.js?pv=117.25&p=616053040&cb=ed7bc110-b4b7-4264-98d4-42e5b4a65bca&d=https%3A%2F%2Ftime.com%2F5950888%2Fsuez-canal-boat-freed-explained%2F&schain=1.0,1!playbuzz.com,0016M00002KTuu1QAD,1,,,&w=640&h=360&asr=1&impDetail=1&sid=&sid2=dfp&sid3=main&us_privacy=1---
1051653843	https://c.lytics.io/static/pathfora.min.js
3647931593	https://c.channelexco.com/player/player_117.25_d.js
482265401	eval14322424384729536501
815297370	https://cdn.ex.co/player/prebid/prebid_mp_5.20.0_02_22.js
1122809578	https://js-agent.newrelic.com/nr-1216.min.js
46947480	https://api.bounceexchange.com/bounce/init1.js?wklzs=1617&wklz=C4ewVgigvArgdgEwKYDMCWckIGQGNgDOUAjAGwCsxA7ABwAsAzKccTVdsAF4hR0BMABmwB3JACMCaYEgD6aBCSoCAnNgBOSAiAA2MYGhBwobGgA965daiRqNaqHgCG27RgDmMmGu1QAFsGAABwIAUgYAQRC+ADEo6P0AWyQAOlwQBLjyZXIBGjy4ghgkTgBaXEc4ZxKxEEdgEpQNLBKkU0DtRwwsOOwANzRJYBk0kABrNCQoEKoAISi+bUD5sMi+Pn8g0L5yCKjyGL2YxJS0jO2YrJy8mkPowuKyiqqauoamhBa2jq6EW+W+ADC8zUy12a2WVAAIngQGMJlNZvNeqDIoi1r1nEU5HBho41MAUQIokC1hoUDJAjZJAQCeCwXx-iS+IUxAkpNIEDJDIMkCiUM4CLzAfMkOVAjJBUgcf1BnyBUKmdoQG43FhsXLtILifNjp5BWoZHAQEMlY5kL86eEicK1gg6s5HABPGwyDRmx0o4BqIratZKlVqjAyRpIIUMiL8zUK+YstkBNXAXyyMRqCYoDVam3MmCs9lq7RIM1U3xoJaWyNaqG+vgINzRNBqGkAGVqFvD4S9PqzvjxCAAkpCUfM+DRtAAJFAoGBUACOAE0QOQwAApBgAUToAGk9JCAMoIACqM6njJjIBQwAHQ7WI+0NGETYAsgCxzM+5uxNEYJw+3OYI45wAJQAOXCZdomtBkoT6PECAAbSkJAEgIbFcXxABdKAhAxRs4IxXRZCDcoMKwmDcP6ZAQApDpHXcTCKyQMj4LJCkqQGYBMKYuCCECbkQEbEtxUCDRBTgDioAQAZHDEAscBw+CWQIXBUzEBMQDtR1MOIJguMU5S0FUzlEwGGRRCQUYtOJahiC4wJHFVGRgHs+j5Vs+zZGAR1KUwvF9FwAsuJTQsEGUmAEjEFyoy43y0H82R-McAgCEiwUuIQFBxTUGSQFwCyJKkmSsECxxcvQFwZGQdoQEdJIxM4+S4N1QwJUQlLGIa8ppDcfjNKgBjdJzOMOS5OAeTa6L8VigtDUcJJxoamK4txLqevm2C4LSMSpSGTqkG6tRev6hrRUccVJWlAYpDW3D-VVTkg2EjBxKO9bbsDOBruYvbTOcbQKRE7bPrg9onRdU1zSBt77pxSS3CkZwgbsx1hF+mQZQMgsgc29A1ASOoDBxOzVSxpNcpAPR-tipBIcdPyUMFNxavE36uI0DxsYbPH9Gaonqb61yGoSR0ZBKtJ4CGYTNEB-mooa3UYH1Q1jRkcGsEw7D1rtJyaJdN0EF6zt2vWpJpANFHysl0TnoF17lTu1DgBQPKXtw9y0ZsNAUEOm2brt97gyaIHYzzIykxkFM0yDwaQ5V4Li1LIG1FbbLcpkVo7MQNWoENrjNukMThmQ5a9tWmXUt6ZAUDwzFCJxYjxOwyu4JOs7QwuwZ5qbqHsU71BGrQJI9RdI0TVbLOhBGcYPNhFW8VVMvGLEQJSKQIIoDggAiRaCw3gAaDfdv2x09433x0iQE-BTxXBfA39DsECQgoG3xjTnaNAKlwWQUA6NwHF6HsDgexqHugoW8E4pyzgXEuVcG5tzAD3IeY8MBsBaAvHIMBo57xPhfG+D8X4fx-gAiBMCEEgA
20345479	https://tpc.googlesyndication.com/sodar/sodar2.js
1920442646	eval17762068510049487402
3301762221	https://api.bounceexchange.com/bounce/reloadCampaigns.js?wklzs=1976&wklz=C4ewVgigvAZgrgOwMbAJYgQMhQZygRgDYBWfAdgA4AWAZkPysIE5NgAvEKKgJgAZMA7gFMARjlTAhAfVQATAmV4sATkJwgANnDQYoFSgA9qxTKphDlq5VGwBDDRtQIA5lLjKNUABbBgABxwAUhoAQUDuADFwiLQAWyEAOiQQWOjiJmJeCmzonDghNgBaJFsEe0KREFtgQphVIVlCoQM-DVsnBujMADdUcWApZJAAa1QhKECyACFw7g0-WeCw7m4ffyDuYlDw4kidyLjE5NTNyPTM7Ip9iLyC4tLyyura+sbm1vaETtOolfCAYVmykW2z+fzIABFsCARmMJtNZt0QWEEStuvZ8jIEINbMpgMjZrxFtxASszFI-BZxDh8X9QdxiaTuHkRLEJJJZFIMP0hMiYPYcLySbMhCU-FJBUJsb1+gSVvyNILGbMNCBnM4Gli5dwFUqwUzDm5BcopAgQANVbZZN8GfSifrZrJqvZbABPCxSVRW13I4DKfIAlVqjWcpxSOpCIW2kK6oVMlls3ya4BeaQiZRjGB8gVx2YJ9majRCK1UryoBZ0mM5yYQwMrWTOCKoZQ0gAyVVkvv9uZWXlxsgAkrXK7NuBQNAAJGDwMgARwAmiBiGAAFI0ACiVAA0toIQBlWQAVVn8GVK3UMGAQ+1Y40FAErYAsv8J1MB1uRBE4GwB-O4LZ5wAJQAORCFcIntBlhXlbpaWjIhSEoWh6Drbhek7SsEPIag6HwGhiEIU5UNsEBkXtJl5m1NYAh2UFdl+ejDiSFJrnOLIch+W4ihKMoNAqKoagjBomhaNoOgw+iz24WwNmjcjET8JFMNQjDo0dKTgRHMEoKZJBYORLCkNw1DxFUpYdNmZwkE06NiGIVCTjklS5BvXg6F4XgqCoJg+G4HzCBoWh8CkjR9MwkhsOQ4LoO4EpYj8dpnAQWSlkmGYVnIXhiEoQgCVRNClKcmLQrgpZDJwlDIRrGselxHAAG0JCEWIcCxHE8QAXSgfh0Rber0S0aQwxKTrutqvr0KEEAKTaV0nGcLrY3GhryUpFs+mALrlvqnA-G5EAWzLcU-FUQUEE2qBZD6WwRCLWRtpZHBrNQERkxAJ1XS6vDCAeuAxGe17ORTPopGEIRhi+gFyHwbaEo1KRgFsBbYBzWGkekYBXUpLrcTQJAi229Ni1kay4FiERFtR3qGtx1B8ekfGZJwSnFSEbbZBgcVlFukAkAhy7rtuhpCdsPmYFQBwpGtVoQFdeJzq26n6sNDAJSarq-XybaSkkZwDs+lHWd+1kC05bl1cNwVttp+nTVseIWatpWbaLHFdf1x22aV5JzqlAYdaEPXlANpaldFWxxUlaU+gkT3ttVdVNTDE6nAu0O6vqhOQyxOOldUVwBHsDQKVOv3c4zj53RNS1rVkcu+qzpPsSu5wJHseuGoS11C8lmUXqLDv6p98XlFiap0GxOGhEHpBUz5kBtBLunp8tr2M40V08dawVnHli6i+2-PBgwEex50Sf0cH2JXSkUXkkQAYTrUMvV+2w04GNU1zSkGuGi6nqM5OkRrND0XpZAG01mvPq8RJAmh7sXJ+Z005U3XsGJuCMYD83Tn1dGUhugWFQDAEOKCG5oNDNiISg98xJiBqmKQ6ZMxUL+omDkP9ialnLIPZQHYeZ8ykO8UotcNbdm1hgSQ51BgtTdoHD2r8hijAxjCH+uINSvxEH4MaQh-BQHqgAIhdkIXRAAaXRAcg6umMborwKRDEmMFLiWeuiOqYD8MAPABjoTxUcKUJA0gYBtGcDYbofYbCKTkAQUwGhMaUigKtKkG0jG7X2odcsJdn7nUSX9J6GZAYI3em6TJ-0cnJjLK1MGwwjFTwRljIQRiOZc14RUjeW8JSBz3nU50ICTRgNdHUzmnpGmRLKPEKAvVUA3QJn2ZQoZ5C3inDOBcS5Vwbm3LuA8x54CYAvAMcJt57xPhfG+D8X4fx-gAiBMCEEgA
2496049504	https://api.bounceexchange.com/bounce/reloadCampaigns.js?wklzs=2007&wklz=C4ewVgigvAZgrgOwMbAJYgQMhQZygRgDYBWfAdgA4AWAZkICYqqzNgAvEKK+gBkwHcApgCMcqYIID6qACYEyPAJyYAToJwgANnDQYoFSgA9qxVYJiCValVGwBDTZtQIA5pLgrNUABbBgABxwAUhoAQSD6ADEIyLQAW0EAOiQQOJjiRWIeChyYnDhBNgBaJDsEByLhEDtgIpg1QRkiwUN-TTtnRpjMADdUMWBJFJAAa1RBKCCyACEI+k1-OZDw+npfAOD6YjCI4ijdqPiklLStqIysnIoDyPzCkrKKqpq6hqaWto6ELrPo1YiAMJzFRLHb-cFA1Y4QQuUHhYizYgAESmSOwIFG40mMzmPThU1mqx6DgK0gQQzsKmA+NWPCW9Eh9DUMEk-ksYhw1P+YPo9MZ+WEcXEEhkkgwA0EcJgDmhgLmglK-kk0ME5L6Axp9GlmllELmmhALhcjTJmu1ut5DLmR3c0JUkgQIEGBrsMh+vJ5dL1qxkNQcdgAnpZJGpXQG4cAVAU5asDUaTc5JPVBJLuaFzan+XBBcKTcBvFJhCpxjApTLM3MBUK-CbNIJXezvKhFmmM6iY-QZC5IqgVJyADLVGQRqMV1beSkyACSKLTc3oFE0AAkYPAyABHACaIGIYAAUjQAKJUADSOiRAGUZABVdfwPmVkAwYAzzULzQUfj9gCyAKX0ynE9hEiOA2CnTc4DsTcACUADlQj3SIvUtRkYB6LkPVCIhSEoWhCHwDs+mHNNsPIag6HwGhiAYPYOzsEA4S9RkFk1dZAl2ME9j+LijmSVIbgubJcl+O5ilKcpNEqapamTRpmladpOmIriH1WOxNkwpjcX8PESI7YjMLmAyOxBOdwRQuYkHQuFSNwiiOzEYywhoDsXCQUzMOIYgO1OTT9NkN8eDoHgeCYRReHocLCBoWgCO9eZrJIkgyLwuLGVKOJ-A6FwEA05YCTmcgeGIShCHxHEiV0vyrVjRLMNs8j8PbMgURa3pKRwABtcRBDiHAyQpKkAF0oD4Yk+064ltCkRNSmG0b2omojBBAVl2gDZwXBGjNFq65lWXZfpgBG3bOpwfxxRAPsmyVfw1GhBBjqgGR+jsYQ6xkU6BRwdzUGEPMQF9AMRsowgvuzH7i3+0V836SQhEEEYQcBch8FOrLjUkYA7C22xxq6jGpGAAM2RGyk0CQOtTqLesZHcuA4mEbby1O8nUEpqRKfUnBmZ1QRTpkGAlRUd6QCQJHnte97GmpuxxZgVBHEkN02hAAMEkek78c6m0MGVHqRsjApTtKCQXCu4HYBZ7Wq1zUVxQNq2+dZql2brB07ASXnoRdin3dNmELe9-ntZSR7VUGAPzZUS2du1hU7CVFU1X6cRg9OuNjVFRM7ucJ6446zrM4TBB0+1tQ3H4BxNFZe6I7LwvPiDe0XTdGQG4m4vs-JF6XHEBwO4JwMq6V9U-rrQfOrDhWVDiGp0HJQnJ6QAtxZAHRa-ZwRJ80AMKf66EXA1p7q9OiuhgwGe590Rece3p2fe1uIA0kOWUkQQY7vUeuH5DwubTgHaB0TpJCt0aCNMahdfTY3WsGUMMhLZGz-hNBIEh7Qjxrl-B6T0kEZ0NFnAawAYASwLhNO+kgeiWFQDAWO1tC5dwGrJSetsawwwLJIIsJZmHZmrCKUBtNGzNknioIcotxaSA+GUNuhtRwmwwBIR6Qw+oUjNkHKAAB1K6mhPrDDGETDEoDKTGl-pgYQ-gFqCACFATqAAiNmHMbEABobFRwtk4mx3hUiCHcdCSkK8bFDUwP4YAeB7FUxOG0VAZQkBSBgO0FwthBb+E6iNYgFAaD0DIFQfAaSaCYCSSkqAGQiD4CoAYHgYMCmpJ4PgTIigFAUDGhOBaOlZAEFUJoYmbIoC63JBKRxhMsY40cag4MGDa7f0eo4sOCjI7KNcTHDp5QEhQHGlE6WmAJwqGznId8K41xbh3PuI8p5zxXlvPATAGhnzSF2YuT8P4-wASAiBMCEEoJwQQkhIAA
3766004596	https://z.moatads.com/vidplaybuzzjs491747965698/moatvideo.js
3596160030	eval10004847575357867204
4209431039	eval16424628259555643818
522747143	https://time.com/6173104/lula-da-silva-transcricao/
2723366486	https://securepubads.g.doubleclick.net/gpt/pubads_impl_2022050201.js?cb=31067406
2606206349	https://time.com/dist/single-column-article.js
1727390261	noname6001910139043944814
3067501928	noname4175749054192345716
3857237271	https://www.googletagservices.com/activeview/js/current/rx_lidar.js?cache=r20110914
3718260959	https://pixel.adsafeprotected.com/rjss/st/779519/62034726/skeleton.js
1427619024	eval16069589808641027154
4154763868	eval3174993335457283701
2465365577	eval10970306523738632653
4232198078	eval14375282161291015339
119788574	eval15506196357283305543
3267209296	eval14255217969515177313
1687219731	eval4129243707992982963
1148957028	eval13323442390539361310
3553216634	eval837518153037594675
990270564	eval3945954149215681414
4183141447	eval13391083855747450395
59756906	eval17291543524522859982
3841346107	eval16919102201772112334
1117875668	eval54870868160757218
481182648	eval14001501174791968720
2523597925	eval13251872800681506538
3047756595	eval10055925265571884756
3125720346	eval7197683547872763889
3610018328	eval17865246220875601827
1916462718	eval13701159380263173633
1218172790	eval10459391939760867035
2150908370	eval10070993669153221061
78338185	eval7616389419065301103
3803939652	eval6612601203158544044
3104501325	eval1478275340251405375
1494920060	eval12185666263941214809
2539322986	eval14649654860214220203
28393793	eval1518091386014569202
2350913422	eval10728729200892591307
2721012348	eval7585244187930943508
2286189114	eval6201728876974179775
3385652925	eval1923884098737144603
3234509450	eval2543264858676515000
3781895870	eval13025026800286642282
3629908176	eval3519282138377772790
3936970938	eval12439943825448069857
109003488	eval8205281423180482614
4254211836	eval6562947970163841273
3809810757	eval11711637980420854275
2131144165	noname14315712674908326148
3468788907	eval8853466235185052052
3969420506	eval6563081084151727948
2751518785	eval246319000620588764
334084786	eval16512764627607940738
3701340264	eval10671385407887502190
2959109469	eval12687224385533979819
3370209153	eval3663286766635569048
2192551437	eval1737004522745470382
375838954	eval16676840703113578376
2766456866	eval2418376086635043266
3687021977	noname1176848954717541268
3071123768	https://cdn.doubleverify.com/dvtp_src.js
2761680810	eval14460280162669930889
1065892605	eval10523566927702154674
3963425365	eval6727635084765148869
2502709132	eval11824086694078463991
2203856633	eval13163369849262157454
2370226283	eval13780289025462220647
3005762610	eval5950610636627449623
252233870	eval10621886874833363984
2286866927	eval13974022574908346252
694899744	eval17335973456649302583
532728513	eval17719536351318987191
397659749	eval2708014703435892400
315830497	eval12686601821279657426
3099189764	eval14876320915112841906
2392671195	eval15228878158622357132
3911112154	eval12903091996529855928
3876570107	eval13103118326940111657
686013892	eval4829445443663604561
4022406549	eval1939971010579178413
1327989369	eval1477853983148077929
3618169000	eval5177444252917477568
3816505733	eval14015680282873088011
1550226953	eval11292520853334704371
4242237550	eval16152556249103664441
2828010494	eval12143910102126260448
2763666067	eval2079134845187841174
2245422669	eval1184008199525502184
541433262	eval22372398247850165
1225903157	eval17782763145344319216
3495368843	eval9242753606137077450
1482122306	noname13278335012264579710
1375190984	noname16476235236385992194
1748173491	eval7692446868707984465
1475654182	eval9370567766163945557
3907823883	eval8237338906416175159
3078188998	noname3756288042539741027
3032683253	https://s0.2mdn.net/879366/express_html_inpage_rendering_lib_200_276.js
2390626115	https://static.adsafeprotected.com/main.gr.19.8.309.js
3174574758	eval198086177051602070
1763886537	eval12183732636159400220
1553443490	eval15913445748355229617
354950745	eval3276630771632164203
2136228932	eval15521231760057090123
756192438	eval1705544955591426164
1001454122	eval9954252749395444316
3769164300	eval13491515522243134067
2408047262	eval16121895162152431700
2436990318	eval13016057558179907803
2817752998	eval3912836238046167090
2412719456	eval6688598170250391944
1484724909	https://cdn.doubleverify.com/dv-measurements2678.js
2694479312	https://static.adsafeprotected.com/sca.17.5.12.js
2262631459	https://tps.doubleverify.com/visit.js?gdpr=&gdpr_consent=&flvr=0&ttmms=753&ttfrms=65&brid=97&bridua=3&bds=1&tstype=2&eparams=DC4FC%3Dl9EEADTbpTauTauE%3A%3E6%5D4%40%3ETaue%60fb%60_cTau%3DF%3D2%5C52%5CD%3A%3DG2%5CEC2%3FD4C%3A42%40TauU2%3F4r92%3A%3Fl9EEADTbpTauTauE%3A%3E6%5D4%40%3ETar9EEADTbpTauTauE%3A%3E6%5D4%40%3E&srcurlD=0&aUrlD=0&ssl=https:&uid=1651784354830516&jsCallback=dvCallback_1651784354830453&dvtagver=6.1.src&navUa=Mozilla%2F5.0%20(Macintosh%3B%20Intel%20Mac%20OS%20X%2010_15_7)%20AppleWebKit%2F537.36%20(KHTML%2C%20like%20Gecko)%20Chrome%2F101.0.4940.0%20Safari%2F537.36&htmlmsging=1&chro=1&hist=2&winh=900&winw=1200&wouh=845&wouw=878&scah=892&scaw=1859&jsver=2678&tgjsver=2678&lvvn=28&m1=15&refD=1&referrer=https%3A%2F%2Ftime.com%2F6173104%2Flula-da-silva-transcricao%2F&fwc=2&fcl=2932&flt=0&fec=1795&fcifrms=21&brh=2&sdf=2&dvp_epl=189&noc=10&ctx=21226187&cmp=DV648465&btreg=5986807898138387379688&btadsrv=5986807898138387379688&adsrv=104&unit=728x90&seltag=1&sadv=5023745193&ord=3012569668&litm=5986807898&scrt=138387379688&splc=/21801468956/tim.mdp.com/world/none&adu=22356607600&spos=1&c1=world&c2=ad-101x1_970x90_970x66_970x250_728x90_1920x480_1920x300_ATF&c3=none&errorURL=https://tps.doubleverify.com/visit.jpg&mib=0&dvp_scripthash=1&t2te=0&dvp_rcp=2&dvp_htec=1&dvp_seem=2&dvp_tuk=1&dvp_sukv=6826663468.230178&dvp_tukv=425496284261.5919&dvp_uuid=1103523286.5096922&dvp_tuid=833350156635
1190211091	https://sb.voicefive.com/c2/17692094/rs.js
2708056745	https://ads.pubmatic.com/AdServer/js/userSync.js
2763958600	https://sb.scorecardresearch.com/rs/vce_st.js
1582154652	eval10265916185034914733
733882882	eval8941293822312611515
2556537525	eval15042022475632127910
2974554368	eval8218839815634942458
2522090028	eval5028375796511354280
2252964590	eval15681676421591629093
225953101	eval14336350440104635017
1162868859	eval15034377063336446666
3991557710	eval9180569947191912784
1731300951	eval3458366282173643940
4245034691	eval6525479701542469379
4243354948	eval10005832964128677182
4022860947	eval13464531778066889067
3765421375	eval1476913270312839369
3493831636	eval18027608550925878403
4055198804	eval4275594049858121739
2981729370	eval2543381090442941806
3531923687	eval17828938348843028406
4215477862	eval11046276794978163655
3453725342	eval10962262175895173394
3813041691	eval13639940949592933502
4196517639	eval1382168123497157323
1321217849	eval11859618540530656131
258180375	eval14977613087914589697
1042610464	eval1161220405005307632
3129399571	eval14639891735679743786
3238900804	eval9766330216798454664
3018482267	eval7970656807919189951
2052505196	https://api.bounceexchange.com/bounce/init1.js?wklzs=1593&wklz=C4ewVgigvArgdgEwKYDMCWckIGQGNgDOUAjAGwCsxA7ABwAsAzKfZdsAF4hR0BMADNgDuSAEYE0wJAH00CElT4BObACckBEABsYwNCDhQatAB4tVqJCrUqoeAIabNGAOZSYKzVAAWwYAAcCAFIGAEFAngAxcIjdAFskADpcEFjo0moGYj46aO1NOwBaBELxTQA3QuAVOzgCXBU0XDsQaOwytHFgKWSQAGs0JChAqgAhcJ5NP3HgsJ4eH38gnnJQ8PJItci4xOTU5cj0qkzszYi8wuKC0oqCqpq6hqaW-ai58IBhcZVp1be3qgAIngQH0BkNRuMyj8whC5hVtNIMN07CpgNC+B8vqgpH5LOICGi3r8eNMeJ85gQYCJYhJJAgpPpOkhoSgHARmWTxkgmn4pOykHApO1Oiy2RzyRMQM5nFgZHBRZp2Zi5ts3OyVFI4CAupoQHZkAh0cqeMVgA47ABPSxSNT6i3QqowcXjXXS2VIlBqDkk0KsxXOilUmm+WXALzSEQNVAKpWcwPU2myzRIfV4rxoKZEkJ+pWA40IZwRNAqAkAGT1hqzjoD8xRCAAkgDoeMeDRNAAJFAjEAoYAAeRCsQAcuxgAAVYQ0ACOvTHKgiAHFS5pSRKNL3G825q3NDRBKWALLvdsjesAaREERg7HrAE0YHZbwAlIchABSEQx-yBFRLAG0JCQWICDlZFUQAXSgARfwIP94SdUCmggqC2hRWD2mQEAcXyC0XEgnMkFQ-81BQHE8Q6YBIKI2CCD8RkQBLdNeT8NR2TgSioAQDo7BEZMcBgv9KTEeo0BEUMQGKC1IOIOg6GowSqQeUTQ3TEDhCQXppI+RhlAEvw7BlKQzWcfCxXk-TDOAC1cVM-15MjFMEHqGBYhEWz2XklFdFwZNunyAgCHcwiBIQFBeRUXiQFwTTOO43isHsuxovQRwpGQPxdQteJ2KogTVX0PlAKC+SmkkZwGKkqACPkoTgzpBlaiKqqzIErzGl8uA7HiYrWtRdrpFKpBypUSrqoE5J2IFLpBuG0aWrQv9uTsXl+UFYUJB6hbXRlekkRYjAOLGrapR2uVNuIoapEEBxNBxVipvO2CMsta1dVTBBHr-bb3UFLjnAkBxPv0i1rtS9b4s+ib0BUWI7F0AqLKQSHw2ikAdDuxokeauyBM0C1vJA9lnGyw75ou1woeLWH4cFRHPtiC0pCS5J4C6Fj1Ae7GPLytB4jVa0tR1CssEg6CFtNc0rQ1W0EEq6t5PiSQNVB272bY0mceOt1dsFYAUBio7-wM6QyksNAUDmzX-2+nWpE9JAscNmig0TekwwjKMUE+2rXakZNU0YjNPpUCtIuiqQkGMfTEBFqB5fG-RJHY7pgORMqKp65AUDghwEKRJCOOgrPFp5PkHbWjoNq54Li5ts7q7aYvVRgdVNW1P3hY+lCen6aRQCw-IVBlBuRD8FCkH8KA-wAIjanykGngAaaeZoqpfp68FIF+X9kUVwLxp-A7A-EIWxdgytAalwaQUHyZxbDKLw7FsJ+VF2uQd07btewHYdRwnJA05ZzziXJobA64uiyCgDuPch5jyngvFeG895HwvnfJ+IAA
2181314472	https://api.bounceexchange.com/bounce/reloadCampaigns.js?wklzs=1980&wklz=C4ewVgigvAZgrgOwMbAJYgQMhQZygRgDYBWfAdgA4AWAZkIE4AGYizYALxCioCZHMA7gFMARjlTAhAfVQATAmUb1MAJyE4QAGzhoMUCpQAe1YqqEwhKtSqjYAhps2oEAcylwVmqAAtgwAA44AKQ0AIJBPABiEZFoALZCAHRIIHExhOQ0+IxUMdqadgC0skXimgBuRcAqdgg4SCqoSHYgMZjlqOLAUikgANaoQlBBZABCETya-hMh4Tw8vgHBPMRhEcRR61HxSSlpK1EZZFk5W5H5RSWFZZWF1bX1jc2tB9HzEQDCEyoza+--X3mOCELl+4WI42IABERlDsCB+oNhmMJuUwSNxvNKtppM4enYVMB0fNGDMeICeGoYFJ-JZxDgie8-jwyRScHARHEJJJZFIMF0hGCYA5gZ8JkJmv4pMChAgpB0usSeMLNKKARNNCAXC4hLznEqVWqWeSJjt3MCVFIECBupq7LJdUrSer5iVgA47ABPSxSNT2z1g6pwQUm+aa7W6mRymBqEMssKGkNsjlcvyR4DeaQiRrmIUipMTdmc7mRzRCe107yoaZM0KJ2Fi10uSKoFQMgAyIHtgZUwcbCwJsgAkjDaxMeBRNAAJGCjEAwYAAeVCcQAcuxgAAVYQUACOfU3KkiAHF25pWYX58AR0qJ5oKAJ2wBZD5T0ZDgDSIkicHYQ4AmnAdj-gASquoQAFKRM6xoUjA5SMvGoREKQlC0IQFD9h0shgih5DUHQFAZIQZBkMQ-YtGCzoUlMSqLIE6x-BsbzMTsySpGcRwnLkrwXMUpSoBUVQ1HUDRNJRrwXvMdjLEh1Gov4aK1vg-Y4WOrpSZSSqaUgCG4SQ+HoZhoY8OIalIbBEwuA0YI0PJ8z7HJqlyEqxDEKRGwGPgtBUNk1AkDQmkVIhsx4WhhH9s0cT+HYqAuHU6IovM5DMKRMGzBiqJKU5JnBfpqEERhDYmSl7lEYlmI8OU2WzPZkx6cpBnhUVZAwq1sLtASOAANoSEIcQ4FG+KEgAulA-CVG23XYsGQ3NKN42dVN2FCCANIFJ6zguGNiZLT1VI0nSnTAGNe3dTg-j8iAbZVlK-hqMCCAnVAsidHYIhlrIZ1Fo8qAiOmIAlJ6Y3eVQ30cr9-28hmnRSMIQh9CDny0Mok09TFOpSO622wPmZ0Y9IwCerSO142j3XZuWsgNHAcQiKTqpCGdBJoEgZY9AUOA4AzwJnbIMBSioH0gEgiMvW9H26mdIh2KLMCCZoUgOv4mqegkT2neTZoYNKfVjUGTPk80kguNdwO44z4PFmmvL8nrFu8+TLNNOzCB2AkPOG113XO2z0jGyCZue2dKRPbK3QB6bKjm7t5MSnYUoynKCoSMH5PhjqepyvdzjPbH3sZ5Gzhp97ahuAIDiK-d6jhyXU0q16Pp2g6sh1z1hdZ0rcUSA4bfdTFnoV448qdH9ZZ96H8sqHEdi6Nndg6hPmaiyAOg0k8Qh95onqs4NwIuOredk6XII9BgU8z3PNIL5vDte1NcSelIsspIg3TV49R+W1rqAJOaPrWltF2FuY0JrezdB6b0lo-SyHNgbM6CRJCWiHlXB6tc75nQ7kNYAMAxb5ymjfeUlhUAwBjsfKaWC8QxiELffBPUiyph5FjTMUhsyDBgH3BhJZeRlgrDdasfcVDAOFqLKQQhDAxQQCAqA8CjYYEkE9HoA18QmyDhg3oAxCYIikAUFQOoMEiH8ItIQAQoDdQAES+zLOYgANOYyOZtbHmO8KkIQTjgQEiQN4cxI1MD+GAHgeE0UnC1CQNIGABQXC2HKN4Owi1FJyAIKoTQRNaRQAOrSNsx0bEXSuvwu6aCno5IhmJKGWNAZemKWIUp6YqyDXhn0Gx-NBYiMaRAjaPoYGeiaQLX0rTkluwSFASaqB3plkwLElQep5B3hnHOBcy41wbm3EIPcB4jynk0JgDQC4ZAzMnA+Z8r53xfh-H+QCwEwKQWgkAA
3251142854	https://api.bounceexchange.com/bounce/reloadCampaigns.js?wklzs=1985&wklz=C4ewVgigvAZgrgOwMbAJYgQMhQZygRgDYBWfAdgA4AWAZjIAZ7iLNgAvEKKgJnswHcApgCMcqYIID6qACYEGATkwAnQThAAbOGgxQKlAB7ViKwTEHLVyqNgCGGjagQBzSXGUaoAC2DAADjgApDQAgoHcAGLhEWgAtoIAdEggsdGE5DT49FTRWhq2ALQyhWIaAG6FwMq2CDhIyqhItiDRmGWoYsCSySAA1qiCUIFkAELh3Bp+48Fh3Nw+-kHcxKHhxJFrkXGJyanLkelkmdmbEXmFxQWlFQVVNXUNTS37UXPhAMLjytOrb3+fcxwgmcPzCxDGxAAIsNIdgQH0BkNRuMyqDhmM5hUtFInN1bMpgGi5vRptwAdxVDBJH4LGIcIS3r9uKTyTg4MJYuIJDJJBhOoJQTB7ECPuNBE0-JIgYIEJJ2p0idwhRoRf9xhoQM5nIIeU5FcrVcyyeNtm4gcpJAgQF0NbYZDrFSS1XNisB7LYAJ4WSSqO0e0FVOAC41zDVanXSWUwVTB5mhA3B1nszm+CPALxSYQNMyC4WJ8ZsjlciMaQR22leVBTRkhBMw0Uu5wRVDKekAGRAdoDyiDDfm+JkAEloTXxtwKBoABIwEYgGDAADyIViADk2MAACpCCgAR16G+UEQA4m2NCyC3PgMPFeONBR+G2ALLvScjQcAaWEETgbEHAE04FsP8ACUVxCAApCInSNckYDKBk4xCIhSEoWhCAoPt2hkUFkPIagaHQ9JCDIMhiD7ZpQSdclJkVBYAjWX51leJjtiSFJTkOY4chec4ihKVBykqapanqRoKJec85lsJZEKolE-FRGt8D7bDRxdSSKUVDSkHgnCSDwtCMJDbgxFUxCaD7Zx6lBGg5LmPZZJU2RFWIYgSPWfR8FoKgsmoEgLOdCZdKU-TUIIhQ+yaWI-FsVBnFqNFkTmcgmBI6CZnRFFFMc4zygQmZcLCwgIrIEdyRStyKEIRKMW4MpspmOygvy0JCvw4r61KmE2nxHAAG1xEEWIcEjPECQAXSgPgKlbPqsSDUamgmqaetmrDBBAal8g9JxnEmhNVv6ylqVpDpgEmw6+pwPw+RAVtK0lPxVCBBBzqgGQOlsYRSxkS7CweVBhDTEBig9SavKoP72QBoGeXTDpJCEQRenBj5aCUGb+pi7VJDdPabExvrsakYAPRpfa80urMyxkeo4FiYQKZVQRLvxNAkFLbp8hwHAmaBS6ZBgSVlG+kAkBR97Pu+nUqdscWYAEjRJHtPwNQ9eJXouwnTQwKVBsmwMWcJpoJGcO6wdgSnCcLFNuV5Wp9ct5nWYJRpOYQWx4j5o3er6tm3akE3gXN73LuSV6ZS6IOzeUC2DsJ8VbElaVZXlcRQ8JsNtV1WUnqcN7499rOIycDPfdUVx+HsJWnrUSOy9m1XPW9W17RkBv+uLnPlbi8R7A7onPSrhw5Q6QHSwH8OFeUWJbB0XPbG1SeM3FkBtGpR5BAHjQPXZkagWcDWC6t8vgW6DBp9n+fqUXrenf5wnYg9SQ5eSRAulrl7j+d7XUHiM1vRWhtJ2Nuk1pq+1dO6L0FpfQyAtobS68QJAWmHjXZ69coAIMzpqbOo1gAwAloXWat85QWFQDAOOJ9Zpd1GtGQQd8iH9RtsWOGGZJBZgGDAAezDUw8lLOWe6VYB7KBAaLcWkhBAGBiggUBmCew+1muHCQr1ujDTxKbEO98WY9H6CTeEkh8jKG1FozAwg-ArUEP4KAfUABE-sOaCBsQAGhsdHc2zibFeBSI4lxQJ8RIC8DY8amA-DADwHCaKjgahICkDAfIzgbCCz8H1SazA6DcB4AobghBMBJJSVAYgCgqoUHoJQIpbQvC2BWgpWQBAVAaFJjSTBf8pC635E44muNF5OKQd6VBG866vXqR7eIUAZqoC+qWTAlTlC6jkLeacs55xLlXOuLcghdz7kPCeDQmB1DzmkPMic94nwvjfJ+b8v4AJAVAhBKCQA
698270860	https://time.com/5950829/vaccines-covid-19-infection-real-world-study/
776284009	noname3503417941178014413
913438635	https://z.moatads.com/nativo483ETsY34/moatad.js?moatClientLevel1=26217&moatClientLevel2=150608&moatClientLevel3=491285&moatClientLevel4=5536815&moatClientSlicer1=8211&moatClientSlicer2=0&ntvDomSearch=ntv1124334-491285-60482
2470945549	eval9111507214023551496
796805670	https://pagead2.googlesyndication.com/omsdk/releases/live/omweb-v1.js
4244522083	https://cdn.ampproject.org/rtv/012203150226000/amp4ads-v0.mjs
2977983788	https://cdn.ampproject.org/rtv/012203150226000/v0/amp-ad-exit-0.1.mjs
4061340759	https://cdn.ampproject.org/rtv/012203150226000/v0/amp-analytics-0.1.mjs
3678867610	https://cdn.ampproject.org/rtv/012203150226000/v0/amp-fit-text-0.1.mjs
3550940555	https://cdn.ampproject.org/rtv/012203150226000/v0/amp-form-0.1.mjs
4272687366	eval11683138158144096009
87987265	eval15855926222358357779
3601128011	eval9586584898748104840
2475147566	eval6226770063480834872
1349037746	eval4802941154509749198
3508863965	eval2042856989134152648
1938128357	noname3409536300044854012
1982810961	https://www.googletagservices.com/activeview/js/current/lidar_video_dsp.js
530133806	https://tpsc-video-uw.doubleverify.com/visit.js?gdpr=&gdpr_consent=&flvr=0&ttmms=58&ttfrms=83&brid=97&bridua=3&bds=1&tstype=152&prndr=1&eparams=DC4FC%3Dl23%40FETbpDC45%404U2%3F4r92%3A%3Fl9EEADTbpTauTauE%3A%3E6%5D4%40%3ETar9EEADTbpTauTauE%3A%3E6%5D4%40%3ETar23%40FETbpTauTau&srcurlD=2&aUrlD=0&ssl=https:&prplyd=1&sup=Google1&dfs=31&ddur=7&uid=1651784363576120&jsCallback=dvCallback_1651784363576869&dvtagver=dvps_0.0.0_noconf&navUa=Mozilla%2F5.0%20(Macintosh%3B%20Intel%20Mac%20OS%20X%2010_15_7)%20AppleWebKit%2F537.36%20(KHTML%2C%20like%20Gecko)%20Chrome%2F101.0.4940.0%20Safari%2F537.36&htmlmsging=1&chro=1&hist=2&winh=0&winw=0&wouh=845&wouw=878&scah=892&scaw=1859&jsver=2678&tgjsver=2678&lvvn=28&m1=15&refD=2&referrer=about%3Asrcdoc&fcifrms=34&brh=2&dvp_omvk=0&omdenv=web&omdsessiontype=html&dvp_omdjssv=1.3.26-google3&dvp_omdjsscv=1.3.31-google_20220309&dvp_omdjspn=Google1&dvp_omdjspv=3.513.0&dvp_omdsupp=3&omacm=3&sdf=3&dvp_epl=129&noc=10&dvp_vidjsreg=uw&ctx=818052&cmp=DV517581&sid=OMIDWeb&plc=20210517001&crt=169471186&adsrv=0&unit=640x360&tagtype=video&apifw=2%252C7%252C8&vstvr=3.0-i&seltag=1&sadv=5056954751&ord=3015547563&litm=5990863667&scrt=138389289929&splc=%252F21801468956%252Ftime.jw.vid.section%252Fhealth&adu=22379426976&c1=health&c3=article&isdvvid=1&msrapi=jsOmid&errorURL=https://tpsc-video-uw.doubleverify.com/visit.jpg&mib=8&blk=0&mon=1&dvp_cfbs=94&dvp_zjsver=0.21.15&dvp_psfts=__CACHEBUSTING__&dvp_psfst=__PRE_SERVE_FILTERING_RESP__&dvp_vidreg=uw&vidreg=uw&dvp_ctx=21226187&dvp_cmp=DV707180&dvp_adsrv=166&dvp_dup=4e3024e7-cbc4-412f-85e6-201402b72ff6&dvp_rcp=1&dvp_htec=1&dvp_seem=1&dvp_nscs=1&dvp_iomd=9&dvp_tuk=1&dvp_sukv=99977197100.86275&dvp_tukv=130464638170.71579&dvp_uuid=3718334103.5011716&dvpx_omcurl=https://time.com/5950829/vaccines-covid-19-infection-real-world-study/&dvp_mib=8&dvp_tuid=94562728256
1255736929	https://api.bounceexchange.com/bounce/init1.js?wklzs=1636&wklz=C4ewVgigvArgdgEwKYDMCWckIGQGNgDOUAjAGwCsxA7ABwAsAzFVXQEznbABeIUbADNgDuSAEYE0wJAH00CElX4BObACckBEABsYwNCDhQatAB70O6lElXrVUPAEMtWjAHNpMVVqgALYMAAHAgBSBgBBYNYAMUiovQBbJAA6XBB42PIlcn4aViVYgDcHXFwMDQBaVIK5cuIlcowrfH04cvUncqEQLwRygmAYBABPWOxqiWBpVJAAazQkKGCqACFI1i0AtdCI1lY-QJD2cMjyaJPohOTU9PZozOzc-NuoopKygkqQat66hrgmvQGNpIDpdHp9AbDc4xXaRADCa1UW2OsNhVAAIngQLN5osVmsCsiIvjdkUdDIMFMHKpgET+PDEahpAFrBJ+kStqiEbsCDBRPFJFIENIDBMkESUE4COLWNzWEhcA4AtJpUg4NJxpIJVKZXKtCBXK4sLI4NqtNKGbtLh5pappHAQJN9Q5kAg6ZbWAgHMAnA4htZpO0obDwsBVDBdWt9YbjZSUOoZaxtpLzZGeXyBf5jcAfDJRKp5igzRbZWtefzBcatCDkKoCD40JsQ2EUxaMR6EK4omg68AADIgF1EsMRj0+akIACS6I5u1YNC0AAkUHAAJrkUQFKiTuEABX0AEdlgBVKLLIQ+SdDAByADVOXLNChgNPZ7sFzQhH2ALJwxfLScAGlRCiGAuEnVcYAcVcACVrzCAApKJ6TRTEijrABtSQkHiAgTSpGkAF0oEEdCCAwskI3wxUiJIsZqXI74kBAZktD9NxiNbJB6MwyxmVZNB+mInjyIIAJRW6etG2ZdRpTgYBiIQQSHFEascDIjDywIXAC1EbMQC9IZiLIKgRM0vltN07MGzwkQkBmYz4WITIzICBwjWkH1XE4nVXPcmRgCGFliOpPRcGrMz8xrHSYHiUQfNTMzQrQcKZHChwCAIBLpTMhAUGVVRVJAXAHKgJSCBUtTIuKGZ0GcaRkACfUhkSeThI060DBVbDsu4jTFSkVxuiMqAuLM8tMyFEU4DFXqkppFLq3tBxEjmjTktSqlBuGtaGIw1J5LVSYBqQIbVBGsaNIVJUVSQNUNUEyRdsw6MjWFSkAgLNrRt8jTXtjOBnvI9R3CEJwtBkjQjqBjCmr9ANnVdGH-ve9UlNcSQnBhtyhjB+rNVUpAYYO9BVHib0WmZfzidzEqQF0GSUqJn7Er+oYwrw6VXFahSoHBsyQamAxSfJwF1Tco0YfiIZpGKVJ4EmT6oe+y69utGBbXtR1pERrBiNIvavR9Nj-TtIMRpHPq9sSKQ7TxiGlbk3nVZeg03vw4AUFKl3yP8jVrDQFALt+vaUfw+M7phibK2FHM8wLVAo4zGOdZrVkGwCGHVEHBAipK6QkBMNzED1qBLbMg6pHkqZcK206dpZnKCmQFAKKcKjKRo3nSJbjDruVVV1U1Z3ft7sOMDW3v1c1h0nRz0vBGmOYAuxHXqSNRvuNEAI6KQQIoAwgAiDbq0PgAaQ+TrOoZz8Pnw0iQW-pWpXAfEPwjsACQg+YW1KsXiJqaAHBwFwDIFAbFXD2AKOOew45VDvXkPOJcK51ybm3HuQ8J4zwXivHebAT5JhyCgEgz8P4-wAWAqBcCkFoJwUQshIAA
4218589190	https://api.bounceexchange.com/bounce/reloadCampaigns.js?wklzs=2053&wklz=C4ewVgigvAZgrgOwMbAJYgQMhQZygRgDYBWfAdgA4AWAZkoAYyrNgAvEKKgJnswHcApgCMcqYAID6qACYEy9AJyYATgJwgANnDQYoFSgA9qxFQJgDlq5VGwBDDRtQIA5hLjKNUABbBgABxwAUhoAQUCuADFwiLQAWwEAOiQQWOjiBWJ6Ci4FaIA3WyQkJzUAWmS8mVL8BVKncxR0BFLVe1K+EA9pUpxgOGkAT2jMStFgCWSQAGtUAShAsgAhcK4NPxXgsK4uH38grmJQ8OJI48i4xOTUg8j0zOzcm4iCopKccpBK7pq6hAadZqtDTtToabq9fpDJ4bLgAYRWyg2R22MPh2xwAmcSLCxGWxAAIgt8dgQNNZvMlis8tiFsttgUtJInBNbMpgDTtvRUQizBI-BZRL0OVxuei4EJYmJxNIJBgxgJsTB7BjwmiuAIkLY-BIMQIEBJRmJhUqNCqUXCVhoQM5nAIZU5jcqFea1Rc3BjlBIECBxlbbNI7cKuS6VtJbMB7LYBhYJK1BtjgMo4M61VabXapPqYKpnSLQiazWqcOLJb4M8AvJIhMpZjBFU7VStixKpRmNAJ-QKvKh1ij8w2yISLdtpM4IqhlL0ADIgf0JpMplZeVnSACSQ7zW22FA0AAkYAgAJrEIR5Mir2EABXQAEdFgBVCKLPheVcDAByADVRVx1DBgOuwpcDuFB8FOACysK7osq4ANJCBEcCsKuh5wLYh4AErviEABSETBiKw5cDAeTsn2IREKQlC0GQZCNvSMjYpR5DUHQZDpFwNBcIQ9FcLYIDYsGqa9puS6+AExzIicURPBcSQpGcER3FkOSKS8xQIGUFRVD89QagCLQdsCHRdD0fTxtCIbbLY+ybkJVJ+NS5H4Lx0jCm5VlcIi5EwoRapIKRTEkCxNF0URogeZufkrM4SDeZuZDRds1x2a5jE+dsxDsQoND4PgNAkAowFcNl5pJasgXOcF1FsbxmqxH4tioM4CC2ZstIrOQ9BZRQxA0pS9JOalREaJVm7MTVtFEtNg4jKyOAANpiAIsQ4JmLJsgAulAvAFJOC0Msm62altO1zftXwCCAfIaFGTjONtBYCOdi2qDAfICqgvTbS9C04H4cqdDg3ban4qgYggwDbdIX22EI7bSL9zY4HFqBCOWIBhgM21EGQSPiijNbozKFZfRIggCFMOOqvg6S-Y1toSBGD2wE69O2IzwADPy22smgSDtr91YdtIcVwLEQiPWze2LXzqAC5IAs2TgUums9MsLdIMDaso8MgEgVNQDDOBwwjQuFFMMCoA4EgBn4VoDPEkM-RrboYDqy3bYmya-Zq4jOJ02Os2r+MtmWMpyp7wcYr9csK16tjxKrMca3H7Ysv7gfJ+r80LckkN6uMfuYln0c5-tGpajqAh6gaX1iNnv1pra9r6mDThQ2XTfWi3maNxrqiuHw9gaHy4OF-3uf21GMZ+gG0iT-tzcZsyMPOGI9iL4tjUDMPNuGvDAhb3nGBW8osThk0fIc0fXca0glYGyA2hj-Lt9PU3Az82tGLOE7ncj1+oPCYp8JwXwBNfW0x9YgDAkIUZIiBxhgzUBPO+uc3RwA9F6H0Eg552m2rtXOYYIy3WjJ6OMQdvbl0WvEcQno96j2QRDTuH8NbL1bkzGAhtWG5xvgaCwqAYBBx4UvHuK8sw5mPs2Us0omaVgkNWWsUiSythlO2Tsk4QbH2ULOaQesDYSAEAYRqCB55ewXL7DA4hIYTFWhnEuyhhFs0mDMSQoBrq3WULaLuQg-BnQEP4KAC0ABEacBDBIADTBOLgHRxkTgleBSOEqJGJWQP2CZtTAfhgB4DCSSBqjhbDIEkDAW6zgbB5GXGdRyMgCAqA0FzfkUA3ofUnF9YAET-qA00T2MeKDIadIJqjYmTNMZRkGSIYZ5ZuxrQplMCJDM3HcwEBErWOt9HzI0F-eWP9MT-1WeGSMZDYwiwGKs7WsYNn1IQInOYe1UCm2esuZQ9pZDAT3AeY8p5zxXlvA+J8L43xfkwH+cYtT3mgQglBGC8FELIVQuhLCuF8JAA
1769151794	https://api.bounceexchange.com/bounce/reloadCampaigns.js?wklzs=2055&wklz=C4ewVgigvAZgrgOwMbAJYgQMhQZygRgDYBWfAdgA4AWAZjIE4AGMmzYALxCioCZHMA7gFMARjlTAhAfVQATAmUb1MAJyE4QAGzhoMUCpQAe1YqqEwhKtSqjYAhps2oEAcylwVmqAAtgwAA44AKQ0AIJBPABiEZFoALZCAHRIIHExxPTEjBQ89DEAbnZISM7qALQp+XJl+PRlzhYo6Ahlag5lAiCesmU4wHCyAJ4xmFXiwFIpIADWqEJQQWQAQhE8mv6rIeE8PL4BwTzEYRHEUSdR8UkpaYdRGVk5ebeRhcWlOBUgVT219QiNuhabU0HS6mh6fQGw2emx4AGFVipNscdrCETscEIXMjwsQVsQACKLAnYEAzOYLZarfI4xYrHaFbTSZyTOwqYC0naMNGI8xSfyWcR9Tk8HkYuAiOISSSyKQYcZCHEwByYiLonhCJB2fxSTFCBBSMYSEXKzSq1Hw1aaEAuFxCWXOE0qxUW9WXdyYlRSBAgCbWuyye0i7mu1ayOzABx2QaWKRtIY44AqOAu9XW232mQGmBqF2isKm83qnASqV+TPAbzSEQqOYwJXOtWrEuS6WZzRCAOC7yoDaoguNshEy07WQuSKoFR9AAyIADieTqdW3jZsgAksP89sdhRNAAJGAIACaxBE+TIa7hAAV0ABHJYAVUiSwE3jXgwAcgA1MU8DQwYANxFHhdwoARpwAWThPcljXABpERIjgdg1yPOA7CPAAlD9QgAKUiENRRHHgYHyDl+1CIhSEoWgyDIJsGTkHEqPIag6DIDIeBoHhCAYng7BAHEQzTPst2XPxAhOFFTmiZ5LmSVJzkie5slyJTXhKBBykqapfgaTVAVaTsQU6bpen6BMYVDHY7AOLdhOpfwaQo-A+NkEV3OsngkQo2EiPVJAyOYkhWNo+jiPETytxoPiXCQHytzIfzVhuey3KY3ydmIDj6BofB8BoEh6BAngcotZKdk0IKXJCmi6AoPitTifw7FQFwEDsrY6VWchGGyihiFpKkGWctLiKq8itxYurKGJOah1GNkcAAbQkIQ4hwLNWXZABdKB+EKKdlsZFMtq1Xb9sWo7viEEB+U0aNnBcPbCyEK6VrUGB+UFVA+j297lpwfx5S6HAex1fw1ExBBgD22RfrsEQO1kAGWxweLUBECsQHDQY9qIMhUYldHayx2VK1+qRhCEaZ8bVfAMgBlq7SkSNntsQ6VuZ6RgEGAU9rZNAkA7AGa07WR4rgOIRBe50AcF1BhekYXbJwWWzTeznltkGAdRUJGQCQWmoHhnBEeR0WimmGBUEcKRA38a1BgSGH-q190MF1Na9qTFMAa1SQXC6PHYDlrWWzLGU5Q673Q41+X2UVjtvTsBJ1cxBOheTgOsWD9PNaW5aUhh-UJhzoOVBD16Ac1bVdSEfVDV+iR84B9M7QdA1IecWG44zrX28zZxW61tQ3AEBxNH5KHS5HwvHejWN-UDWQ56OwfO-ttqJAcNeuejCe7aNJGhD3ouMBtlQ4gjZp+TsO0z6QKsjZAHRp8V0++4L9fBiFzbMRcC7Xuk8AZj0mBfSc19AR3wfl-AGcRBhSCKCkRAExIbqFnnA92qAEgeljD6P0c4V57QOoXcMkYHoxi9PGEOvtv4rQSJIL0h8p7oOhr3OhbcbQdy2sAGAxtq5a3vtIfIlhUAwCrmHQuG8to5gbmfCObZyZVikDWOsCjSxKKkB2LsU5wZnxUEQg2RspBCEMC1BAxCoCcK1sXSQMNJgbVZIHPOUA9zGUrKSckPMyTaLZHaOBIh-CXSEAEKAy0ABECslYRIADQRPLsHOJETvCpCEMkzEbIn4RJ2pgfwwA8DRJFtcR2qA7DIGkDAB6LhbA638MtPaxAKDcTIFQBmzTMB1IaVAJpdAeC8GKoQTputulZFqBkRQFADorkuk5OQBBVCaF5gKaxODpCewVLE7mrN76xMYbGFh08MEw1iXY0ujjNqJMroshAqd5iHTKSfTAK4VAOnkCBfch4TxngvNeO8j5nyvnfN+TA-4JjzI+WBSC0FYIISQihNCGFsJ4QIkAA
1919207787	noname18111330668361537603
2205340414	noname13027253598678178111
2241428834	noname8947321578197636939
1297910690	noname2440680748635547275
1719194871	https://z.moatads.com/nativo483ETsY34/moatad.js?moatClientLevel1=6823&moatClientLevel2=173333&moatClientLevel3=483827&moatClientLevel4=5471833&moatClientSlicer1=0&moatClientSlicer2=0&ntvDomSearch=ntv1124334-483827-7575
2646204872	https://z.moatads.com/nativo483ETsY34/moatvideo.js
1121737048	eval6308736511595502310
3480029736	https://time.com/iframe/create-account?overlay=true
2660581195	https://cdn.cookielaw.org/consent/cmp.stub.js
359759541	https://time.com/taas-assets/dist/timesignup.js
3474813759	https://www.gstatic.com/firebasejs/7.15.1/firebase-app.js
3641625726	https://www.gstatic.com/firebasejs/7.15.1/firebase-auth.js
1302785675	https://www.gstatic.com/recaptcha/releases/nEGwmCAyCoKVn9PSwAGnQWhY/recaptcha__en.js
356795834	https://player.aniview.com/script/6.1/AVmanager.js?v=1.0&type=s&pid=56ea678d181f46c76f8b45fb
1931867634	noname4042148004059455463
3156099987	https://player.aniview.com/script/6.1/avpb6.15.0.js
3767673558	https://api.bounceexchange.com/bounce/init1.js?wklzs=2086&wklz=C4ewVgigvArgdgEwKYDMCWckIGQGNgDOUAjAGwCsxA7ABwAs5ADAExXOnbABeIUdzjbAHckAIwJpgSAPpoEJKowCc2AE5ICIADYxgaEHCg1aAD3rk1qJKvWqoeAIZatGAObSYqrVAAWwYAAOBACkAMwAgsHMAGJR0XoAtkgAdLggCXHkSkw0zEpxAG4OuLgYGgC0aQVy5cRK5RgoSPj6cOXqTuVCIF4I5QTAMAgAnnHY1RLA0mkgANZoSFDBVABCUcxaAethkczMfoEhzOQRUeQxZzGJKWkZxzGk1KHEjHSX0TpaDuUI3xJaRXKwFUDjgBFwqjQuAcIHe22YAGF1qptqc9vCkXsCEhXKjIuQ1uQACLLIl4EBzBZLVbrAp45ZrPZFHQyDDTByqYB4xhRTHMdQoaQBawSAb09ESvkEGCiBKSKQIaQGSZIPEoJzY3nrZoOALSbFIODSCaSNUa1WI9ZaECuVxYWRwM1aTWWvbXDzY1TSOAgKbWhzIBDcrV7X7AJwOYbWaQdEZ44EwC18622+1slDqC3MHbq51J9bS2Xy+3AHwyUSQ1BOl1SmVy-z2rRIAMinxoLboiK5zVUEmu5gIVzRNCqAYAGRAAfjqkTIf2HIQAEk+9m0XsaFoABIgACq5AAKgBRYjAZgmACaAA1DwApfc0ABKNACqgg0QIAAUMQWQChgMvxXXLQaCEMcAFkEU3FZFwAaVEaIYC4RdzxgBxzwfAA5cIb2iHlJXWFACi5TtwjIShaDoOhSCoOdqiDEiyOoeg6FCOgaFIUhGCoGj+xhYN+02QCDiCM40XOWJ7niNAklSdJ3keKhnled5Pm+X5+jQAFvmBUFwUhaFYUk789gcI5V3CPC+QKAI6RI0I53o8z1kcucURI+Fs37XAiLxRiKJYt5+wkFyImIQK+VcCE8U4uc7nMyznLkQDSGyUJzieJQaGUTLQlIfhjI2HyGIoJjKOoudoQSAIHDQVwwXpGk9moRhyG4vCnMa5gCls+K5wBYjzL85i0tJOdmtamhyAaxkup6nZPOTIrBpK-zQnyXtRt7cYOQIABtSQkASAgHXZTkAF0oEEIpR125lExO6Fzsu7abropAQCFL5hjcC7uyQF69oFIURTQAYLoB3aCACZUegINs9RfDRDWAC6EFBhxRCbHBrr2ws9LQUQSxAX5hgu55iAhvGIQJks22OkQkFmC7iF5RhGBoCHqrtaRw1cX7zU5hxueAYZhQujk9FwJsIYrZsEAhGAElEfm8whiWoSbaYvgIAgVexCGEBQPVVExkBcCZqA0YIDGsZl4pZnQZxpGQAJrWGJI4BR+wcd290DH1A69f+n3oSkVwelJqA-sputi0VZVA6jgWffVqWZDgBwkiDtXOQ1mRQ5xCPs5DgwpE99kw6LpPVZ9nU9QNI0TS96OfZTO1FTZF8MGb5Odt2tu0zgYu+-UdwhCcLQhXUbFPYupATGqxAsE5r7o39QNh5ugeO6NNHXEkJxN726rhnHp2TUxpAj92tI4HQVQEgcPR-a5q-q-1kOy3NkBdCnqE35bn3LQwxJbHWxK4D2XsCAJCmJgIQIZGATwQUkKQXpmDel9KPZBDgYDIKQKg6QoQMHAhxAg5A6oYBaCmKCf24CEGj1aB6dkjpXSMBQdGYgxCsGsMfkMCGo9pgGHvo-Z+RpX7XwSMMaQxQ0jwCmIjGePca593dDAT0xDpDrywBdK6fcwwRijF6WMkcEzBz7uwr0Z9J4KORtfbeJ1gAoAtoAm6QsZAFGsGgFAkcXF7XsemTM19Cz1gVDzMs0gKwLBQEE2ODZFRNhbKOeG19VCTgQKbc20h56Lw3lAUxENb5lymLgI6FdC6qB8cncht0nD3TZI9L2V1ql131EgQ0xpQaSGLtU-xQ937B2qao9RPo-RpO0c9GY8wZCgA+l8VQdp+nYFEAEZ6+CVm7QAESpybBsgANBsgu4cKl7I2T4dISATnYg5LgHwGyzrYACIQKA2z-q3FdmgUEuAZAoC+K4b2PgHDPQBaoDu8hmAbm3HuI8J4zxXlvPeJ8L43yfmwJoP8sgwUbhAuBSC0E4IISQihNCmFsK4SAA
2375529295	https://api.bounceexchange.com/bounce/reloadCampaigns.js?wklzs=2067&wklz=C4ewVgigvAZgrgOwMbAJYgQMhQZygRgDYBWfAdgA4AWYgBituIGZNgAvEKKgJlswHcApgCMcqYIID6qACYEytAJyYAToJwgANnDQYoFSgA9qxVYJiCValVGwBDTZtQIA5pLgrNUABbBgABxwAUiYAQSDuADEIyLQAW0EAOiQQOJjiRToKbkUYgDc7JCRndQBaFLzZUvxFUucLFHQEUrUHUv4QTxlSnGA4GQBPGMxKsWBJFJAAa1RBKCCyACEI7k1-FZDw7m5fAODuZi3iKIjj2NQE5NTTqMJyJnx6G8jtTTtSmXexTQLS4BU7AgcEgVKgkHYQM8NtwAMIrFQbMLQ7gROHbHCCFyI8LEZbEAAiC3x2BA01m8yWKzy2IWy22BW0UmcEzsKmA2NoqPh5kk-ksYl6NO20LR3BwcGEcXEEhkkgwY0E2JgDgxXO2gnB-kkGMECEko3ESpVithK00IBcLkEsucRs0qtN23iUjgGJUkgQIHG5rsMmtHLV3E+wAcdgGlkkrUG2P+cBNovNlut0j1MDUJpRYWV9vjK3FkulyeA3ikwlB5jtDtF+alfmTmkEvv53lQ62FWeNRMDMhckVQKl6ABkQL6Yyo44HvKyZABJQntrbbCiaAASIAAqsQACoAUXwwG4hgAmgANHcAKS3FAAShR-CoIJEcAAFEV5kAwYBzoVLzQUfiDgAsjCK6LDOADSwiRHAbAzkecB2Ee14AHKhOekScsKjrcDAeTsguRCkJQNC0Ci2GVDI2KEeQ1BUEwVAUIQhC0GQZCBhCAbYWsP67IEpxIgcJyCeclwpGkwl3GQDxPMJrzvJ8PSoD87z-ICwKguCkLCW+2x2PsmahJhop5P41ILlQ3Y-pRWGigiC7IoGSB4VRJA0VQdEWdhYjWQZRCBi4ILYsxgbiQZRkrDIsg-oQmRMMc9yKBQSiJUwhA8DpqzOQRrnEXQZGiuCcT+HYqAuECNKUts5CMKxmEGbSVJmWFgY-Phvk5bRcVdth1XEJQxAVXS3B5E1mz5WaWXtURnW5GQhJzUSIysjgADa4iCHEOApiybIALpQHwBQDitDJxtt4J7QdS3HRRgggLybwDM4Lj7dmGLXatagwLy-KoL0+0fStOD+PKnQ4C2Wr3uourAPtkU4HYwgNjIgP5upqDCEWICfAM+0PPgqMSujmOysWf2SEIghTPt+CorQtAUIDxVWpIIYvbYR2rczUjAAMfL7ayaBIA2gNlo2MggnAcTCK9xqA4LYINhMbw4Dgss5oDMgwFqKhIyASDU1A8OI8jouFFMMBKZokh+v45oDAkCCwxzy0rc6cp6gq6vvZzK3ghILidLjsBy77NaFrK8rrd7gjy2yitSAgdgJDHcdC0r-uYkHqe+ykTswyyAfZyHGu+xqdhajqeoGs7b2x77iZWjaer3s4teh67jfJs4Oeu2obj8A41tQxiTv7YIhjFQgfoo77dthhGPoz73x1d83NuleIDgr1zYaD44+p-RjDY737GCWyocR2LoLd2Fap9ICWBsgDovIaYIp+aAMQtbRiLiO87HAcRxgIEEPwNUtAh4QISBId03APRen7tAuwcBoGCFgZIJgCD-iYggX6ZUcBNDjEBBgbUuDHS0H7k0dwW1wQIDQRg-A2CkEUKvv0QG-cJjn37FfG+vI74fxLj7V2cQBiSEKCkRA4wR4w1Pu7V0EZPTehHMvK6vtgyhnDO6KMwdYz1xEegiM+9h5qFHu3UuncLRN22sAGAhs67yxZnkSwqAYDBwcQ3Kx3dUzplPuHOspMSySDLLMGAfiJS1hlJIBsTYBwQ1PioFResDaSAnlPVRejAZ5wkE7CYm1C5ZxUMHFcjYiHeBJGSHmpJomsitEI2Owh-BXXQU0laAAiBWwtBBtIADRtMzoHIpvS2neFSN0vpGJWSPzabtTA-hgB4E6SLMSdtUCAiQFIGAbwXAcynFdUysguCqCIXzOY3NWZ3x6dkguSB8kDKDscpOCQoBHTWUjWOU4VA2jkNwZca5Ny7n3IeU8F4ry3nvI+F8mANCfmkD85c-4gIgTApBaCsF4KIRQmhDCQA
88924754	https://api.bounceexchange.com/bounce/reloadCampaigns.js?wklzs=2137&wklz=C4ewVgigvAZgrgOwMbAJYgQMhQZygRgDYBWfAdgA4AWYgBjtqs2AC8QoqAmWzAdwFMARjlTB+AfVQATAmVoBOTACd+OEABs4aDFAqUAHtWLL+MfkpVKo2AIbr1qBAHNxcJeqgALYMAAOOAFIAZgBBAM4AMXCItABbfgA6JBBY6OJ5OgpOeWiANxskJEdVAFpk3OkS-HkSxzMUdAQSlTsS3hB3KRKcYDgpAE9ozAqRYHFkkABrVH4oALIAIXDOdV9l4LDOTm8-QM5iUPDiSKPIuMTk1P3IwnIg-EZTiM11GxKpN5F1fJLgJRsEDgkEpUEgbCAnutOABhZZKdaHLZQ2FbHD8JwIsLEJbEAAi81x2BAUxmc0Wy1ymPmSy2+U0Ekc4xsSmAmNo4RRnBUMHEvnMIh6VKRws5ODggliojEUnEGFG-ExMDsaI5y34YN84jR-AQ4hGokVyoVMOW6hATic-BljkN6hVJq251caKU4gQIDGZpsUitbNVWw+wDsNn65nELQGmL+cGNnLNFqtkl1MBUxs4GyVdtjyzFEqlieAngkghBplt9tF4slPkT6n43v5nlQayRoUzKrI+IdnCkTgiqCUPQAMiBvVGlDH-dtmVIAJJd9OIrYUdQACRAAFViAAVACi+GAnH0AE0ABq7gBS24oACUKL4lBAIjgAArInMgGDAedC5fqCi8EOACy0Krgss4ANKCBEcAsLOx5wDYx43gAciEF4ROyIrLDAuSsq2IREKQlA0LQ6bdhUUiYkR5DUFQQRUBQhCELQZBkFO4J+t2qy-js-hHIixxRNcMSoPESQpE8txkPcjwiS8bwfN0qDfG8fwAkCIJghCInvlsNh7IuIRYZyuS+JSBFUFOVEEcsNnkZy8K2cKDnLEgeHUSQtFUPRVndiI9kbOQU5OMCmIsVOVxGSZdnSL+hAZEExx3PIFAKKlQSEFwekrB5BE0SRdCuVsYKxL4NioE4gJUuSWzkPQbFYUZ1IUhZ0VTt8+FGQVdFJQSU71cQlDEDVNKcLkbUbMVuVdUFXkkfROSdv1nbDMyOAANqiPwsQ4EmTIsgAulAPD5IOG10jG+1gkdJ1redlH8CAvKvP0jhOMd7b8Pdm3cry-KoD0x0-RtOC+HKHQ4E2moPqoOrAMdUiAzYgh1lIIO5ppqCCAWIAfP0x33PgGPiljOMyoWgPiAI-CTMd+AcrQtAUCD5WWuIQYfdYZ2bWzEjAP0fLHcyaBIHWIMlvWUjAnAsSCJ9RogyLoJ1uMrw4DgCtZiDUgwJqSioyASB01ASM4CjaMSwUkwwCp6jiD6vhmv08QIAj3PrRtToYFq21a2iINgmITgdATsCKzzoNVvmMpyn74fa5HytixICA2PE-vfUnLIqxIQfoqHmeBxgYhu0yweFwnAeR+qNiatqur6u7X0g-GlrWrqD6OM3Eee23iaOEXkcqC4vB2PbsNom7x38Po5UID66OR07IZhl6i9D335rt-tSNOKIdib+d5X9GP9h6oD2N1kfm3JAgttKLENjaJ3NiWjfG1IEWxsgFovJafwD+6h+iiz2miJwrt3Y4FiGMBA-BeD+loOPRB8QxCuk4G6D0I8UE2DgCg-gaDxBBEwX8dEiCfRKjgOoMYAIfbgMQSPRozomQIHwYQ-AJDsEOloE-PoIMR7jAwA-J+L9eRv0AVXLOntYj9HEAUZIiAxiT3hh-J0cAXQkPEOvK0x1Tqe0DMGUMroIxh2jFI86qCwxnwnioKePdE5bwTB3DmMATYtyTuzXI5hUAwDDu4xxO9GQpn4BI-x51czVmlBzIs4gSwzBgB-CJMctFS0bM2D+ShRxSENsbcQs954bygGY4ubt4bjF2uXAuSgw6rnrNQzwRIST82JFo5klpJGYEEL4O6BDukbQAETJzrP0gANP0-OIdqmjP6Z4FI-BplomZF-fph1MC+GAHgIZ31LhO1QACJAEgYCvCcNYXWvgNrHWIBQIInAyBUHwFcoImAzkXKgOkIg+BGJyEIM8vWry6DVHSHINKwxPA2DuuZaQHBlDUMFrMJ+CBELqBhWneIUBHCiFxAQ9UL9MBgqUNaGQnAVzri3HuA8R4zyXmvHeB8T5XyYDUF+SQRKVwAWAqBcCUEYJwQQkhVC6FMJAA
2162666173	https://time.com/5947893/what-constitutes-a-mass-shooting/
2006632507	noname18172408817268048211
4053463229	noname2445850302025893289
1534087542	noname14819466998690638923
4188789260	https://tps.doubleverify.com/visit.js?gdpr=&gdpr_consent=&flvr=0&ttmms=1541&ttfrms=16&brid=97&bridua=3&bds=1&tstype=2&eparams=DC4FC%3Dl9EEADTbpTauTauE%3A%3E6%5D4%40%3ETaudhcfghbTauH92E%5C4%40%3FDE%3AEFE6D%5C2%5C%3E2DD%5CD9%40%40E%3A%3F8TauU2%3F4r92%3A%3Fl9EEADTbpTauTauE%3A%3E6%5D4%40%3ETar9EEADTbpTauTauE%3A%3E6%5D4%40%3E&srcurlD=0&aUrlD=0&ssl=https:&uid=1651784503643375&jsCallback=dvCallback_1651784503643181&dvtagver=6.1.src&navUa=Mozilla%2F5.0%20(Macintosh%3B%20Intel%20Mac%20OS%20X%2010_15_7)%20AppleWebKit%2F537.36%20(KHTML%2C%20like%20Gecko)%20Chrome%2F101.0.4940.0%20Safari%2F537.36&htmlmsging=1&chro=1&hist=2&winh=900&winw=1200&wouh=845&wouw=878&scah=892&scaw=1859&jsver=2678&tgjsver=2678&lvvn=28&m1=15&refD=1&referrer=https%3A%2F%2Ftime.com%2F5947893%2Fwhat-constitutes-a-mass-shooting%2F&fwc=2&fcl=2943&flt=0&fec=1438&fcifrms=18&brh=2&sdf=2&dvp_epl=196&noc=10&ctx=21226187&cmp=DV648465&btreg=5941397231138328115649&btadsrv=5941397231138328115649&adsrv=104&unit=728x90&seltag=1&sadv=4933352084&ord=2990411516&litm=5941397231&scrt=138328115649&splc=/21801468956/tim.mdp.com/us/article&adu=22356490484&spos=1&c1=us&c2=ad-101x1_970x90_970x66_970x250_728x90_1920x480_1920x300_ATF&c3=article&errorURL=https://tps.doubleverify.com/visit.jpg&mib=0&dvp_scripthash=1&t2te=0&dvp_rcp=2&dvp_htec=1&dvp_seem=2&dvp_tuk=1&dvp_sukv=1304044189.5391326&dvp_tukv=1288563.3385341677&dvp_uuid=15615354417.832827&dvp_tuid=890002350303
992870494	https://api.bounceexchange.com/bounce/init1.js?wklzs=2051&wklz=C4ewVgigvArgdgEwKYDMCWckIGQGNgDOUAjAGwCsxA7ABwAs5ADOQEx3HbABeIUdLjbAHckAIwJpgSAPpoEJKowCc2AE5ICIADYxgaEHCg1aAD3rk1qJKvWqoeAIZatGAObSYqrVAAWwYAAOBACkAMwAgsEsAGJR0XoAtkgAdLggCXHkSnS0SqFxQj4OwAC0aXAEesC6GiUOJQkOBAQlBD4gIHpwrnHYAG5oEsDSaSAA1mhIUMFUAEJRLFoBC2GRLCx+gSEs5BFRrLE7MYkpaRlH0aTUocSMdPsxOlr1CPUSWn31wKoOFbiqaFwDhAD0OLCiAGEFqoVnt1isWFD1gQkD14XtyPNyAARGbYvAdCZTGbzdZ9WGROYLT46GQYEYOVTACmMSHQ1DSALWCSVCkI8GIhYEGCiBKSKQIaQGIZICkoJwotnrJBAgLSFFIODSAZDOUK2WC9ZaECuVxYWRwPVaRWGlgnDwo1TSOCdaTGhzIBAspUsV7AJwOACe1mk6g9gYp3xgBqRixNZsl9JQ6gN4Ii8utMaFIrF-nNwB8MlEANQVptseFovF5q0SA93J8aGW6PCGcVVFxtoQrmiaFUlQAMiAPZHVNGfUVVAgAJKdtNrdY0LQACRAAFVyAAVACixGALBMAE0ABrbgBSm5oACUaAFVBBogQAAoIisgFDAWd89YsJc0IQDgAshCy6zNOADSojRDAXDToeMAOIeV4AHLhGe0SsvCtooH0zItmQlC0HQOTED6AxevhFDUPQdChHQNCkKQjBUFQPrAt6tpLN+Gz+EE+xwgcoInKk6SglcVA3HcoJPC8bxoB8Xw-H8AJAiCFyvgsTQcbGfQBOSLb5F23EUQKsYwi2-I+rguEUgR1HEXRPoSCZqzEPctquP8FJMT65zzphsYIHI3GkEouysNcSg0MoUWhKQ-AaUaNmUYRNFUKRtpAgkAQOGgrgVHyVLrNQzAsZh84ktS+n+T6Hx4fOdlEbR5B4j6JXkLQLUWUVLB9NVqymQsdW2VRTWhEorUdni-SMgQADakhIAkBAWgyTIALpQIInz9nNNLRqtQIbVtM27eRSAgJyzyBm4m1tkgp3zeoKCctygzAJtj1zQQATSiA-aNmqd4aJqH1QEFBAOKItY4Dt82VgQ-xoKI+YgK8gabUcX0I0jKOSgWgzSCISBjJtGUQrRHBw3NOVmtI-quHd+pfbTMjAIGXKbYyei4LWX3FnWCD-DACSiEzmZfdzgK1iMzzNOLKJfQgKBqqo0MgLgpPg4MUMw-zDia+gzjSMgATGoGSRwGDX32gY6qLQrD3U0CUiuP9GNQPd2M5tWkrSg7nvM9TUu8zIcAOEkjuS0y0syC7qLu1HzsGFIVsMq7ieBxL1Mqg4aoalqOqSEns1zcaprmvSd4YGDXvU+XCYWiXu3qO4QhOFonLqCiVubUgJg5YgWAs9dIbup6zfzQ3ldakFriSE4k800G7fG0X0NIEv5ToKojR6HbrNb4WmsgLoXeApvWeK-XgY8ytKKuJbYMEAkwyYEISqMB3n9JFITosM6Torcf4OBgD-JAf9pChEAd8VEn9kDyhgFoYYvw7YP0-q3fQWoYArSBJaQ0jBf4hmIDA4BBDGgwFhqXVuIwDA7z3lgzkDgzRLwSIGaQBs0jwGGMDHutcg6l3tDgkMLphjjywJtbapc-QBmDE6MMCAPZRidqXIhTpV6d14aDJe09ExamACgLWddS7MJkH0awaAUAe2MbtXRq1kxIEvjY+GPs8z40LNIYskwUBL0rLmCUbpBYNibEvVQw4EDq01tIfug8J5QGUV9coqdhi4GWunBOqhrFBwQXtJwB16RHTBttHJud86OMLoMYuV8nY5LsRgJOOShGOhgW6cJEiTqjCJPTDobpGRmmqdgUQAQToQOGXNAARCHWs4yAA04z45u0ybM8Z7QkjLJRIyXAPhxnrWwAEQgUApkPTOGbNAvxcAyBQM8Vw9g+hFBOpORM8hfwrnXFuXc+4jyngvNeW895HxPmwJoD8shnl-gAsBUCEEoIwTgghJCqF0KMCAA
3107357016	https://api.bounceexchange.com/bounce/reloadCampaigns.js?wklzs=2115&wklz=C4ewVgigvAZgrgOwMbAJYgQMhQZygRgDYBWfAdgA4AWYgBkPyv02AC8QoqAmWzAdwCmAIxypgAgPqoAJgTK0AnJgBOAnCAA2cNBigVKAD2rEVAmAOWrlUbAEMNG1AgDmEuMo1QAFsGAAHHABSAGYAQUCuADEIyLQAWwEAOiQQOJjiBSpKBWCYvi9bYABaFIQcNGBtNSLbIrjbHBwinC8QEDQXGMwAN1RRYAkUkABrVAEoQLIAIQiuDT9ZkPCuLh9-IK5iMIjiKJ2o+KSUtM2ohjJg-FoqfcitDVrpWtENbtrgZVsypGVUJFsQLdFlwAMKzZSLbYrYFglY4ATOSHhYgzYgAEUmaOwbVG40mMxW3SR+Nmby0kicg1symASNoEVhXFUMAkfgsonKxOh3MZODgQjiYnE0gkGH6AiRMHs8IZswE-z8EnhAgQEl6-Ul0oloNmGhAzmcAhFTk1GhlOpWhzc8OUEgQ7Qkets0iNdNlKyewHstgAnhYJKpnT6kR84NrGXqDUapKqYKptVwllKzeHZnyBULo8AvJIhL8zKbzbz+YLfNGNAJneyvKgFtCwsmZWQMRauNJnJFUMpygAZEDOkPKMPu1bU6QASRbiahKwoGgAEiAAKrEAAqAFF8MAuAYAJoADXXAClVxQAEoUPzKCCRHAABRhaZAMGAk65s40FD4PYAsiD51M44ANJCJEcCsOOu5wLYu5ngAcqER6RPSPKzDA3S0vWoREKQlA0LQxAjr00hIjh5DUFQwRUBQhCELQZBkCOAJuq28zvmsAQ7FCuzRKcsSoAkySpLc5yXNctz3I8zyoK87yfN8vz-ICfGPisDQsYy3R+ESWE3K2JFYbMBmJq2EKGdyJmMkgGGkSQ5FUJRem8jItkjs4PxInRI4nNOoQoYy0gueZXCEAoWy7OQwQKBQijRcEhDcKpcw2VhZF4XQhGtv8cR+LYqDOGUxLTLM5AEQxKG+SShI6b5-m6ilvlpRRwSEc2I6lcQlCZZVxXVUiln1ZhjV2XhlEKJiE3Nj01I4AA2mIAhxDgMZUjSAC6UC8G83azWSYYrf862bdNO3EQIICsg8PpOM4G2NgIJ1zcyrLsn0wAbY9s04H4YogN2NaKleagqu9UCBTgthCBW0ifemOA-KgQhZiATw+htpyw-y8O-EjIrZn0EiCAIwwbfgDKUcw21zblhoSF6t2wFqn005IwA+myG3UmgSAVp9eaVtIPxwHEQh3UzVOzVzfwVoMDyNGLKafdIMCKsoUMgEgJNg30kPQ3ztiazAMkaBILp+HqPoJAgoOfVaGBKgtCvwp9-ziM4f1o4zisS+mpbCqKZSO17zsS1LPOSAgtgJE7D2hzS0uSK7CIezHLsYOI1tUm7KfB7HM2zfKtiKsqqrqmIqcS5GhrGqqV5OKD92fVX0ZOBX+eqK4fD2CbQPwtbG0CAYuUIC6MMS+bvr+k6o9tztzc16b+ViPYs-U76XcOGqfSIxWq+zaURvKPUOi17Yhp70gOaayA2isopAh7xoPrc8t8LOFboM4HEAwIAIfDurQbuACEjiFtFwO07QO7ANsHAYBAhQESGCBAj4CIAEuilHADQAwvj2zfgAju6BVRwGWv8BAcCEH4GQVAi0tB6hwDHu3BEgwMCH2PoQ1kZ8H650+nEH0EgDYpEQAMXuIM95WmIf6e0Axp5Gg2ltfOnpvR+ltIGaQntQx5x2iA-0G8e6qD7g3cW+d54rWADALWjdQ6026BYVAMBPaWOMfqauK04wCC4Y4navtMx4xzBIPMYwYB728WWEUFYqz-VrHvZQ-ZpDq01hIQew8Z5QA0Wna2INBhLSzsnZQDimZDFxHTNojpqSGm4UIPwx14FVNmgAIjDhWOpAAaOpSd3Z5JaXU1oCQunwmpJfOpa1MB+GAHgRpD1jjm1QF8JAkgYAPGcDYboBRjraRkJwFQWD2bjG+r9SJgN9Eg2aXDBGuNimoxOVjM5WYazLSJsMZpLM6Y7OacrVW8THkd0Jt3O+wNrbNKfi-JUCIP5vJVgGT5WzI4JCgNtGZUMHoFGUMaWQXA5yLhXBuLcO4DzHlPBeK8N57yYHUC+KQaK5xfl-P+QCIEwIQSgjBeCiFkJAA
558611237	https://api.bounceexchange.com/bounce/reloadCampaigns.js?wklzs=2122&wklz=C4ewVgigvAZgrgOwMbAJYgQMhQZygRgDYBWfAdgA4AWYgBjPyoCZNgAvEKZ2zAdwFMARjlTB+AfVQATAmVoBOTACd+OEABs4aDFAqUAHtWLL+MfkpVKo2AIbr1qBAHNxcJeqgALYMAAOOAFIAZgBBAKYAMXCItABbfgA6JBBY6OJ5Kkp5IOjeTxtgAFpkhBw0YC1VQptC2JscHEKcTxAQNGdozAA3VBFgcWSQAGtUfigAsgAhcKZ1XxngsKYmbz9ApmJQ8OJI7ci4xOTUjcjCciD8Wio9iM11GqkakXUumuAlG1KkJVQkGxAbgsmABhGZKBZbZZA0HLHD8JwQsLEabEAAiE1R2FaIzGE2myy6iLxM1emgkjgGNiUwERtHCMKYKhg4l85hEZSJUK5DJwcEEsVEYik4gwfX4iJgdjh9Jm-D+vnEcP4CHEPT6Eql4pBM3UICcTn4wscGvU0u1ywOrjhSnECDa4l1NikhtpMuWj2AdhsAE9zOIVE7vYj3nAtQzdfrDZIVTAVFqmItJaawzNefzBVHgJ4JIIfqYTWaeXyBT4o+p+E62Z5UPMoaEk9KyOjzUwpE4IqglGUADIgJ3BpSht0rKlSACSzYTkOWFHUAAkQABVYgAFQAovhgEx9ABNAAaa4AUiuKAAlCi+JQQCI4AAK0NTIBgwAnnJn6govG7AFlgXPJmOADSggRHAbBjjucA2Dup4AHIhIeER0tyMwwF0NJ1iERCkJQNC0MQw49FIiLYeQ1BUEEVAUIQhD0GQw7-K6LZzG+qz+NskI7FEJwxKg8RJCkNxnGQFxXDcdwPE8qAvG8HxfD8fwAjxD7LPUTEMl0viEph1wtsRmEzPpCYtuCBlcsZDJIOhJEkGRVAUbpPLSCR9Etk43yIrRw7HFOITIQyUjOWZTCEPImw7Oc8gUAoUVBIQzAqbM1mYaRuF0ARLZ-LEvg2KgTilESUwzOQ+FkHIhX4kwXTab5-k6slvmpeRQQEU2w4lcQlAZb5xIEjViwWfVGGNbZuEUfIGKTU23RUjgADaoj8LEODRpS1IALpQDwrxdnNpKhqtfwbVtM27UR-AgCy9zeo4TibQ2-CnfNTIsmyvTAJtT1zTgviiiAXbVgql6qMqH1QIFOA2II5ZSF9aY4N8qCCJmICPN6m0nHDfIIz8yPClmvTiAI-BDJt+D0hR+BfTlBriJ6d3WDt800xIwDeqym1UmgSDll9uYVlI3xwLEgj3ZqX1c785YDPcDRi8mX1SDACpKNDIBIKT4O9FDMN8zYGswNJ6jiM6vi6t68QIGDX2WhgiqLfLcJfX8YhOP96OwOLTPfcWGbCqKDuewr3uSzzEgIDY8SO49IfUlLEgu-C7vR87GBiFblKu8nQdO97co2AqSoqmqogp97EYGkaKqXo4YMPV9FdRo4ZezXNKguLwdjG8DcJW5t-D6DlCDOrD3tmz6fqOiPLe7Y3Vcm3loh2DPzM+p39iqr0SPlivc0lIbSh1No1c2Aau9INmGsgFoLIKfwu-qN63MrXCTiW2DOCxP0CD8Lwbq0F3f+8QxA2iYLaNo7cgE2DgEA-gIDxBBHAe8eE-9nSSjgOofonw7av3-u3dAKo4ArT+AgWB8D8BIMgeaWgdQ4Cj1bu3AYGAD5HwISyU+98c4x1brEb04h9bJEQP0HuoNd6WiIX6O0-Qp6Gk2ttVuHovS+htAGKQHsQzcN2sAv069u4qF7nXL2rc56rWADATW9cQ60y6OYVAMAPaWOMXqSuq1Yz8E4Y43aaYSxCjptmcQuZRgwF3t4v2DoBZVhrLvJQfYpBqw1uIAeQ9p5QA0anK2oMBjLUzknJQHtFwJAAMoJCxMMUYdNWgOipAaLhmBBC+BOnAhpc0ABEodywtIADQtMTm7PJXSWktHiAMuEVIL4tPWpgXwwA8DtMekcM2qBPhIAkDAe4ThrBK18HNTaxAKBBDIEwZg8gQqYC2TsqA6QqD4CCPIQ5FwznKwuXQfAYU7m0Git0fIJ0tLSC4MoTB7MxgszpqfTpJR079CQNk3p7sAUR3iFAHaSzoaPXyEoI0MgmCzgXMudcm5tz7iPCec8l5rx3kwGoZ8kgsWzk-D+P8AFgKgXApBaCcEEJISAA
2063080099	https://time.com/6170100/starbucks-sued-labor-baord/
1004098200	https://ads.rubiconproject.com/prebid/creative.js
209373597	noname17657360763043967622
1737707981	noname1413992025514758922
1453783241	https://z.moatads.com/nativo483ETsY34/moatad.js?moatClientLevel1=34211&moatClientLevel2=173953&moatClientLevel3=474769&moatClientLevel4=5384909&moatClientSlicer1=8211&moatClientSlicer2=1142858&ntvDomSearch=ntv1142858-474769-29329
3662682946	https://z.moatads.com/mindgruvedcmdisplay687319393800/moatad.js
2358124206	eval8697690945795323967
2959161338	eval13251424323097134507
2694384120	eval17614679531437392182
1606145883	https://tps.doubleverify.com/visit.js?gdpr=&gdpr_consent=&flvr=0&ttmms=663&ttfrms=70&brid=97&bridua=3&bds=1&tstype=2&eparams=DC4FC%3Dl9EEADTbpTauTauE%3A%3E6%5D4%40%3ETaue%60f_%60__TauDE2C3F4%3CD%5CDF65%5C%3D23%40C%5C32%40C5TauU2%3F4r92%3A%3Fl9EEADTbpTauTauE%3A%3E6%5D4%40%3ETar9EEADTbpTauTauE%3A%3E6%5D4%40%3E&srcurlD=0&aUrlD=0&ssl=https:&uid=1651784507415948&jsCallback=dvCallback_1651784507415891&dvtagver=6.1.src&navUa=Mozilla%2F5.0%20(Macintosh%3B%20Intel%20Mac%20OS%20X%2010_15_7)%20AppleWebKit%2F537.36%20(KHTML%2C%20like%20Gecko)%20Chrome%2F101.0.4940.0%20Safari%2F537.36&htmlmsging=1&chro=1&hist=2&winh=900&winw=1200&wouh=845&wouw=878&scah=892&scaw=1859&jsver=2678&tgjsver=2678&lvvn=28&m1=15&refD=1&referrer=https%3A%2F%2Ftime.com%2F6170100%2Fstarbucks-sued-labor-baord%2F&fwc=2&fcl=2937&flt=0&fec=1390&fcifrms=29&brh=2&sdf=2&dvp_epl=184&noc=10&ctx=21226187&cmp=DV648465&btreg=5834815365138371842159&btadsrv=5834815365138371842159&adsrv=104&unit=1x1&seltag=1&sadv=5092318077&ord=2938295751&litm=5834815365&scrt=138371842159&splc=/21801468956/tim.mdp.com/business/article&adu=22356531705&spos=1&c1=business&c2=ad-300x600_300x250_160x600_LL_1&c3=article&errorURL=https://tps.doubleverify.com/visit.jpg&mib=0&dvp_scripthash=1&t2te=0&dvp_rcp=2&dvp_htec=1&dvp_seem=2&dvp_tuk=1&dvp_sukv=185314624353.5692&dvp_tukv=4222316.695831106&dvp_uuid=44791492.90549806&dvp_tuid=1636652107307
369314721	https://api.bounceexchange.com/bounce/init1.js?wklzs=2053&wklz=C4ewVgigvArgdgEwKYDMCWckIGQGNgDOUAjAGwCsxA7ABwAs5ADDYwEznbABeIUdrjbAHckAIwJpgSAPpoEJKowCc2AE5ICIADYxgaEHCg1aAD3od1KJKvWqoeAIZatGAObSYqrVAAWwYAAOBACkAMwAgsGsAGJR0XoAtkgAdLggCXGk1IzEjIxxBMAOqqIwuADWBAC0BDBYVVoOoiCqVaIOLQhx2ABuaBLA0mkg5WhIUMFUAEJRrFoBs2GRrKx+gSHsEVHkMdsxiSlpGewxWVShuXR70TqNVQgONWhaPY-Aqg5wBLiqaLgd10WrAAwrNVIstisgaCVgQkK4IZFyDNyAARSaovAgEZjCbTWY9RGTGYrV46GQYIbFYCI-IgsGoaQBawSQpEqEcmGsWqiBKSKQIaQGAZIREoJxwqJcpD-ALSOFIODSPoDMUS0X0lZaECuVxYWRwNVaSWa1gHDxw1TSOAgQbahzILpQiJ0rkPIqNACe1mk6gdnsR7zqUtm2t1+spKHUGtYS3Fxo1XJ5fP8+uAPhkol+qCNJqTMF5-P1WiQDpZPjQC2d4Xjkqo6NNCFc0TQqkKABkQA7A6pg6afMUEABJBuxyErGhaAASIAAquQACoAUWIwFYJgAmgANJcAKQXNAASjQAqoINECAAFaGzTQoYAj9kTrQ0ITtgCywKnUyHAGlRNEMBcEOG4wA4G6HgAcuEu7RHSsamigPQ0tWZCULQdB0FQCFcn0TpjuEaHUPQdChHQNCkKQjBUFQIYrAC1auqGVYEbMaxBNskI7LEJzxGgSSpOk1xnBcjBXLxtyPA8TwvG8HxfD8fwMdxN70RsBFMaSASEtWoR0aw+FLLMhmmuC1ZAjhsy4MhiJERhpHiUmci2Y5syuD8iJUfpxwafpCDOeZKykEo5ChDs1ChEoLBKFFoSkPwqlzDZqEUMRmHYfp-wJAEDhoK4XxEviKzZOQNHwUZRWsD0Om+aaLwoQRdkkWFGL6SVtDkIVJJVTVSyWVqyWNal9mRa19YYr0xQEAA2pISAJAQBpUqowAALpQIIrxttNZJ1Et-wretm1TTtchICATJem4621kgk3bZYTIsv0a32FtM0EAEwotAQFZyqeGiKq9-kEE0JY4O9008t8vyiGmIAPJ661hRwkPQ4pcOCum-TSCISDlOtxBSgIx3bTlerSEUrg3eq90zeTMjAJ6zLrdSfwlnT01ZqWCA-DACSiDTCac2zuAlkMjQEAQQtwpzCAoHKJTahU60g2DWCc+0FToM40jIAE2qekkcCvZz5oGPKc0y3dkP-FIrgtEjUC3ZzyZFoKwpW87tOQ6L4twA4STWyLK3szIdvwo7we2wYUgm1S9tR97wuQzKDhygqSoqpI0cnWGeqCpSp4YK9LuQ-nEZwLnD3wrjThaEy6hwib61ICYOWIBrkMGw43pWvajrVzNFeF0q-muJIThD9NOWekI9fKv0aCiCW09pHA6CqAkDh6BbDNrxmFQgLojd-Eg09aJ6ei4ItcKuMbr0EAkgyYEIdGMPX79JFIVqsNatrqARJqRg28YBfyQD-aQoR-7vHhO-ZA4oYBaEGJ8C2d936AP0EqGAi1-iGmAd-H0xAYGAK-g4GAEMTqAKGAYTe29d5Kn3snWWkMEiemkA4XAaR4CDABs3UuPsTrmhwT6G0douyDw2nLHeThe4+j9AgJ2QYbYnUIVaeeus+FAwvjqAuS1gAoAJswlR20HAUx6NYNAKAnZlzzroyu0goxIHPsY12BYUwCkphmaQWYxgoGnm7VMgoSxljbH9aeqgJErxABUaQbcO6SOUZzdecdBi4AWgnSOqgbE+wQTtJwe1KQHVeptPJacM7OKzkvARKc8kjwNNHPJwjLQwOkAPLAR0sQ4kZtiNpxQ9SuNEAEKREDhnTQAER+yQOMgANOMiODtsmzPGT4dI0y5lwmKLgHw4zVrYACIQKAUysTZRcJ8XAMgUCNFcG9AcUiByqELvIVgk4ZzzmXKudc249wHmPKec8V5sB3kGHIKALyXxvk-N+P8AEgIgTAhBaCsFGBAA
415745178	https://api.bounceexchange.com/bounce/reloadCampaigns.js?wklzs=2119&wklz=C4ewVgigvAZgrgOwMbAJYgQMhQZygRgDYBWfAdgA4AWYgBguIrM2AC8QoqAmWzAdwCmAIxypgAgPqoAJgTK0AnJgBOAnCAA2cNBihMKAD2rEVAmAOWrlUbAEMNG1AgDmEuMo1QAFsGAAHHABSAGYAQUCuADEIyLQAWwEAOiQQOJjCclp8WloYnGBbZSE4JABrHABaHDgBaQqNWyEQZQqhW2bpGMwAN1RRYAkUkFLUAShAsgAhCK4NPxmQ8K4uH38grmIwiOIo7aj4pJS0jaiMsmDsqj3IrQaK6Vsq1A1ux+BlWwQcJGVUJHbrgsuABhGbKBZbZZA0HLHACZwQ8LEabEAAiE1R2BAw1G4ymM26iIm02Wry0kicg0KwERuRBYLMEj8FlE+SJUI5MK41SEcTE4mkEgw-QEiJg9jhES5An+fgkcIECAkvX6Yolovpyw0IGczlqUgQao0ks1XAObjhygkCBAA21tmktVpUpmDwKDQAnhYJKoHR7Ee8ai6tTq9YLKTBVBquItxcaNVyeXzfPrgF5JEJfmYjSbE3Befz9RoBA6WV5UPMoWE45KyOjTdJnJFUMp8gAZEAOgPKIOmryFaQASXrMchywoGgAEiAAKrEAAqAFF8MAuAYAJoADUXACl5xQAEoUPzKCCRHAABWhM3UMGAw-Z440FD4bYAssDJ5NBwBpISROBWEHdc4FsdcDwAOVCHdIjpGNTRgboaSrUIiFISgaHoYMuF6ToULQ8hqCoYIqAoQhCFoMgyGwgEULpLk5kfVYAm2SEdmiE5YlQBJklSa4zguWgrk425HgeJ4XjeD4vh+P5aPY69llsdZR1CeiCT8QkUOErk8NU11FK4cEUKBeCuSQJDEQIjDiJ0m8ZCswhsOcH5EQo7DjlU9TlmkByTOWQgFE2HZyGCBQKEUcLgkIbhDJeZDVOs4wsNNf44j8WxUGcL4iXxZZMmIKi4MWYkCS0rzsPixz0KI4JiAxbCCsoeqTLynDysWMyZiq-CSEIqhiIUBq6wxHpChwABtMQBDiHADSpZRgAAXSgXhXlbCayRqeb-kWla1vGzaZAEEAmU9JxnBWmsBDGjbVBgJkWT6ZabHWyacD8YVmhwcs5RPNRFRe3ycEaYtpFu9782+X4hFTEAHg9Fa6pMN6Jp5aHUFhwU0z6CRBAEUoVvwKUeAOjaMr1CQCku2B1QhiaKckYAPWZFbqT+Yt6czEtpB+OA4iEK66dR9mkGLQYGhwHAhfjenpBgOUim1MoVuB0Hai52wyhgZ4NAkR0-G1D0EgQF76fNDB5WmmW4Xp-5xGcZpEdp2XUaTQtBWFa2XdtkXFo5yQEFsBIbZuv20DFyR7fhJ3Q7tjBxFNqkHdjn2w8OmVbDlBUlRVMQ49R7VdX1SkTycF7rvpouwwNAvDtUVw+HsPX-rhU2VoEAwMoQR1wdRw3bC9K17V7uuNurkulV85wxHsMfJoyj0m4cZU+kx4t54mlIEB15Q4lsHQlUZzekHTMoQG0JlfiQARN40D0I7muFnBNl6cDiAYEAEPhg1oZvf4SOIK0XBrS2gbgA2wcAAECCARIYIoD3jwl-o6cUcANADE+JbZ+v8G7oCVHAOa-xDSaloIA70+AEHgJIfvOAfd67wkGBgXe+9D5MlsHqTecQPQSC1ikRAAxW6A03uaAh3obR2k7KPVacsD72EHt6X00hnaBnThtMhVpl4t1UG3CuwtDoT3DEqYAMBCZp3puwyQ3QLCoBgM7SuhdQyTwkJGAQt8zFu3zMmAUVN0wSEzKMGAm93YpkFMWUsrZfqb2UJIoQytSgSE7t3KRKj46m0BoMWaycY7KDsXTIYIwmbYgkA0ZQeozFCD8NImBlSJoACJRbFlqQAGlqdHR2OTmm1K8KkAQnS4SFFPrUpamA-DADwA0m6RxDaoE+DfZxDRnCvX7NIzSMhOAqHQSzMYH0voRIrFfAGpsmno1kljKm8NB7HKhqc1M5Y5r41KE0xmVMtlNPlorWJIAyhNIbnjZuBydFNPvo-eU8JX5vIVj6T5ZQNlBwSFAdaMzYk3X7MocMsguATmnHOJcK41xbl3PuI8J4zyXkwLeAYazMXPlfB+L8v5-yAWAqBcCUEYK0CAA
507030692	https://api.bounceexchange.com/bounce/reloadCampaigns.js?wklzs=2117&wklz=C4ewVgigvAZgrgOwMbAJYgQMhQZygRgDYBWfAdgA4AWYgBgE5iLDNgAvEKKgJlswHcApgCMcqYIID6qACYEyDTACdBOEABs4aDFAqUAHtWLLBMQUpVKo2AIbr1qBAHNJcJeqgALYMAAOOAFIAZgBBAO4AMXCItABbQQA6JBBY6MJyWnxaWmicYBslYTgkAGscAFocOEEZcvUbYRAlcuEbJplozAA3VDFgSWSQEtRBKACyACFw7nVfaeCw7m5vP0DuYlDw4kityLjE5NT1yPSyIKyqXYjNevKZG0rUdS6H4CUbBBwkJVQkNqv5twAMLTJTzTZLQEgpY4QROcFhYhTYgAEXGKOwICGIzGk2mXQR4ymSxemikjgGBWACJywNBpkkvnMYjyhMh7Oh3Cqwli4gkMkkGD6ggRMDssPCnMEf18klhggQkh6fVF4pFdKW6hATicNWkCFV6glGu4+1csKUkgQIH6WpsMhqNMl03u+XqAE9zJIVPb3Qi3tVnZrtbqBRSYCp1dwFmKjerOdzeT49cBPFJhD9TIbjQm4Dy+Xr1IJ7czPKg5pDQrGJWQ0SaZE4IqglHkADIge3+pSBk2eAoyACSdejEKWFHUAAkQABVYgAFQAovhgNx9ABNAAaC4AUnOKAAlCi+JQQCI4AAKUOmahgwCHbLH6go-FbAFkgROJgOANLCCJwNgBzXOAbDXfcADkQm3CJaWjE0YC6alKxCIhSEoGhaAoINuB6DpkNQ8hqCoIIqGYQhaDIMhsP+ZDaU5WYHxWfwtghbYomOGJUHiJIUiuU5zloS4OJuB57keZ5XneT5vl+Gi2KvJYbDWEcQjo-FfAJZChM5PCVJdBTuDBZDATgzkkEQhECPQ4jtOvWRLKok0nG+BFyOwo4VLUpYZHs4ylkIRggm2cggnoCgGDCoJCB4AzniQlSrKMTDsL+WJfBsVAnE+Qk8SWDJiEo2CFiJfFNM87C4sskhCKoYjiHRbD8soerjNynCyoWUzpkq-Dqus0KGtrdFugKHAAG1xEEWIcH1SklGAABdKA+BeFsxtJapZr+ealpW0b1tkQQQEZD1HCcJbq0EEa1pUGBGWZXpFusVbxpwXwhSaHAy1lY9VAVJ6fJwBoixka7XrzL4fmEFMQHud0lqC4wXrG7lIdQaGBVTXpJCEQQSiW-BJV4Pa1vS3VJHyc7nv2smpGAd0mSWqlfiLMGxozYsZG+OBYmEC61TZ5mkCLAZ6hwHB+bjNmZBgWVCi1UolsB4GajZ1pShgJ51EkB1fC1d14gQJ62bNDA5UmyXYTZv4JCcJp4dgAXkcTAsBSFC3Hal5GhZFhAbHiS2ru9+aWakG24XtwPrYwCQjcpW3I89q3kelGxZXlRVlXEKPka1HU9QpY9HCey62bz0N9Rz-aVBcfg7G137YSNpbBH0dKEAdUHkb1mxPUtO1O6rtby4LxUfKccQ7CH8b0vdOv7CVXp0aLaexuSBBNaUWIbG0RVadXpA01KEAtEZH4kEEVf1HdNAkBm2EnENp6cFifoEEEfgg1oeuv-iCRLW4FaG0Ndf42DgL-QQ-9JBBCAW8OEX8HRijgOofoHwzYPy-jXdAio4AzT+AaDUtA-5enwLAkBhDt5wC7tXOEAwMCb23rvRkNhdSr1iO6SQNgkDJEQP0Ru-1V5mlwV6a0toOyD2WtLHedhe5eh9DIB2AYg77WIZaeeDcVBNxLk7faI8wyKmADAfGSdlFrRYVILo5hUAwAdqXXOIZR6SAjIIS+Ji2Yu2TJjNMkgMwjBgKvDx-JJBFhLC2b6q8lDiOEArEokhW7twkUo6ORt-oDGmvHCOSgHYTFwY4VQOBMTYjpliYJBRdRuOEL4SRkCqljQAEQ+0EHUgANHU8OdssktLqZ4FITTWmwgKIfOpC1MC+GAHgRpmI0oOA+BfJx9QnDWBlr4MaS0mBBG4GQKg+B1mYGWasqA6yyDcB4PQbgLB9lrMyIwegChwp7Nlgc9ZpEdlRSRn2SRGlZBcGUCghmoxaYUxYc09esd+hIHSe0+2vy-bxCgKtVAKtMB9iUGGOQ3BxxTlnIuZcq5Nw7j3IeY8p4LyYBvP0b5GKnwvnfJ+H8f4AJARAmBSC0FaBAA
